\BOOKMARK [1][]{section.1}{1 Inhalt}{}% 1
\BOOKMARK [2][]{subsection.2}{1.1 Versionierung}{section.1}% 2
\BOOKMARK [1][]{section.3}{2 Zahlen}{}% 3
\BOOKMARK [2][]{subsection.4}{2.1 Zahlbereiche}{section.3}% 4
\BOOKMARK [3][]{subsubsection.5}{2.1.1 Nat\374rliche Zahlen}{subsection.4}% 5
\BOOKMARK [3][]{subsubsection.6}{2.1.2 Ganze Zahlen}{subsection.4}% 6
\BOOKMARK [3][]{subsubsection.7}{2.1.3 Rationale Zahlen}{subsection.4}% 7
\BOOKMARK [3][]{subsubsection.8}{2.1.4 Reelle Zahlen}{subsection.4}% 8
\BOOKMARK [3][]{subsubsection.9}{2.1.5 Komplexe Zahlen}{subsection.4}% 9
\BOOKMARK [2][]{subsection.10}{2.2 Algebraische Strukturen}{section.3}% 10
\BOOKMARK [3][]{subsubsection.11}{2.2.1 Gruppe}{subsection.10}% 11
\BOOKMARK [3][]{subsubsection.15}{2.2.2 Ring}{subsection.10}% 12
\BOOKMARK [3][]{subsubsection.16}{2.2.3 K\366rper}{subsection.10}% 13
\BOOKMARK [2][]{subsection.19}{2.3 Komplexe Zahlen}{section.3}% 14
\BOOKMARK [1][]{section.21}{3 Integralberechnung}{}% 15
\BOOKMARK [2][]{subsection.22}{3.1 Unbestimmtes Integral}{section.21}% 16
\BOOKMARK [2][]{subsection.24}{3.2 Bestimmtes Integral}{section.21}% 17
\BOOKMARK [2][]{subsection.26}{3.3 Partielle Integration}{section.21}% 18
\BOOKMARK [2][]{subsection.28}{3.4 Integration durch Substitution}{section.21}% 19
\BOOKMARK [3][]{subsubsection.30}{3.4.1 Spezialfall}{subsection.28}% 20
\BOOKMARK [2][]{subsection.32}{3.5 Gerade/Ungerade Funktionen}{section.21}% 21
\BOOKMARK [2][]{subsection.34}{3.6 Beispiele}{section.21}% 22
\BOOKMARK [3][]{subsubsection.35}{3.6.1 12 ln\(t\)t dt}{subsection.34}% 23
\BOOKMARK [3][]{subsubsection.37}{3.6.2 012 tan\(t\) dt}{subsection.34}% 24
\BOOKMARK [3][]{subsubsection.39}{3.6.3 4xe-x dx}{subsection.34}% 25
\BOOKMARK [3][]{subsubsection.41}{3.6.4 0\(x+3\)cos\(2x\) dx\)}{subsection.34}% 26
\BOOKMARK [3][]{subsubsection.43}{3.6.5 cos2\(x\)dx}{subsection.34}% 27
\BOOKMARK [3][]{subsubsection.45}{3.6.6 01 x arctan\(x\) dx}{subsection.34}% 28
\BOOKMARK [3][]{subsubsection.47}{3.6.7 3x2+2x3+2x+1dx}{subsection.34}% 29
\BOOKMARK [3][]{subsubsection.49}{3.6.8 cos\(x\) e3sin\(x\)dx}{subsection.34}% 30
\BOOKMARK [3][]{subsubsection.51}{3.6.9 1\(2+x\) 1+xdx}{subsection.34}% 31
\BOOKMARK [3][]{subsubsection.53}{3.6.10 4+x2 \040dx}{subsection.34}% 32
\BOOKMARK [3][]{subsubsection.55}{3.6.11 -33 1+ex2 *\(sin\(x\)3dx}{subsection.34}% 33
\BOOKMARK [2][]{subsection.57}{3.7 Allgemeines zur Integration}{section.21}% 34
\BOOKMARK [3][]{subsubsection.58}{3.7.1 Riemann Integrierbarkeit}{subsection.57}% 35
\BOOKMARK [3][]{subsubsection.74}{3.7.2 MWS der Integralrechnung}{subsection.57}% 36
\BOOKMARK [3][]{subsubsection.75}{3.7.3 Hauptsatz der Differential- und Integralrechnung}{subsection.57}% 37
\BOOKMARK [3][]{subsubsection.76}{3.7.4 Anwendungen}{subsection.57}% 38
\BOOKMARK [1][]{section.79}{4 Anh\344nge}{}% 39
\BOOKMARK [2][]{subsection.80}{4.1 Formelverzeichnis}{section.79}% 40
\BOOKMARK [1][]{section.81}{5 Literatur}{}% 41
