This is pdfTeX, Version 3.14159265-2.6-1.40.19 (TeX Live 2018/Arch Linux) (preloaded format=pdflatex 2018.11.15)  15 NOV 2018 00:21
entering extended mode
 restricted \write18 enabled.
 %&-line parsing enabled.
**HM12_Zusammenfassung_01.tex
(./HM12_Zusammenfassung_01.tex
LaTeX2e <2018-04-01> patch level 5
(/usr/share/texmf-dist/tex/latex/base/article.cls
Document Class: article 2014/09/29 v1.4h Standard LaTeX document class
(/usr/share/texmf-dist/tex/latex/base/size12.clo
File: size12.clo 2014/09/29 v1.4h Standard LaTeX file (size option)
)
\c@part=\count80
\c@section=\count81
\c@subsection=\count82
\c@subsubsection=\count83
\c@paragraph=\count84
\c@subparagraph=\count85
\c@figure=\count86
\c@table=\count87
\abovecaptionskip=\skip41
\belowcaptionskip=\skip42
\bibindent=\dimen102
)
(/usr/share/texmf-dist/tex/latex/geometry/geometry.sty
Package: geometry 2018/04/16 v5.8 Page Geometry

(/usr/share/texmf-dist/tex/latex/graphics/keyval.sty
Package: keyval 2014/10/28 v1.15 key=value parser (DPC)
\KV@toks@=\toks14
)
(/usr/share/texmf-dist/tex/generic/oberdiek/ifpdf.sty
Package: ifpdf 2017/03/15 v3.2 Provides the ifpdf switch
)
(/usr/share/texmf-dist/tex/generic/oberdiek/ifvtex.sty
Package: ifvtex 2016/05/16 v1.6 Detect VTeX and its facilities (HO)
Package ifvtex Info: VTeX not detected.
)
(/usr/share/texmf-dist/tex/generic/ifxetex/ifxetex.sty
Package: ifxetex 2010/09/12 v0.6 Provides ifxetex conditional
)
\Gm@cnth=\count88
\Gm@cntv=\count89
\c@Gm@tempcnt=\count90
\Gm@bindingoffset=\dimen103
\Gm@wd@mp=\dimen104
\Gm@odd@mp=\dimen105
\Gm@even@mp=\dimen106
\Gm@layoutwidth=\dimen107
\Gm@layoutheight=\dimen108
\Gm@layouthoffset=\dimen109
\Gm@layoutvoffset=\dimen110
\Gm@dimlist=\toks15
)
(/usr/share/texmf-dist/tex/latex/lipsum/lipsum.sty
Package: lipsum 2014/07/27 v1.3 150 paragraphs of Lorem Ipsum dummy text
\c@lips@count=\count91
)
(/usr/share/texmf-dist/tex/latex/base/fontenc.sty
Package: fontenc 2017/04/05 v2.0i Standard LaTeX package

(/usr/share/texmf-dist/tex/latex/base/t1enc.def
File: t1enc.def 2017/04/05 v2.0i Standard LaTeX file
LaTeX Font Info:    Redeclaring font encoding T1 on input line 48.
))
(/usr/share/texmf-dist/tex/generic/babel/babel.sty
Package: babel 2018/09/02 3.23 The Babel package

(/usr/share/texmf-dist/tex/generic/babel/switch.def
File: switch.def 2018/09/02 3.23 Babel switching mechanism
)
(/usr/share/texmf-dist/tex/generic/babel-german/ngerman.ldf
Language: ngerman 2018/03/29 v2.10 German support for babel (post-1996 orthogra
phy)

(/usr/share/texmf-dist/tex/generic/babel-german/ngermanb.ldf
Language: ngermanb 2018/03/29 v2.10 German support for babel (post-1996 orthogr
aphy)

(/usr/share/texmf-dist/tex/generic/babel/babel.def
File: babel.def 2018/09/02 3.23 Babel common definitions
\babel@savecnt=\count92
\U@D=\dimen111

(/usr/share/texmf-dist/tex/generic/babel/txtbabel.def)
\bbl@dirlevel=\count93
)
Package babel Info: Making " an active character on input line 121.
)))
(/usr/share/texmf-dist/tex/latex/base/inputenc.sty
Package: inputenc 2018/04/06 v1.3b Input encoding file
\inpenc@prehook=\toks16
\inpenc@posthook=\toks17
)
(/usr/share/texmf-dist/tex/latex/xcolor/xcolor.sty
Package: xcolor 2016/05/11 v2.12 LaTeX color extensions (UK)

(/usr/share/texmf-dist/tex/latex/graphics-cfg/color.cfg
File: color.cfg 2016/01/02 v1.6 sample color configuration
)
Package xcolor Info: Driver file: pdftex.def on input line 225.

(/usr/share/texmf-dist/tex/latex/graphics-def/pdftex.def
File: pdftex.def 2018/01/08 v1.0l Graphics/color driver for pdftex
)
Package xcolor Info: Model `cmy' substituted by `cmy0' on input line 1348.
Package xcolor Info: Model `hsb' substituted by `rgb' on input line 1352.
Package xcolor Info: Model `RGB' extended on input line 1364.
Package xcolor Info: Model `HTML' substituted by `rgb' on input line 1366.
Package xcolor Info: Model `Hsb' substituted by `hsb' on input line 1367.
Package xcolor Info: Model `tHsb' substituted by `hsb' on input line 1368.
Package xcolor Info: Model `HSB' substituted by `hsb' on input line 1369.
Package xcolor Info: Model `Gray' substituted by `gray' on input line 1370.
Package xcolor Info: Model `wave' substituted by `hsb' on input line 1371.

(/usr/share/texmf-dist/tex/latex/graphics/dvipsnam.def
File: dvipsnam.def 2016/06/17 v3.0m Driver-dependent file (DPC,SPQR)
))
(/usr/share/texmf-dist/tex/latex/cancel/cancel.sty
Package: cancel 2013/04/12 v2.2 Cancel math terms
)
(/usr/share/texmf-dist/tex/latex/titlesec/titlesec.sty
Package: titlesec 2016/03/21 v2.10.2 Sectioning titles
\ttl@box=\box26
\beforetitleunit=\skip43
\aftertitleunit=\skip44
\ttl@plus=\dimen112
\ttl@minus=\dimen113
\ttl@toksa=\toks18
\titlewidth=\dimen114
\titlewidthlast=\dimen115
\titlewidthfirst=\dimen116
)
(/usr/share/texmf-dist/tex/latex/cite/cite.sty
LaTeX Info: Redefining \cite on input line 302.
LaTeX Info: Redefining \nocite on input line 332.
Package: cite 2015/02/27  v 5.5
)
(/usr/share/texmf-dist/tex/latex/filecontents/filecontents.sty
Package: filecontents 2018/05/30 v1.4 Create an external file from within a LaT
eX document
)
(/usr/share/texmf-dist/tex/latex/tools/tabularx.sty
Package: tabularx 2016/02/03 v2.11b `tabularx' package (DPC)

(/usr/share/texmf-dist/tex/latex/tools/array.sty
Package: array 2018/04/30 v2.4h Tabular extension package (FMi)
\col@sep=\dimen117
\ar@mcellbox=\box27
\extrarowheight=\dimen118
\NC@list=\toks19
\extratabsurround=\skip45
\backup@length=\skip46
\ar@cellbox=\box28
)
\TX@col@width=\dimen119
\TX@old@table=\dimen120
\TX@old@col=\dimen121
\TX@target=\dimen122
\TX@delta=\dimen123
\TX@cols=\count94
\TX@ftn=\toks20
)
(/usr/share/texmf-dist/tex/latex/harvard/harvard.sty
Package: harvard 

(/usr/share/texmf-dist/tex/latex/base/ifthen.sty
Package: ifthen 2014/09/29 v1.1c Standard LaTeX ifthen package (DPC)
))
(/usr/share/texmf-dist/tex/latex/units/units.sty
Package: units 1998/08/04 v0.9b Typesetting units

(/usr/share/texmf-dist/tex/latex/units/nicefrac.sty
Package: nicefrac 1998/08/04 v0.9b Nice fractions
\L@UnitsRaiseDisplaystyle=\skip47
\L@UnitsRaiseTextstyle=\skip48
\L@UnitsRaiseScriptstyle=\skip49
))
(/usr/share/texmf-dist/tex/latex/tools/longtable.sty
Package: longtable 2014/10/28 v4.11 Multi-page Table package (DPC)
\LTleft=\skip50
\LTright=\skip51
\LTpre=\skip52
\LTpost=\skip53
\LTchunksize=\count95
\LTcapwidth=\dimen124
\LT@head=\box29
\LT@firsthead=\box30
\LT@foot=\box31
\LT@lastfoot=\box32
\LT@cols=\count96
\LT@rows=\count97
\c@LT@tables=\count98
\c@LT@chunks=\count99
\LT@p@ftn=\toks21
)
(/usr/share/texmf-dist/tex/latex/chngcntr/chngcntr.sty
Package: chngcntr 2018/04/09 v1.1a change counter resetting
Package chngcntr Info: \counterwithout already defined.
(chngcntr)             Quitting chngcntr on input line 21.
)
(/usr/share/texmf-dist/tex/latex/stmaryrd/stmaryrd.sty
Package: stmaryrd 1994/03/03 St Mary's Road symbol package
\symstmry=\mathgroup4
LaTeX Font Info:    Overwriting symbol font `stmry' in version `bold'
(Font)                  U/stmry/m/n --> U/stmry/b/n on input line 89.
)
(/usr/share/texmf-dist/tex/latex/tocbibind/tocbibind.sty
Package: tocbibind 2010/10/13 v1.5k extra ToC listings
Package tocbibind Info: The document has section divisions on input line 50.


Package tocbibind Note: Using section or other style headings.

) (/usr/share/texmf-dist/tex/latex/tools/calc.sty
Package: calc 2017/05/25 v4.3 Infix arithmetic (KKT,FJ)
\calc@Acount=\count100
\calc@Bcount=\count101
\calc@Adimen=\dimen125
\calc@Bdimen=\dimen126
\calc@Askip=\skip54
\calc@Bskip=\skip55
LaTeX Info: Redefining \setlength on input line 80.
LaTeX Info: Redefining \addtolength on input line 81.
\calc@Ccount=\count102
\calc@Cskip=\skip56
)
(/usr/share/texmf-dist/tex/latex/amsmath/amsmath.sty
Package: amsmath 2017/09/02 v2.17a AMS math features
\@mathmargin=\skip57

For additional information on amsmath, use the `?' option.
(/usr/share/texmf-dist/tex/latex/amsmath/amstext.sty
Package: amstext 2000/06/29 v2.01 AMS text

(/usr/share/texmf-dist/tex/latex/amsmath/amsgen.sty
File: amsgen.sty 1999/11/30 v2.0 generic functions
\@emptytoks=\toks22
\ex@=\dimen127
))
(/usr/share/texmf-dist/tex/latex/amsmath/amsbsy.sty
Package: amsbsy 1999/11/29 v1.2d Bold Symbols
\pmbraise@=\dimen128
)
(/usr/share/texmf-dist/tex/latex/amsmath/amsopn.sty
Package: amsopn 2016/03/08 v2.02 operator names
)
\inf@bad=\count103
LaTeX Info: Redefining \frac on input line 213.
\uproot@=\count104
\leftroot@=\count105
LaTeX Info: Redefining \overline on input line 375.
\classnum@=\count106
\DOTSCASE@=\count107
LaTeX Info: Redefining \ldots on input line 472.
LaTeX Info: Redefining \dots on input line 475.
LaTeX Info: Redefining \cdots on input line 596.
\Mathstrutbox@=\box33
\strutbox@=\box34
\big@size=\dimen129
LaTeX Font Info:    Redeclaring font encoding OML on input line 712.
LaTeX Font Info:    Redeclaring font encoding OMS on input line 713.
\macc@depth=\count108
\c@MaxMatrixCols=\count109
\dotsspace@=\muskip10
\c@parentequation=\count110
\dspbrk@lvl=\count111
\tag@help=\toks23
\row@=\count112
\column@=\count113
\maxfields@=\count114
\andhelp@=\toks24
\eqnshift@=\dimen130
\alignsep@=\dimen131
\tagshift@=\dimen132
\tagwidth@=\dimen133
\totwidth@=\dimen134
\lineht@=\dimen135
\@envbody=\toks25
\multlinegap=\skip58
\multlinetaggap=\skip59
\mathdisplay@stack=\toks26
LaTeX Info: Redefining \[ on input line 2817.
LaTeX Info: Redefining \] on input line 2818.
)
(/usr/share/texmf-dist/tex/latex/amsfonts/amssymb.sty
Package: amssymb 2013/01/14 v3.01 AMS font symbols

(/usr/share/texmf-dist/tex/latex/amsfonts/amsfonts.sty
Package: amsfonts 2013/01/14 v3.01 Basic AMSFonts support
\symAMSa=\mathgroup5
\symAMSb=\mathgroup6
LaTeX Font Info:    Overwriting math alphabet `\mathfrak' in version `bold'
(Font)                  U/euf/m/n --> U/euf/b/n on input line 106.
)
LaTeX Font Info:    Redeclaring math symbol \boxdot on input line 44.
)
(/usr/share/texmf-dist/tex/latex/amscls/amsthm.sty
Package: amsthm 2017/10/31 v2.20.4
\thm@style=\toks27
\thm@bodyfont=\toks28
\thm@headfont=\toks29
\thm@notefont=\toks30
\thm@headpunct=\toks31
\thm@preskip=\skip60
\thm@postskip=\skip61
\thm@headsep=\skip62
\dth@everypar=\toks32
)
(/usr/share/texmf-dist/tex/latex/koma-script/scrpage2.sty
Package: scrpage2 2018/03/30 v3.25 KOMA-Script package (page head and foot)


Package scrpage2 Warning: usage of obsolete package!
(scrpage2)                Package `scrpage2' is obsolete.
(scrpage2)                You should not longer use package `scrpage2'.
(scrpage2)                You should replace usage of package `scrpage2'
(scrpage2)                by `scrlayer-scrpage' on input line 52.

) (/usr/share/texmf-dist/tex/latex/hyperref/hyperref.sty
Package: hyperref 2018/02/06 v6.86b Hypertext links for LaTeX

(/usr/share/texmf-dist/tex/generic/oberdiek/hobsub-hyperref.sty
Package: hobsub-hyperref 2016/05/16 v1.14 Bundle oberdiek, subset hyperref (HO)


(/usr/share/texmf-dist/tex/generic/oberdiek/hobsub-generic.sty
Package: hobsub-generic 2016/05/16 v1.14 Bundle oberdiek, subset generic (HO)
Package: hobsub 2016/05/16 v1.14 Construct package bundles (HO)
Package: infwarerr 2016/05/16 v1.4 Providing info/warning/error messages (HO)
Package: ltxcmds 2016/05/16 v1.23 LaTeX kernel commands for general use (HO)
Package: ifluatex 2016/05/16 v1.4 Provides the ifluatex switch (HO)
Package ifluatex Info: LuaTeX not detected.
Package hobsub Info: Skipping package `ifvtex' (already loaded).
Package: intcalc 2016/05/16 v1.2 Expandable calculations with integers (HO)
Package hobsub Info: Skipping package `ifpdf' (already loaded).
Package: etexcmds 2016/05/16 v1.6 Avoid name clashes with e-TeX commands (HO)
Package etexcmds Info: Could not find \expanded.
(etexcmds)             That can mean that you are not using pdfTeX 1.50 or
(etexcmds)             that some package has redefined \expanded.
(etexcmds)             In the latter case, load this package earlier.
Package: kvsetkeys 2016/05/16 v1.17 Key value parser (HO)
Package: kvdefinekeys 2016/05/16 v1.4 Define keys (HO)
Package: pdftexcmds 2018/01/30 v0.27 Utility functions of pdfTeX for LuaTeX (HO
)
Package pdftexcmds Info: LuaTeX not detected.
Package pdftexcmds Info: \pdf@primitive is available.
Package pdftexcmds Info: \pdf@ifprimitive is available.
Package pdftexcmds Info: \pdfdraftmode found.
Package: pdfescape 2016/05/16 v1.14 Implements pdfTeX's escape features (HO)
Package: bigintcalc 2016/05/16 v1.4 Expandable calculations on big integers (HO
)
Package: bitset 2016/05/16 v1.2 Handle bit-vector datatype (HO)
Package: uniquecounter 2016/05/16 v1.3 Provide unlimited unique counter (HO)
)
Package hobsub Info: Skipping package `hobsub' (already loaded).
Package: letltxmacro 2016/05/16 v1.5 Let assignment for LaTeX macros (HO)
Package: hopatch 2016/05/16 v1.3 Wrapper for package hooks (HO)
Package: xcolor-patch 2016/05/16 xcolor patch
Package: atveryend 2016/05/16 v1.9 Hooks at the very end of document (HO)
Package atveryend Info: \enddocument detected (standard20110627).
Package: atbegshi 2016/06/09 v1.18 At begin shipout hook (HO)
Package: refcount 2016/05/16 v3.5 Data extraction from label references (HO)
Package: hycolor 2016/05/16 v1.8 Color options for hyperref/bookmark (HO)
)
(/usr/share/texmf-dist/tex/latex/oberdiek/auxhook.sty
Package: auxhook 2016/05/16 v1.4 Hooks for auxiliary files (HO)
)
(/usr/share/texmf-dist/tex/latex/oberdiek/kvoptions.sty
Package: kvoptions 2016/05/16 v3.12 Key value format for package options (HO)
)
\@linkdim=\dimen136
\Hy@linkcounter=\count115
\Hy@pagecounter=\count116

(/usr/share/texmf-dist/tex/latex/hyperref/pd1enc.def
File: pd1enc.def 2018/02/06 v6.86b Hyperref: PDFDocEncoding definition (HO)
Now handling font encoding PD1 ...
... no UTF-8 mapping file for font encoding PD1
)
\Hy@SavedSpaceFactor=\count117

(/usr/share/texmf-dist/tex/latex/latexconfig/hyperref.cfg
File: hyperref.cfg 2002/06/06 v1.2 hyperref configuration of TeXLive
)
Package hyperref Info: Option `colorlinks' set `true' on input line 4383.
Package hyperref Info: Option `pdfpagelabels' set `true' on input line 4383.
Package hyperref Info: Option `bookmarksopen' set `true' on input line 4383.
Package hyperref Info: Option `bookmarksnumbered' set `true' on input line 4383
.
Package hyperref Info: Option `plainpages' set `false' on input line 4383.
Package hyperref Info: Option `hypertexnames' set `false' on input line 4383.
Package hyperref Info: Hyper figures OFF on input line 4509.
Package hyperref Info: Link nesting OFF on input line 4514.
Package hyperref Info: Hyper index ON on input line 4517.
Package hyperref Info: Plain pages OFF on input line 4524.
Package hyperref Info: Backreferencing OFF on input line 4529.
Package hyperref Info: Implicit mode ON; LaTeX internals redefined.
Package hyperref Info: Bookmarks ON on input line 4762.
\c@Hy@tempcnt=\count118

(/usr/share/texmf-dist/tex/latex/url/url.sty
\Urlmuskip=\muskip11
Package: url 2013/09/16  ver 3.4  Verb mode for urls, etc.
)
LaTeX Info: Redefining \url on input line 5115.
\XeTeXLinkMargin=\dimen137
\Fld@menulength=\count119
\Field@Width=\dimen138
\Fld@charsize=\dimen139
Package hyperref Info: Hyper figures OFF on input line 6369.
Package hyperref Info: Link nesting OFF on input line 6374.
Package hyperref Info: Hyper index ON on input line 6377.
Package hyperref Info: backreferencing OFF on input line 6384.
Package hyperref Info: Link coloring ON on input line 6387.
Package hyperref Info: Link coloring with OCG OFF on input line 6394.
Package hyperref Info: PDF/A mode OFF on input line 6399.
LaTeX Info: Redefining \ref on input line 6439.
LaTeX Info: Redefining \pageref on input line 6443.
\Hy@abspage=\count120
\c@Item=\count121
\c@Hfootnote=\count122
)
Package hyperref Info: Driver (autodetected): hpdftex.

(/usr/share/texmf-dist/tex/latex/hyperref/hpdftex.def
File: hpdftex.def 2018/02/06 v6.86b Hyperref driver for pdfTeX
\Fld@listcount=\count123
\c@bookmark@seq@number=\count124

(/usr/share/texmf-dist/tex/latex/oberdiek/rerunfilecheck.sty
Package: rerunfilecheck 2016/05/16 v1.8 Rerun checks for auxiliary files (HO)
Package uniquecounter Info: New unique counter `rerunfilecheck' on input line 2
82.
)
\Hy@SectionHShift=\skip63
)
\c@satz=\count125


Package array Warning: Column L is already defined on input line 134.

(./HM12_Zusammenfassung_01.aux

LaTeX Warning: Label `ax:vektorraumeig_uv' multiply defined.

)
\openout1 = `HM12_Zusammenfassung_01.aux'.

LaTeX Font Info:    Checking defaults for OML/cmm/m/it on input line 170.
LaTeX Font Info:    ... okay on input line 170.
LaTeX Font Info:    Checking defaults for T1/cmr/m/n on input line 170.
LaTeX Font Info:    ... okay on input line 170.
LaTeX Font Info:    Checking defaults for OT1/cmr/m/n on input line 170.
LaTeX Font Info:    ... okay on input line 170.
LaTeX Font Info:    Checking defaults for OMS/cmsy/m/n on input line 170.
LaTeX Font Info:    ... okay on input line 170.
LaTeX Font Info:    Checking defaults for OMX/cmex/m/n on input line 170.
LaTeX Font Info:    ... okay on input line 170.
LaTeX Font Info:    Checking defaults for U/cmr/m/n on input line 170.
LaTeX Font Info:    ... okay on input line 170.
LaTeX Font Info:    Checking defaults for PD1/pdf/m/n on input line 170.
LaTeX Font Info:    ... okay on input line 170.

*geometry* driver: auto-detecting
*geometry* detected driver: pdftex
*geometry* verbose mode - [ preamble ] result:
* driver: pdftex
* paper: a4paper
* layout: <same size as paper>
* layoutoffset:(h,v)=(0.0pt,0.0pt)
* modes: 
* h-part:(L,W,R)=(89.62709pt, 418.25368pt, 89.6271pt)
* v-part:(T,H,B)=(85.35826pt, 674.33032pt, 85.35826pt)
* \paperwidth=597.50787pt
* \paperheight=845.04684pt
* \textwidth=418.25368pt
* \textheight=674.33032pt
* \oddsidemargin=17.3571pt
* \evensidemargin=17.3571pt
* \topmargin=-23.91173pt
* \headheight=12.0pt
* \headsep=25.0pt
* \topskip=12.0pt
* \footskip=30.0pt
* \marginparwidth=35.0pt
* \marginparsep=10.0pt
* \columnsep=10.0pt
* \skip\footins=10.8pt plus 4.0pt minus 2.0pt
* \hoffset=0.0pt
* \voffset=0.0pt
* \mag=1000
* \@twocolumnfalse
* \@twosidefalse
* \@mparswitchfalse
* \@reversemarginfalse
* (1in=72.27pt=25.4mm, 1cm=28.453pt)

(/usr/share/texmf-dist/tex/context/base/mkii/supp-pdf.mkii
[Loading MPS to PDF converter (version 2006.09.02).]
\scratchcounter=\count126
\scratchdimen=\dimen140
\scratchbox=\box35
\nofMPsegments=\count127
\nofMParguments=\count128
\everyMPshowfont=\toks33
\MPscratchCnt=\count129
\MPscratchDim=\dimen141
\MPnumerator=\count130
\makeMPintoPDFobject=\count131
\everyMPtoPDFconversion=\toks34
)

Package scrpage2 Warning: seems you are using a constant headheight.
(scrpage2)                If you get overfull \vbox warnings at almost every
(scrpage2)                page, you should increase headheight e.g. writing
(scrpage2)                 \setlength{\headheight}{1.1\baselineskip}
(scrpage2)                into the preamble of your document.
(scrpage2)                A better solution would be to use typearea package.

\AtBeginShipoutBox=\box36
Package hyperref Info: Link coloring ON on input line 170.
(/usr/share/texmf-dist/tex/latex/hyperref/nameref.sty
Package: nameref 2016/05/21 v2.44 Cross-referencing by name of section

(/usr/share/texmf-dist/tex/generic/oberdiek/gettitlestring.sty
Package: gettitlestring 2016/05/16 v1.5 Cleanup title references (HO)
)
\c@section@level=\count132
)
LaTeX Info: Redefining \ref on input line 170.
LaTeX Info: Redefining \pageref on input line 170.
LaTeX Info: Redefining \nameref on input line 170.

(./HM12_Zusammenfassung_01.out) (./HM12_Zusammenfassung_01.out)
\@outlinefile=\write3
\openout3 = `HM12_Zusammenfassung_01.out'.

Package hyperref Info: *** compatibility with harvard ****  on input line 170.
LaTeX Font Info:    Try loading font information for U+stmry on input line 179.


(/usr/share/texmf-dist/tex/latex/stmaryrd/Ustmry.fd)
LaTeX Font Info:    Try loading font information for U+msa on input line 179.

(/usr/share/texmf-dist/tex/latex/amsfonts/umsa.fd
File: umsa.fd 2013/01/14 v3.01 AMS symbols A
)
LaTeX Font Info:    Try loading font information for U+msb on input line 179.

(/usr/share/texmf-dist/tex/latex/amsfonts/umsb.fd
File: umsb.fd 2013/01/14 v3.01 AMS symbols B
)
Overfull \vbox (2.60004pt too high) has occurred while \output is active []

Package babel Info: Redefining ngerman shorthand "|
(babel)             in language  on input line 179.
Package babel Info: Redefining ngerman shorthand "~
(babel)             in language  on input line 179.

[1

{/var/lib/texmf/fonts/map/pdftex/updmap/pdftex.map}]
Package babel Info: Redefining ngerman shorthand "|
(babel)             in language  on input line 180.
Package babel Info: Redefining ngerman shorthand "~
(babel)             in language  on input line 180.


Package hyperref Warning: Token not allowed in a PDF string (PDFDocEncoding):
(hyperref)                removing `math shift' on input line 180.


Package hyperref Warning: Token not allowed in a PDF string (PDFDocEncoding):
(hyperref)                removing `\@@underline' on input line 180.


Package hyperref Warning: Token not allowed in a PDF string (PDFDocEncoding):
(hyperref)                removing `\hbox' on input line 180.


Package hyperref Warning: Token not allowed in a PDF string (PDFDocEncoding):
(hyperref)                removing `\mathsurround' on input line 180.


Package hyperref Warning: Token not allowed in a PDF string (PDFDocEncoding):
(hyperref)                removing `\z@' on input line 180.


Package hyperref Warning: Token not allowed in a PDF string (PDFDocEncoding):
(hyperref)                removing `math shift' on input line 180.

(./HM12_Zusammenfassung_01.toc
Overfull \vbox (2.60004pt too high) has occurred while \output is active []

Package babel Info: Redefining ngerman shorthand "|
(babel)             in language  on input line 41.
Package babel Info: Redefining ngerman shorthand "~
(babel)             in language  on input line 41.

[2]
Overfull \vbox (2.60004pt too high) has occurred while \output is active []

Package babel Info: Redefining ngerman shorthand "|
(babel)             in language  on input line 84.
Package babel Info: Redefining ngerman shorthand "~
(babel)             in language  on input line 84.

[3])
\tf@toc=\write4
\openout4 = `HM12_Zusammenfassung_01.toc'.

Package babel Info: Redefining ngerman shorthand "|
(babel)             in language  on input line 183.
Package babel Info: Redefining ngerman shorthand "~
(babel)             in language  on input line 183.

Underfull \hbox (badness 1168) in paragraph at lines 188--188
[]|\T1/cmr/m/n/12 Erzeugung 2.7.1.1 - 2.7.1.4; Kor-rek-tur Rie-
 []


Overfull \hbox (1.63208pt too wide) in paragraph at lines 184--192
[] 
 []


Overfull \vbox (2.60004pt too high) has occurred while \output is active []

Package babel Info: Redefining ngerman shorthand "|
(babel)             in language  on input line 193.
Package babel Info: Redefining ngerman shorthand "~
(babel)             in language  on input line 193.

[4]
Package babel Info: Redefining ngerman shorthand "|
(babel)             in language  on input line 195.
Package babel Info: Redefining ngerman shorthand "~
(babel)             in language  on input line 195.
Package babel Info: Redefining ngerman shorthand "|
(babel)             in language  on input line 196.
Package babel Info: Redefining ngerman shorthand "~
(babel)             in language  on input line 196.
Package babel Info: Redefining ngerman shorthand "|
(babel)             in language  on input line 197.
Package babel Info: Redefining ngerman shorthand "~
(babel)             in language  on input line 197.
Package babel Info: Redefining ngerman shorthand "|
(babel)             in language  on input line 204.
Package babel Info: Redefining ngerman shorthand "~
(babel)             in language  on input line 204.

Overfull \hbox (3.67021pt too wide) in paragraph at lines 206--214
[]
 []


Underfull \hbox (badness 10000) in paragraph at lines 206--214

 []

Package babel Info: Redefining ngerman shorthand "|
(babel)             in language  on input line 215.
Package babel Info: Redefining ngerman shorthand "~
(babel)             in language  on input line 215.
Package babel Info: Redefining ngerman shorthand "|
(babel)             in language  on input line 220.
Package babel Info: Redefining ngerman shorthand "~
(babel)             in language  on input line 220.
Package babel Info: Redefining ngerman shorthand "|
(babel)             in language  on input line 227.
Package babel Info: Redefining ngerman shorthand "~
(babel)             in language  on input line 227.
Package babel Info: Redefining ngerman shorthand "|
(babel)             in language  on input line 234.
Package babel Info: Redefining ngerman shorthand "~
(babel)             in language  on input line 234.

Overfull \vbox (2.60004pt too high) has occurred while \output is active []

Package babel Info: Redefining ngerman shorthand "|
(babel)             in language  on input line 240.
Package babel Info: Redefining ngerman shorthand "~
(babel)             in language  on input line 240.

[5]
Package babel Info: Redefining ngerman shorthand "|
(babel)             in language  on input line 242.
Package babel Info: Redefining ngerman shorthand "~
(babel)             in language  on input line 242.
Package babel Info: Redefining ngerman shorthand "|
(babel)             in language  on input line 252.
Package babel Info: Redefining ngerman shorthand "~
(babel)             in language  on input line 252.
Package babel Info: Redefining ngerman shorthand "|
(babel)             in language  on input line 264.
Package babel Info: Redefining ngerman shorthand "~
(babel)             in language  on input line 264.
Package babel Info: Redefining ngerman shorthand "|
(babel)             in language  on input line 265.
Package babel Info: Redefining ngerman shorthand "~
(babel)             in language  on input line 265.
Package babel Info: Redefining ngerman shorthand "|
(babel)             in language  on input line 266.
Package babel Info: Redefining ngerman shorthand "~
(babel)             in language  on input line 266.
LaTeX Font Info:    Try loading font information for OMS+cmr on input line 268.

 (/usr/share/texmf-dist/tex/latex/base/omscmr.fd
File: omscmr.fd 2014/09/29 v2.5h Standard LaTeX font definitions
)
LaTeX Font Info:    Font shape `OMS/cmr/m/n' in size <12> not available
(Font)              Font shape `OMS/cmsy/m/n' tried instead on input line 268.

Overfull \vbox (2.60004pt too high) has occurred while \output is active []

Package babel Info: Redefining ngerman shorthand "|
(babel)             in language  on input line 269.
Package babel Info: Redefining ngerman shorthand "~
(babel)             in language  on input line 269.

[6]
Package babel Info: Redefining ngerman shorthand "|
(babel)             in language  on input line 273.
Package babel Info: Redefining ngerman shorthand "~
(babel)             in language  on input line 273.
Package babel Info: Redefining ngerman shorthand "|
(babel)             in language  on input line 279.
Package babel Info: Redefining ngerman shorthand "~
(babel)             in language  on input line 279.
Package babel Info: Redefining ngerman shorthand "|
(babel)             in language  on input line 285.
Package babel Info: Redefining ngerman shorthand "~
(babel)             in language  on input line 285.
Package babel Info: Redefining ngerman shorthand "|
(babel)             in language  on input line 291.
Package babel Info: Redefining ngerman shorthand "~
(babel)             in language  on input line 291.
Package babel Info: Redefining ngerman shorthand "|
(babel)             in language  on input line 297.
Package babel Info: Redefining ngerman shorthand "~
(babel)             in language  on input line 297.
Package babel Info: Redefining ngerman shorthand "|
(babel)             in language  on input line 298.
Package babel Info: Redefining ngerman shorthand "~
(babel)             in language  on input line 298.
Package babel Info: Redefining ngerman shorthand "|
(babel)             in language  on input line 302.
Package babel Info: Redefining ngerman shorthand "~
(babel)             in language  on input line 302.

Underfull \hbox (badness 10000) in alignment at lines 309--309
[][][] 
 []


Underfull \hbox (badness 10000) in paragraph at lines 311--318

 []


Overfull \vbox (2.60004pt too high) has occurred while \output is active []

Package babel Info: Redefining ngerman shorthand "|
(babel)             in language  on input line 318.
Package babel Info: Redefining ngerman shorthand "~
(babel)             in language  on input line 318.

[7]
Package babel Info: Redefining ngerman shorthand "|
(babel)             in language  on input line 325.
Package babel Info: Redefining ngerman shorthand "~
(babel)             in language  on input line 325.
Package babel Info: Redefining ngerman shorthand "|
(babel)             in language  on input line 328.
Package babel Info: Redefining ngerman shorthand "~
(babel)             in language  on input line 328.
Package babel Info: Redefining ngerman shorthand "|
(babel)             in language  on input line 331.
Package babel Info: Redefining ngerman shorthand "~
(babel)             in language  on input line 331.

Underfull \hbox (badness 10000) in alignment at lines 340--340
[][][] 
 []

Package babel Info: Redefining ngerman shorthand "|
(babel)             in language  on input line 346.
Package babel Info: Redefining ngerman shorthand "~
(babel)             in language  on input line 346.

Overfull \vbox (2.60004pt too high) has occurred while \output is active []

Package babel Info: Redefining ngerman shorthand "|
(babel)             in language  on input line 355.
Package babel Info: Redefining ngerman shorthand "~
(babel)             in language  on input line 355.

[8]
Package babel Info: Redefining ngerman shorthand "|
(babel)             in language  on input line 359.
Package babel Info: Redefining ngerman shorthand "~
(babel)             in language  on input line 359.
Package babel Info: Redefining ngerman shorthand "|
(babel)             in language  on input line 366.
Package babel Info: Redefining ngerman shorthand "~
(babel)             in language  on input line 366.
Package babel Info: Redefining ngerman shorthand "|
(babel)             in language  on input line 374.
Package babel Info: Redefining ngerman shorthand "~
(babel)             in language  on input line 374.
Package babel Info: Redefining ngerman shorthand "|
(babel)             in language  on input line 377.
Package babel Info: Redefining ngerman shorthand "~
(babel)             in language  on input line 377.
Package babel Info: Redefining ngerman shorthand "|
(babel)             in language  on input line 385.
Package babel Info: Redefining ngerman shorthand "~
(babel)             in language  on input line 385.

Overfull \vbox (2.60004pt too high) has occurred while \output is active []

Package babel Info: Redefining ngerman shorthand "|
(babel)             in language  on input line 403.
Package babel Info: Redefining ngerman shorthand "~
(babel)             in language  on input line 403.

[9]
Package babel Info: Redefining ngerman shorthand "|
(babel)             in language  on input line 405.
Package babel Info: Redefining ngerman shorthand "~
(babel)             in language  on input line 405.
Package babel Info: Redefining ngerman shorthand "|
(babel)             in language  on input line 412.
Package babel Info: Redefining ngerman shorthand "~
(babel)             in language  on input line 412.
Package babel Info: Redefining ngerman shorthand "|
(babel)             in language  on input line 429.
Package babel Info: Redefining ngerman shorthand "~
(babel)             in language  on input line 429.
Package babel Info: Redefining ngerman shorthand "|
(babel)             in language  on input line 441.
Package babel Info: Redefining ngerman shorthand "~
(babel)             in language  on input line 441.
Package babel Info: Redefining ngerman shorthand "|
(babel)             in language  on input line 444.
Package babel Info: Redefining ngerman shorthand "~
(babel)             in language  on input line 444.

Overfull \vbox (2.60004pt too high) has occurred while \output is active []

Package babel Info: Redefining ngerman shorthand "|
(babel)             in language  on input line 452.
Package babel Info: Redefining ngerman shorthand "~
(babel)             in language  on input line 452.

[10]
Package babel Info: Redefining ngerman shorthand "|
(babel)             in language  on input line 461.
Package babel Info: Redefining ngerman shorthand "~
(babel)             in language  on input line 461.


Package hyperref Warning: Token not allowed in a PDF string (PDFDocEncoding):
(hyperref)                removing `math shift' on input line 461.


Package hyperref Warning: Token not allowed in a PDF string (PDFDocEncoding):
(hyperref)                removing `\@@underline' on input line 461.


Package hyperref Warning: Token not allowed in a PDF string (PDFDocEncoding):
(hyperref)                removing `\hbox' on input line 461.


Package hyperref Warning: Token not allowed in a PDF string (PDFDocEncoding):
(hyperref)                removing `\mathsurround' on input line 461.


Package hyperref Warning: Token not allowed in a PDF string (PDFDocEncoding):
(hyperref)                removing `\z@' on input line 461.


Package hyperref Warning: Token not allowed in a PDF string (PDFDocEncoding):
(hyperref)                removing `math shift' on input line 461.

Package babel Info: Redefining ngerman shorthand "|
(babel)             in language  on input line 462.
Package babel Info: Redefining ngerman shorthand "~
(babel)             in language  on input line 462.
Package babel Info: Redefining ngerman shorthand "|
(babel)             in language  on input line 467.
Package babel Info: Redefining ngerman shorthand "~
(babel)             in language  on input line 467.
Package babel Info: Redefining ngerman shorthand "|
(babel)             in language  on input line 472.
Package babel Info: Redefining ngerman shorthand "~
(babel)             in language  on input line 472.
Package babel Info: Redefining ngerman shorthand "|
(babel)             in language  on input line 479.
Package babel Info: Redefining ngerman shorthand "~
(babel)             in language  on input line 479.
Package babel Info: Redefining ngerman shorthand "|
(babel)             in language  on input line 485.
Package babel Info: Redefining ngerman shorthand "~
(babel)             in language  on input line 485.

Overfull \vbox (2.60004pt too high) has occurred while \output is active []

Package babel Info: Redefining ngerman shorthand "|
(babel)             in language  on input line 488.
Package babel Info: Redefining ngerman shorthand "~
(babel)             in language  on input line 488.

[11]
Overfull \vbox (2.60004pt too high) has occurred while \output is active []

Package babel Info: Redefining ngerman shorthand "|
(babel)             in language  on input line 490.
Package babel Info: Redefining ngerman shorthand "~
(babel)             in language  on input line 490.

[12]
Package babel Info: Redefining ngerman shorthand "|
(babel)             in language  on input line 492.
Package babel Info: Redefining ngerman shorthand "~
(babel)             in language  on input line 492.
Package babel Info: Redefining ngerman shorthand "|
(babel)             in language  on input line 505.
Package babel Info: Redefining ngerman shorthand "~
(babel)             in language  on input line 505.
Package babel Info: Redefining ngerman shorthand "|
(babel)             in language  on input line 508.
Package babel Info: Redefining ngerman shorthand "~
(babel)             in language  on input line 508.
Package babel Info: Redefining ngerman shorthand "|
(babel)             in language  on input line 509.
Package babel Info: Redefining ngerman shorthand "~
(babel)             in language  on input line 509.
Package babel Info: Redefining ngerman shorthand "|
(babel)             in language  on input line 513.
Package babel Info: Redefining ngerman shorthand "~
(babel)             in language  on input line 513.
Package babel Info: Redefining ngerman shorthand "|
(babel)             in language  on input line 519.
Package babel Info: Redefining ngerman shorthand "~
(babel)             in language  on input line 519.
Package babel Info: Redefining ngerman shorthand "|
(babel)             in language  on input line 531.
Package babel Info: Redefining ngerman shorthand "~
(babel)             in language  on input line 531.

Overfull \vbox (2.60004pt too high) has occurred while \output is active []

Package babel Info: Redefining ngerman shorthand "|
(babel)             in language  on input line 543.
Package babel Info: Redefining ngerman shorthand "~
(babel)             in language  on input line 543.

[13]
Package babel Info: Redefining ngerman shorthand "|
(babel)             in language  on input line 572.
Package babel Info: Redefining ngerman shorthand "~
(babel)             in language  on input line 572.

Overfull \hbox (7.14412pt too wide) in paragraph at lines 583--586
\T1/cmr/m/n/12 (z.B. ab-zähl-ba-re Men-gen) sind R-integrierbar. ^^RSatz: Ei-ne
 Funk-ti-on $\OML/cmm/m/it/12 f \OT1/cmr/m/n/12 : [\OML/cmm/m/it/12 a; b\OT1/cm
r/m/n/12 ] \OMS/cmsy/m/n/12 !
 []


Overfull \hbox (2.87955pt too wide) in paragraph at lines 587--592
\T1/cmr/m/n/12 gung die-ser Men-ge in nicht-lee-re paar-wei-se dis-junk-te Teil
mengen.^^P([]Wikimedia-
 []


Overfull \vbox (2.60004pt too high) has occurred while \output is active []

Package babel Info: Redefining ngerman shorthand "|
(babel)             in language  on input line 592.
Package babel Info: Redefining ngerman shorthand "~
(babel)             in language  on input line 592.

[14]
Package babel Info: Redefining ngerman shorthand "|
(babel)             in language  on input line 595.
Package babel Info: Redefining ngerman shorthand "~
(babel)             in language  on input line 595.
Package babel Info: Redefining ngerman shorthand "|
(babel)             in language  on input line 598.
Package babel Info: Redefining ngerman shorthand "~
(babel)             in language  on input line 598.
Package babel Info: Redefining ngerman shorthand "|
(babel)             in language  on input line 601.
Package babel Info: Redefining ngerman shorthand "~
(babel)             in language  on input line 601.

Overfull \vbox (2.60004pt too high) has occurred while \output is active []

Package babel Info: Redefining ngerman shorthand "|
(babel)             in language  on input line 621.
Package babel Info: Redefining ngerman shorthand "~
(babel)             in language  on input line 621.

[15]
Package babel Info: Redefining ngerman shorthand "|
(babel)             in language  on input line 623.
Package babel Info: Redefining ngerman shorthand "~
(babel)             in language  on input line 623.
Package babel Info: Redefining ngerman shorthand "|
(babel)             in language  on input line 624.
Package babel Info: Redefining ngerman shorthand "~
(babel)             in language  on input line 624.

Underfull \hbox (badness 10000) in alignment at lines 633--633
[][] 
 []


Underfull \hbox (badness 10000) in alignment at lines 641--641
[][] 
 []

Package babel Info: Redefining ngerman shorthand "|
(babel)             in language  on input line 643.
Package babel Info: Redefining ngerman shorthand "~
(babel)             in language  on input line 643.

Underfull \hbox (badness 10000) in paragraph at lines 644--647

 []

Package babel Info: Redefining ngerman shorthand "|
(babel)             in language  on input line 658.
Package babel Info: Redefining ngerman shorthand "~
(babel)             in language  on input line 658.
Package babel Info: Redefining ngerman shorthand "|
(babel)             in language  on input line 661.
Package babel Info: Redefining ngerman shorthand "~
(babel)             in language  on input line 661.
Package babel Info: Redefining ngerman shorthand "|
(babel)             in language  on input line 662.
Package babel Info: Redefining ngerman shorthand "~
(babel)             in language  on input line 662.
Package babel Info: Redefining ngerman shorthand "|
(babel)             in language  on input line 663.
Package babel Info: Redefining ngerman shorthand "~
(babel)             in language  on input line 663.

Underfull \hbox (badness 10000) in alignment at lines 668--668
[][][] 
 []


Overfull \vbox (2.60004pt too high) has occurred while \output is active []

Package babel Info: Redefining ngerman shorthand "|
(babel)             in language  on input line 670.
Package babel Info: Redefining ngerman shorthand "~
(babel)             in language  on input line 670.

[16]
Package babel Info: Redefining ngerman shorthand "|
(babel)             in language  on input line 671.
Package babel Info: Redefining ngerman shorthand "~
(babel)             in language  on input line 671.

Underfull \hbox (badness 10000) in alignment at lines 677--677
[][][] 
 []

Package babel Info: Redefining ngerman shorthand "|
(babel)             in language  on input line 680.
Package babel Info: Redefining ngerman shorthand "~
(babel)             in language  on input line 680.

Underfull \hbox (badness 10000) in alignment at lines 686--686
[][][] 
 []

Package babel Info: Redefining ngerman shorthand "|
(babel)             in language  on input line 689.
Package babel Info: Redefining ngerman shorthand "~
(babel)             in language  on input line 689.

Underfull \hbox (badness 10000) in alignment at lines 695--695
[][][] 
 []


Underfull \hbox (badness 10000) in alignment at lines 706--706
[][][] 
 []

Package babel Info: Redefining ngerman shorthand "|
(babel)             in language  on input line 710.
Package babel Info: Redefining ngerman shorthand "~
(babel)             in language  on input line 710.
Package babel Info: Redefining ngerman shorthand "|
(babel)             in language  on input line 714.
Package babel Info: Redefining ngerman shorthand "~
(babel)             in language  on input line 714.
Package babel Info: Redefining ngerman shorthand "|
(babel)             in language  on input line 715.
Package babel Info: Redefining ngerman shorthand "~
(babel)             in language  on input line 715.
Package babel Info: Redefining ngerman shorthand "|
(babel)             in language  on input line 716.
Package babel Info: Redefining ngerman shorthand "~
(babel)             in language  on input line 716.

Package hyperref Warning: Token not allowed in a PDF string (PDFDocEncoding):
(hyperref)                removing `math shift' on input line 716.


Package hyperref Warning: Token not allowed in a PDF string (PDFDocEncoding):
(hyperref)                removing `superscript' on input line 716.


Package hyperref Warning: Token not allowed in a PDF string (PDFDocEncoding):
(hyperref)                removing `math shift' on input line 716.


Overfull \vbox (2.60004pt too high) has occurred while \output is active []

Package babel Info: Redefining ngerman shorthand "|
(babel)             in language  on input line 719.
Package babel Info: Redefining ngerman shorthand "~
(babel)             in language  on input line 719.

[17]
Package babel Info: Redefining ngerman shorthand "|
(babel)             in language  on input line 720.
Package babel Info: Redefining ngerman shorthand "~
(babel)             in language  on input line 720.
Package babel Info: Redefining ngerman shorthand "|
(babel)             in language  on input line 724.
Package babel Info: Redefining ngerman shorthand "~
(babel)             in language  on input line 724.
Package babel Info: Redefining ngerman shorthand "|
(babel)             in language  on input line 729.
Package babel Info: Redefining ngerman shorthand "~
(babel)             in language  on input line 729.
Package babel Info: Redefining ngerman shorthand "|
(babel)             in language  on input line 734.
Package babel Info: Redefining ngerman shorthand "~
(babel)             in language  on input line 734.

Underfull \hbox (badness 10000) in alignment at lines 742--742
[][][] 
 []


Underfull \hbox (badness 10000) in alignment at lines 753--753
[][][] 
 []


Overfull \vbox (2.60004pt too high) has occurred while \output is active []

Package babel Info: Redefining ngerman shorthand "|
(babel)             in language  on input line 755.
Package babel Info: Redefining ngerman shorthand "~
(babel)             in language  on input line 755.

[18]
Package babel Info: Redefining ngerman shorthand "|
(babel)             in language  on input line 764.
Package babel Info: Redefining ngerman shorthand "~
(babel)             in language  on input line 764.
Package babel Info: Redefining ngerman shorthand "|
(babel)             in language  on input line 770.
Package babel Info: Redefining ngerman shorthand "~
(babel)             in language  on input line 770.

Underfull \hbox (badness 10000) in alignment at lines 776--776
[][][] 
 []


Underfull \hbox (badness 10000) in alignment at lines 785--785
[][][] 
 []

Package babel Info: Redefining ngerman shorthand "|
(babel)             in language  on input line 788.
Package babel Info: Redefining ngerman shorthand "~
(babel)             in language  on input line 788.
Package babel Info: Redefining ngerman shorthand "|
(babel)             in language  on input line 794.
Package babel Info: Redefining ngerman shorthand "~
(babel)             in language  on input line 794.

Overfull \hbox (5.04588pt too wide) in paragraph at lines 801--801
|[]\T1/cmr/bx/n/14.4 Erzeugendensystem, Ba-sis, Di-men-si-on, li-nea-re Un-ab-h
än-
 []

Package babel Info: Redefining ngerman shorthand "|
(babel)             in language  on input line 801.
Package babel Info: Redefining ngerman shorthand "~
(babel)             in language  on input line 801.
Package babel Info: Redefining ngerman shorthand "|
(babel)             in language  on input line 802.
Package babel Info: Redefining ngerman shorthand "~
(babel)             in language  on input line 802.

Overfull \vbox (2.60004pt too high) has occurred while \output is active []

Package babel Info: Redefining ngerman shorthand "|
(babel)             in language  on input line 807.
Package babel Info: Redefining ngerman shorthand "~
(babel)             in language  on input line 807.

[19]
Package babel Info: Redefining ngerman shorthand "|
(babel)             in language  on input line 822.
Package babel Info: Redefining ngerman shorthand "~
(babel)             in language  on input line 822.
Package babel Info: Redefining ngerman shorthand "|
(babel)             in language  on input line 835.
Package babel Info: Redefining ngerman shorthand "~
(babel)             in language  on input line 835.
Package babel Info: Redefining ngerman shorthand "|
(babel)             in language  on input line 845.
Package babel Info: Redefining ngerman shorthand "~
(babel)             in language  on input line 845.

Overfull \vbox (2.60004pt too high) has occurred while \output is active []

Package babel Info: Redefining ngerman shorthand "|
(babel)             in language  on input line 851.
Package babel Info: Redefining ngerman shorthand "~
(babel)             in language  on input line 851.

[20]
Package babel Info: Redefining ngerman shorthand "|
(babel)             in language  on input line 867.
Package babel Info: Redefining ngerman shorthand "~
(babel)             in language  on input line 867.
Package babel Info: Redefining ngerman shorthand "|
(babel)             in language  on input line 880.
Package babel Info: Redefining ngerman shorthand "~
(babel)             in language  on input line 880.
Package babel Info: Redefining ngerman shorthand "|
(babel)             in language  on input line 886.
Package babel Info: Redefining ngerman shorthand "~
(babel)             in language  on input line 886.

Overfull \vbox (2.60004pt too high) has occurred while \output is active []

Package babel Info: Redefining ngerman shorthand "|
(babel)             in language  on input line 901.
Package babel Info: Redefining ngerman shorthand "~
(babel)             in language  on input line 901.

[21]
Package babel Info: Redefining ngerman shorthand "|
(babel)             in language  on input line 909.
Package babel Info: Redefining ngerman shorthand "~
(babel)             in language  on input line 909.
Package babel Info: Redefining ngerman shorthand "|
(babel)             in language  on input line 914.
Package babel Info: Redefining ngerman shorthand "~
(babel)             in language  on input line 914.
Package babel Info: Redefining ngerman shorthand "|
(babel)             in language  on input line 922.
Package babel Info: Redefining ngerman shorthand "~
(babel)             in language  on input line 922.

Overfull \vbox (2.60004pt too high) has occurred while \output is active []

Package babel Info: Redefining ngerman shorthand "|
(babel)             in language  on input line 943.
Package babel Info: Redefining ngerman shorthand "~
(babel)             in language  on input line 943.

[22]
Package babel Info: Redefining ngerman shorthand "|
(babel)             in language  on input line 953.
Package babel Info: Redefining ngerman shorthand "~
(babel)             in language  on input line 953.
Package babel Info: Redefining ngerman shorthand "|
(babel)             in language  on input line 1002.
Package babel Info: Redefining ngerman shorthand "~
(babel)             in language  on input line 1002.

Overfull \vbox (2.60004pt too high) has occurred while \output is active []

Package babel Info: Redefining ngerman shorthand "|
(babel)             in language  on input line 1006.
Package babel Info: Redefining ngerman shorthand "~
(babel)             in language  on input line 1006.

[23]
Package babel Info: Redefining ngerman shorthand "|
(babel)             in language  on input line 1022.
Package babel Info: Redefining ngerman shorthand "~
(babel)             in language  on input line 1022.

Underfull \hbox (badness 10000) in alignment at lines 1029--1029
[][][] 
 []

Package babel Info: Redefining ngerman shorthand "|
(babel)             in language  on input line 1032.
Package babel Info: Redefining ngerman shorthand "~
(babel)             in language  on input line 1032.

Overfull \vbox (2.60004pt too high) has occurred while \output is active []

Package babel Info: Redefining ngerman shorthand "|
(babel)             in language  on input line 1052.
Package babel Info: Redefining ngerman shorthand "~
(babel)             in language  on input line 1052.

[24]
Package babel Info: Redefining ngerman shorthand "|
(babel)             in language  on input line 1054.
Package babel Info: Redefining ngerman shorthand "~
(babel)             in language  on input line 1054.


Package hyperref Warning: Token not allowed in a PDF string (PDFDocEncoding):
(hyperref)                removing `math shift' on input line 1054.


Package hyperref Warning: Token not allowed in a PDF string (PDFDocEncoding):
(hyperref)                removing `\@@underline' on input line 1054.


Package hyperref Warning: Token not allowed in a PDF string (PDFDocEncoding):
(hyperref)                removing `\hbox' on input line 1054.


Package hyperref Warning: Token not allowed in a PDF string (PDFDocEncoding):
(hyperref)                removing `\mathsurround' on input line 1054.


Package hyperref Warning: Token not allowed in a PDF string (PDFDocEncoding):
(hyperref)                removing `\z@' on input line 1054.


Package hyperref Warning: Token not allowed in a PDF string (PDFDocEncoding):
(hyperref)                removing `math shift' on input line 1054.

Package babel Info: Redefining ngerman shorthand "|
(babel)             in language  on input line 1055.
Package babel Info: Redefining ngerman shorthand "~
(babel)             in language  on input line 1055.
Package babel Info: Redefining ngerman shorthand "|
(babel)             in language  on input line 1056.
Package babel Info: Redefining ngerman shorthand "~
(babel)             in language  on input line 1056.
Package babel Info: Redefining ngerman shorthand "|
(babel)             in language  on input line 1057.
Package babel Info: Redefining ngerman shorthand "~
(babel)             in language  on input line 1057.

Overfull \vbox (3.04742pt too high) has occurred while \output is active []

Package babel Info: Redefining ngerman shorthand "|
(babel)             in language  on input line 1094.
Package babel Info: Redefining ngerman shorthand "~
(babel)             in language  on input line 1094.

[25]
Overfull \hbox (41.6308pt too wide) detected at line 1104
[]
 []

Package babel Info: Redefining ngerman shorthand "|
(babel)             in language  on input line 1119.
Package babel Info: Redefining ngerman shorthand "~
(babel)             in language  on input line 1119.
Package babel Info: Redefining ngerman shorthand "|
(babel)             in language  on input line 1120.
Package babel Info: Redefining ngerman shorthand "~
(babel)             in language  on input line 1120.

Package hyperref Warning: Token not allowed in a PDF string (PDFDocEncoding):
(hyperref)                removing `math shift' on input line 1120.


Package hyperref Warning: Token not allowed in a PDF string (PDFDocEncoding):
(hyperref)                removing `\intop' on input line 1120.


Package hyperref Warning: Token not allowed in a PDF string (PDFDocEncoding):
(hyperref)                removing `\ilimits@' on input line 1120.


Package hyperref Warning: Token not allowed in a PDF string (PDFDocEncoding):
(hyperref)                removing `subscript' on input line 1120.


Package hyperref Warning: Token not allowed in a PDF string (PDFDocEncoding):
(hyperref)                removing `superscript' on input line 1120.


Package hyperref Warning: Token not allowed in a PDF string (PDFDocEncoding):
(hyperref)                removing `\begingroup' on input line 1120.


Package hyperref Warning: Token not allowed in a PDF string (PDFDocEncoding):
(hyperref)                removing `\endgroup' on input line 1120.


Package hyperref Warning: Token not allowed in a PDF string (PDFDocEncoding):
(hyperref)                removing `\@@over' on input line 1120.


Package hyperref Warning: Token not allowed in a PDF string (PDFDocEncoding):
(hyperref)                removing `math shift' on input line 1120.

Package babel Info: Redefining ngerman shorthand "|
(babel)             in language  on input line 1129.
Package babel Info: Redefining ngerman shorthand "~
(babel)             in language  on input line 1129.

Package hyperref Warning: Token not allowed in a PDF string (PDFDocEncoding):
(hyperref)                removing `math shift' on input line 1129.


Package hyperref Warning: Token not allowed in a PDF string (PDFDocEncoding):
(hyperref)                removing `\intop' on input line 1129.


Package hyperref Warning: Token not allowed in a PDF string (PDFDocEncoding):
(hyperref)                removing `\ilimits@' on input line 1129.


Package hyperref Warning: Token not allowed in a PDF string (PDFDocEncoding):
(hyperref)                removing `subscript' on input line 1129.


Package hyperref Warning: Token not allowed in a PDF string (PDFDocEncoding):
(hyperref)                removing `superscript' on input line 1129.


Package hyperref Warning: Token not allowed in a PDF string (PDFDocEncoding):
(hyperref)                removing `\begingroup' on input line 1129.


Package hyperref Warning: Token not allowed in a PDF string (PDFDocEncoding):
(hyperref)                removing `\endgroup' on input line 1129.


Package hyperref Warning: Token not allowed in a PDF string (PDFDocEncoding):
(hyperref)                removing `\@@over' on input line 1129.


Package hyperref Warning: Token not allowed in a PDF string (PDFDocEncoding):
(hyperref)                removing `math shift' on input line 1129.


Overfull \vbox (3.04742pt too high) has occurred while \output is active []

Package babel Info: Redefining ngerman shorthand "|
(babel)             in language  on input line 1136.
Package babel Info: Redefining ngerman shorthand "~
(babel)             in language  on input line 1136.

[26]
Package babel Info: Redefining ngerman shorthand "|
(babel)             in language  on input line 1139.
Package babel Info: Redefining ngerman shorthand "~
(babel)             in language  on input line 1139.


Package hyperref Warning: Token not allowed in a PDF string (PDFDocEncoding):
(hyperref)                removing `math shift' on input line 1139.


Package hyperref Warning: Token not allowed in a PDF string (PDFDocEncoding):
(hyperref)                removing `\intop' on input line 1139.


Package hyperref Warning: Token not allowed in a PDF string (PDFDocEncoding):
(hyperref)                removing `\ilimits@' on input line 1139.


Package hyperref Warning: Token not allowed in a PDF string (PDFDocEncoding):
(hyperref)                removing `superscript' on input line 1139.


Package hyperref Warning: Token not allowed in a PDF string (PDFDocEncoding):
(hyperref)                removing `math shift' on input line 1139.

Package babel Info: Redefining ngerman shorthand "|
(babel)             in language  on input line 1148.
Package babel Info: Redefining ngerman shorthand "~
(babel)             in language  on input line 1148.

Package hyperref Warning: Token not allowed in a PDF string (PDFDocEncoding):
(hyperref)                removing `math shift' on input line 1148.


Package hyperref Warning: Token not allowed in a PDF string (PDFDocEncoding):
(hyperref)                removing `\intop' on input line 1148.


Package hyperref Warning: Token not allowed in a PDF string (PDFDocEncoding):
(hyperref)                removing `\ilimits@' on input line 1148.


Package hyperref Warning: Token not allowed in a PDF string (PDFDocEncoding):
(hyperref)                removing `subscript' on input line 1148.


Package hyperref Warning: Token not allowed in a PDF string (PDFDocEncoding):
(hyperref)                removing `superscript' on input line 1148.


Package hyperref Warning: Token not allowed in a PDF string (PDFDocEncoding):
(hyperref)                removing `\pi' on input line 1148.


Package hyperref Warning: Token not allowed in a PDF string (PDFDocEncoding):
(hyperref)                removing `math shift' on input line 1148.

Package babel Info: Redefining ngerman shorthand "|
(babel)             in language  on input line 1156.
Package babel Info: Redefining ngerman shorthand "~
(babel)             in language  on input line 1156.

Package hyperref Warning: Token not allowed in a PDF string (PDFDocEncoding):
(hyperref)                removing `math shift' on input line 1156.


Package hyperref Warning: Token not allowed in a PDF string (PDFDocEncoding):
(hyperref)                removing `\intop' on input line 1156.


Package hyperref Warning: Token not allowed in a PDF string (PDFDocEncoding):
(hyperref)                removing `\ilimits@' on input line 1156.


Package hyperref Warning: Token not allowed in a PDF string (PDFDocEncoding):
(hyperref)                removing `superscript' on input line 1156.


Package hyperref Warning: Token not allowed in a PDF string (PDFDocEncoding):
(hyperref)                removing `math shift' on input line 1156.


Overfull \hbox (25.86415pt too wide) detected at line 1163
[]
 []

Package babel Info: Redefining ngerman shorthand "|
(babel)             in language  on input line 1165.
Package babel Info: Redefining ngerman shorthand "~
(babel)             in language  on input line 1165.

Package hyperref Warning: Token not allowed in a PDF string (PDFDocEncoding):
(hyperref)                removing `math shift' on input line 1165.


Package hyperref Warning: Token not allowed in a PDF string (PDFDocEncoding):
(hyperref)                removing `\intop' on input line 1165.


Package hyperref Warning: Token not allowed in a PDF string (PDFDocEncoding):
(hyperref)                removing `\ilimits@' on input line 1165.


Package hyperref Warning: Token not allowed in a PDF string (PDFDocEncoding):
(hyperref)                removing `subscript' on input line 1165.


Package hyperref Warning: Token not allowed in a PDF string (PDFDocEncoding):
(hyperref)                removing `superscript' on input line 1165.


Package hyperref Warning: Token not allowed in a PDF string (PDFDocEncoding):
(hyperref)                removing `math shift' on input line 1165.


Overfull \vbox (3.04742pt too high) has occurred while \output is active []

Package babel Info: Redefining ngerman shorthand "|
(babel)             in language  on input line 1175.
Package babel Info: Redefining ngerman shorthand "~
(babel)             in language  on input line 1175.

[27]
Package babel Info: Redefining ngerman shorthand "|
(babel)             in language  on input line 1177.
Package babel Info: Redefining ngerman shorthand "~
(babel)             in language  on input line 1177.


Package hyperref Warning: Token not allowed in a PDF string (PDFDocEncoding):
(hyperref)                removing `math shift' on input line 1177.


Package hyperref Warning: Token not allowed in a PDF string (PDFDocEncoding):
(hyperref)                removing `\intop' on input line 1177.


Package hyperref Warning: Token not allowed in a PDF string (PDFDocEncoding):
(hyperref)                removing `\ilimits@' on input line 1177.


Package hyperref Warning: Token not allowed in a PDF string (PDFDocEncoding):
(hyperref)                removing `\begingroup' on input line 1177.


Package hyperref Warning: Token not allowed in a PDF string (PDFDocEncoding):
(hyperref)                removing `superscript' on input line 1177.


Package hyperref Warning: Token not allowed in a PDF string (PDFDocEncoding):
(hyperref)                removing `\endgroup' on input line 1177.


Package hyperref Warning: Token not allowed in a PDF string (PDFDocEncoding):
(hyperref)                removing `\@@over' on input line 1177.


Package hyperref Warning: Token not allowed in a PDF string (PDFDocEncoding):
(hyperref)                removing `superscript' on input line 1177.


Package hyperref Warning: Token not allowed in a PDF string (PDFDocEncoding):
(hyperref)                removing `math shift' on input line 1177.

Package babel Info: Redefining ngerman shorthand "|
(babel)             in language  on input line 1186.
Package babel Info: Redefining ngerman shorthand "~
(babel)             in language  on input line 1186.

Package hyperref Warning: Token not allowed in a PDF string (PDFDocEncoding):
(hyperref)                removing `math shift' on input line 1186.


Package hyperref Warning: Token not allowed in a PDF string (PDFDocEncoding):
(hyperref)                removing `\intop' on input line 1186.


Package hyperref Warning: Token not allowed in a PDF string (PDFDocEncoding):
(hyperref)                removing `\ilimits@' on input line 1186.


Package hyperref Warning: Token not allowed in a PDF string (PDFDocEncoding):
(hyperref)                removing `superscript' on input line 1186.


Package hyperref Warning: Token not allowed in a PDF string (PDFDocEncoding):
(hyperref)                removing `math shift' on input line 1186.

Package babel Info: Redefining ngerman shorthand "|
(babel)             in language  on input line 1193.
Package babel Info: Redefining ngerman shorthand "~
(babel)             in language  on input line 1193.

Package hyperref Warning: Token not allowed in a PDF string (PDFDocEncoding):
(hyperref)                removing `math shift' on input line 1193.


Package hyperref Warning: Token not allowed in a PDF string (PDFDocEncoding):
(hyperref)                removing `\intop' on input line 1193.


Package hyperref Warning: Token not allowed in a PDF string (PDFDocEncoding):
(hyperref)                removing `\ilimits@' on input line 1193.


Package hyperref Warning: Token not allowed in a PDF string (PDFDocEncoding):
(hyperref)                removing `\begingroup' on input line 1193.


Package hyperref Warning: Token not allowed in a PDF string (PDFDocEncoding):
(hyperref)                removing `\endgroup' on input line 1193.


Package hyperref Warning: Token not allowed in a PDF string (PDFDocEncoding):
(hyperref)                removing `\@@over' on input line 1193.


Package hyperref Warning: Token not allowed in a PDF string (PDFDocEncoding):
(hyperref)                removing `\@ifnextchar' on input line 1193.


Package hyperref Warning: Token not allowed in a PDF string (PDFDocEncoding):
(hyperref)                removing `math shift' on input line 1193.

Package babel Info: Redefining ngerman shorthand "|
(babel)             in language  on input line 1202.
Package babel Info: Redefining ngerman shorthand "~
(babel)             in language  on input line 1202.

Package hyperref Warning: Token not allowed in a PDF string (PDFDocEncoding):
(hyperref)                removing `math shift' on input line 1202.


Package hyperref Warning: Token not allowed in a PDF string (PDFDocEncoding):
(hyperref)                removing `\intop' on input line 1202.


Package hyperref Warning: Token not allowed in a PDF string (PDFDocEncoding):
(hyperref)                removing `\ilimits@' on input line 1202.


Package hyperref Warning: Token not allowed in a PDF string (PDFDocEncoding):
(hyperref)                removing `\@ifnextchar' on input line 1202.


Package hyperref Warning: Token not allowed in a PDF string (PDFDocEncoding):
(hyperref)                removing `superscript' on input line 1202.


Package hyperref Warning: Token not allowed in a PDF string (PDFDocEncoding):
(hyperref)                \kern 3.26212pt
(hyperref)                removed on input line 1202.


Package hyperref Warning: Token not allowed in a PDF string (PDFDocEncoding):
(hyperref)                removing `math shift' on input line 1202.


Overfull \vbox (3.04742pt too high) has occurred while \output is active []

Package babel Info: Redefining ngerman shorthand "|
(babel)             in language  on input line 1212.
Package babel Info: Redefining ngerman shorthand "~
(babel)             in language  on input line 1212.

[28]
Package babel Info: Redefining ngerman shorthand "|
(babel)             in language  on input line 1214.
Package babel Info: Redefining ngerman shorthand "~
(babel)             in language  on input line 1214.


Package hyperref Warning: Token not allowed in a PDF string (PDFDocEncoding):
(hyperref)                removing `math shift' on input line 1214.


Package hyperref Warning: Token not allowed in a PDF string (PDFDocEncoding):
(hyperref)                removing `\intop' on input line 1214.


Package hyperref Warning: Token not allowed in a PDF string (PDFDocEncoding):
(hyperref)                removing `\ilimits@' on input line 1214.


Package hyperref Warning: Token not allowed in a PDF string (PDFDocEncoding):
(hyperref)                removing `subscript' on input line 1214.


Package hyperref Warning: Token not allowed in a PDF string (PDFDocEncoding):
(hyperref)                removing `superscript' on input line 1214.


Package hyperref Warning: Token not allowed in a PDF string (PDFDocEncoding):
(hyperref)                removing `superscript' on input line 1214.


Package hyperref Warning: Token not allowed in a PDF string (PDFDocEncoding):
(hyperref)                removing `superscript' on input line 1214.


Package hyperref Warning: Token not allowed in a PDF string (PDFDocEncoding):
(hyperref)                removing `superscript' on input line 1214.


Package hyperref Warning: Token not allowed in a PDF string (PDFDocEncoding):
(hyperref)                \kern 3.26212pt
(hyperref)                removed on input line 1214.


Package hyperref Warning: Token not allowed in a PDF string (PDFDocEncoding):
(hyperref)                removing `math shift' on input line 1214.

Package babel Info: Redefining ngerman shorthand "|
(babel)             in language  on input line 1235.
Package babel Info: Redefining ngerman shorthand "~
(babel)             in language  on input line 1235.

Overfull \hbox (95.34732pt too wide) detected at line 1244
[]
 []


Overfull \vbox (3.04742pt too high) has occurred while \output is active []

Package babel Info: Redefining ngerman shorthand "|
(babel)             in language  on input line 1244.
Package babel Info: Redefining ngerman shorthand "~
(babel)             in language  on input line 1244.

[29]
Overfull \vbox (3.04742pt too high) has occurred while \output is active []

Package babel Info: Redefining ngerman shorthand "|
(babel)             in language  on input line 1262.
Package babel Info: Redefining ngerman shorthand "~
(babel)             in language  on input line 1262.

[30]
Package babel Info: Redefining ngerman shorthand "|
(babel)             in language  on input line 1263.
Package babel Info: Redefining ngerman shorthand "~
(babel)             in language  on input line 1263.
Package babel Info: Redefining ngerman shorthand "|
(babel)             in language  on input line 1265.
Package babel Info: Redefining ngerman shorthand "~
(babel)             in language  on input line 1265.
 (./HM12_Zusammenfassung_01.bbl
Package babel Info: Redefining ngerman shorthand "|
(babel)             in language  on input line 1.
Package babel Info: Redefining ngerman shorthand "~
(babel)             in language  on input line 1.
LaTeX Font Info:    Try loading font information for T1+cmtt on input line 15.

(/usr/share/texmf-dist/tex/latex/base/t1cmtt.fd
File: t1cmtt.fd 2014/09/29 v2.5h Standard LaTeX font definitions
)
Underfull \hbox (badness 10000) in paragraph at lines 15--15
[]| | \T1/cmr/m/n/12 Wikimedia-Foundation (2018), `Par-ti-ti-on (men-gen-leh-re
)', [][]$\T1/cmtt/m/n/12 https : / / de .
 []


Underfull \hbox (badness 5847) in paragraph at lines 15--15
\T1/cmtt/m/n/12 wikipedia . org / wiki / Partition _ (Mengenlehre)$[][]\T1/cmr/
m/n/12 .  Ac-ces-sed: 2018-04-
 []

)
Package atveryend Info: Empty hook `BeforeClearDocument' on input line 1270.

Overfull \vbox (2.60004pt too high) has occurred while \output is active []

Package babel Info: Redefining ngerman shorthand "|
(babel)             in language  on input line 1270.
Package babel Info: Redefining ngerman shorthand "~
(babel)             in language  on input line 1270.

[31]
Package atveryend Info: Empty hook `AfterLastShipout' on input line 1270.
 (./HM12_Zusammenfassung_01.aux)
Package atveryend Info: Executing hook `AtVeryEndDocument' on input line 1270.
Package atveryend Info: Executing hook `AtEndAfterFileList' on input line 1270.

Package rerunfilecheck Info: File `HM12_Zusammenfassung_01.out' has not changed
.
(rerunfilecheck)             Checksum: 1E8C7B72E415D1F3D4A5D95F2C4C2522;8487.


LaTeX Warning: There were multiply-defined labels.

Package atveryend Info: Empty hook `AtVeryVeryEnd' on input line 1270.
 ) 
Here is how much of TeX's memory you used:
 9441 strings out of 492642
 129211 string characters out of 6135565
 354728 words of memory out of 5000000
 12868 multiletter control sequences out of 15000+600000
 27277 words of font info for 82 fonts, out of 8000000 for 9000
 1141 hyphenation exceptions out of 8191
 29i,20n,36p,870b,493s stack positions out of 5000i,500n,10000p,200000b,80000s
{/usr/share/texmf-dist/fonts/enc/dvips/cm-super/cm-super-t1.enc}</usr/share/t
exmf-dist/fonts/type1/public/amsfonts/cm/cmex10.pfb></usr/share/texmf-dist/font
s/type1/public/amsfonts/cm/cmmi12.pfb></usr/share/texmf-dist/fonts/type1/public
/amsfonts/cm/cmmi6.pfb></usr/share/texmf-dist/fonts/type1/public/amsfonts/cm/cm
mi8.pfb></usr/share/texmf-dist/fonts/type1/public/amsfonts/cm/cmr12.pfb></usr/s
hare/texmf-dist/fonts/type1/public/amsfonts/cm/cmr6.pfb></usr/share/texmf-dist/
fonts/type1/public/amsfonts/cm/cmr8.pfb></usr/share/texmf-dist/fonts/type1/publ
ic/amsfonts/cm/cmsy10.pfb></usr/share/texmf-dist/fonts/type1/public/amsfonts/cm
/cmsy6.pfb></usr/share/texmf-dist/fonts/type1/public/amsfonts/cm/cmsy8.pfb></us
r/share/texmf-dist/fonts/type1/public/amsfonts/latxfont/line10.pfb></usr/share/
texmf-dist/fonts/type1/public/amsfonts/symbols/msam10.pfb></usr/share/texmf-dis
t/fonts/type1/public/amsfonts/symbols/msbm10.pfb></usr/share/texmf-dist/fonts/t
ype1/public/cm-super/sfbi1200.pfb></usr/share/texmf-dist/fonts/type1/public/cm-
super/sfbx1200.pfb></usr/share/texmf-dist/fonts/type1/public/cm-super/sfbx1440.
pfb></usr/share/texmf-dist/fonts/type1/public/cm-super/sfbx1728.pfb></usr/share
/texmf-dist/fonts/type1/public/cm-super/sfrm0800.pfb></usr/share/texmf-dist/fon
ts/type1/public/cm-super/sfrm1200.pfb></usr/share/texmf-dist/fonts/type1/public
/cm-super/sfrm2074.pfb></usr/share/texmf-dist/fonts/type1/public/cm-super/sfsl1
200.pfb></usr/share/texmf-dist/fonts/type1/public/cm-super/sfti1200.pfb></usr/s
hare/texmf-dist/fonts/type1/public/cm-super/sftt1200.pfb></usr/share/texmf-dist
/fonts/type1/public/stmaryrd/stmary10.pfb>
Output written on HM12_Zusammenfassung_01.pdf (31 pages, 421616 bytes).
PDF statistics:
 1035 PDF objects out of 1200 (max. 8388607)
 940 compressed objects within 10 object streams
 287 named destinations out of 1000 (max. 500000)
 881 words of extra memory for PDF output out of 10000 (max. 10000000)

