This is pdfTeX, Version 3.14159265-2.6-1.40.19 (TeX Live 2018/Arch Linux) (preloaded format=pdflatex 2019.2.19)  13 MAR 2019 23:03
entering extended mode
 restricted \write18 enabled.
 %&-line parsing enabled.
**HM12_Kurzzusammenfassung_01.tex
(./HM12_Kurzzusammenfassung_01.tex
LaTeX2e <2018-12-01>
(/usr/share/texmf-dist/tex/latex/base/report.cls
Document Class: report 2018/09/03 v1.4i Standard LaTeX document class
(/usr/share/texmf-dist/tex/latex/base/size12.clo
File: size12.clo 2018/09/03 v1.4i Standard LaTeX file (size option)
)
\c@part=\count80
\c@chapter=\count81
\c@section=\count82
\c@subsection=\count83
\c@subsubsection=\count84
\c@paragraph=\count85
\c@subparagraph=\count86
\c@figure=\count87
\c@table=\count88
\abovecaptionskip=\skip41
\belowcaptionskip=\skip42
\bibindent=\dimen102
)
(/usr/share/texmf-dist/tex/latex/geometry/geometry.sty
Package: geometry 2018/04/16 v5.8 Page Geometry

(/usr/share/texmf-dist/tex/latex/graphics/keyval.sty
Package: keyval 2014/10/28 v1.15 key=value parser (DPC)
\KV@toks@=\toks14
)
(/usr/share/texmf-dist/tex/generic/oberdiek/ifpdf.sty
Package: ifpdf 2018/09/07 v3.3 Provides the ifpdf switch
)
(/usr/share/texmf-dist/tex/generic/oberdiek/ifvtex.sty
Package: ifvtex 2016/05/16 v1.6 Detect VTeX and its facilities (HO)
Package ifvtex Info: VTeX not detected.
)
(/usr/share/texmf-dist/tex/generic/ifxetex/ifxetex.sty
Package: ifxetex 2010/09/12 v0.6 Provides ifxetex conditional
)
\Gm@cnth=\count89
\Gm@cntv=\count90
\c@Gm@tempcnt=\count91
\Gm@bindingoffset=\dimen103
\Gm@wd@mp=\dimen104
\Gm@odd@mp=\dimen105
\Gm@even@mp=\dimen106
\Gm@layoutwidth=\dimen107
\Gm@layoutheight=\dimen108
\Gm@layouthoffset=\dimen109
\Gm@layoutvoffset=\dimen110
\Gm@dimlist=\toks15
)
(/usr/share/texmf-dist/tex/latex/lipsum/lipsum.sty
(/usr/share/texmf-dist/tex/latex/l3kernel/expl3.sty
Package: expl3 2019-02-15 L3 programming layer (loader) 

(/usr/share/texmf-dist/tex/latex/l3kernel/expl3-code.tex
Package: expl3 2019-02-15 L3 programming layer (code)
\c_max_int=\count92
\l_tmpa_int=\count93
\l_tmpb_int=\count94
\g_tmpa_int=\count95
\g_tmpb_int=\count96
\g__kernel_prg_map_int=\count97
\c_log_iow=\count98
\l_iow_line_count_int=\count99
\l__iow_line_target_int=\count100
\l__iow_one_indent_int=\count101
\l__iow_indent_int=\count102
\c_zero_dim=\dimen111
\c_max_dim=\dimen112
\l_tmpa_dim=\dimen113
\l_tmpb_dim=\dimen114
\g_tmpa_dim=\dimen115
\g_tmpb_dim=\dimen116
\c_zero_skip=\skip43
\c_max_skip=\skip44
\l_tmpa_skip=\skip45
\l_tmpb_skip=\skip46
\g_tmpa_skip=\skip47
\g_tmpb_skip=\skip48
\c_zero_muskip=\muskip10
\c_max_muskip=\muskip11
\l_tmpa_muskip=\muskip12
\l_tmpb_muskip=\muskip13
\g_tmpa_muskip=\muskip14
\g_tmpb_muskip=\muskip15
\l_keys_choice_int=\count103
\l__intarray_loop_int=\count104
\c__intarray_sp_dim=\dimen117
\g__intarray_font_int=\count105
\c__fp_leading_shift_int=\count106
\c__fp_middle_shift_int=\count107
\c__fp_trailing_shift_int=\count108
\c__fp_big_leading_shift_int=\count109
\c__fp_big_middle_shift_int=\count110
\c__fp_big_trailing_shift_int=\count111
\c__fp_Bigg_leading_shift_int=\count112
\c__fp_Bigg_middle_shift_int=\count113
\c__fp_Bigg_trailing_shift_int=\count114
\c__kernel_randint_max_int=\count115
\g__fp_array_int=\count116
\l__fp_array_loop_int=\count117
\l__sort_length_int=\count118
\l__sort_min_int=\count119
\l__sort_top_int=\count120
\l__sort_max_int=\count121
\l__sort_true_max_int=\count122
\l__sort_block_int=\count123
\l__sort_begin_int=\count124
\l__sort_end_int=\count125
\l__sort_A_int=\count126
\l__sort_B_int=\count127
\l__sort_C_int=\count128
\l__tl_analysis_normal_int=\count129
\l__tl_analysis_index_int=\count130
\l__tl_analysis_nesting_int=\count131
\l__tl_analysis_type_int=\count132
\l__regex_internal_a_int=\count133
\l__regex_internal_b_int=\count134
\l__regex_internal_c_int=\count135
\l__regex_balance_int=\count136
\l__regex_group_level_int=\count137
\l__regex_mode_int=\count138
\c__regex_cs_in_class_mode_int=\count139
\c__regex_cs_mode_int=\count140
\l__regex_catcodes_int=\count141
\l__regex_default_catcodes_int=\count142
\c__regex_catcode_D_int=\count143
\c__regex_catcode_S_int=\count144
\c__regex_catcode_L_int=\count145
\c__regex_catcode_O_int=\count146
\c__regex_catcode_A_int=\count147
\c__regex_all_catcodes_int=\count148
\l__regex_show_lines_int=\count149
\l__regex_min_state_int=\count150
\l__regex_max_state_int=\count151
\l__regex_left_state_int=\count152
\l__regex_right_state_int=\count153
\l__regex_capturing_group_int=\count154
\l__regex_min_pos_int=\count155
\l__regex_max_pos_int=\count156
\l__regex_curr_pos_int=\count157
\l__regex_start_pos_int=\count158
\l__regex_success_pos_int=\count159
\l__regex_curr_char_int=\count160
\l__regex_curr_catcode_int=\count161
\l__regex_last_char_int=\count162
\l__regex_case_changed_char_int=\count163
\l__regex_curr_state_int=\count164
\l__regex_step_int=\count165
\l__regex_min_active_int=\count166
\l__regex_max_active_int=\count167
\l__regex_replacement_csnames_int=\count168
\l__regex_match_count_int=\count169
\l__regex_min_submatch_int=\count170
\l__regex_submatch_int=\count171
\l__regex_zeroth_submatch_int=\count172
\g__regex_trace_regex_int=\count173
\c_empty_box=\box27
\l_tmpa_box=\box28
\l_tmpb_box=\box29
\g_tmpa_box=\box30
\g_tmpb_box=\box31
\l__box_top_dim=\dimen118
\l__box_bottom_dim=\dimen119
\l__box_left_dim=\dimen120
\l__box_right_dim=\dimen121
\l__box_top_new_dim=\dimen122
\l__box_bottom_new_dim=\dimen123
\l__box_left_new_dim=\dimen124
\l__box_right_new_dim=\dimen125
\l__box_internal_box=\box32
\l__coffin_internal_box=\box33
\l__coffin_internal_dim=\dimen126
\l__coffin_offset_x_dim=\dimen127
\l__coffin_offset_y_dim=\dimen128
\l__coffin_x_dim=\dimen129
\l__coffin_y_dim=\dimen130
\l__coffin_x_prime_dim=\dimen131
\l__coffin_y_prime_dim=\dimen132
\c_empty_coffin=\box34
\l__coffin_aligned_coffin=\box35
\l__coffin_aligned_internal_coffin=\box36
\l_tmpa_coffin=\box37
\l_tmpb_coffin=\box38
\g_tmpa_coffin=\box39
\g_tmpb_coffin=\box40
\c__coffin_empty_coffin=\box41
\l__coffin_display_coffin=\box42
\l__coffin_display_coord_coffin=\box43
\l__coffin_display_pole_coffin=\box44
\l__coffin_display_offset_dim=\dimen133
\l__coffin_display_x_dim=\dimen134
\l__coffin_display_y_dim=\dimen135
\g__file_internal_ior=\read1
\l__coffin_bounding_shift_dim=\dimen136
\l__coffin_left_corner_dim=\dimen137
\l__coffin_right_corner_dim=\dimen138
\l__coffin_bottom_corner_dim=\dimen139
\l__coffin_top_corner_dim=\dimen140
\l__coffin_scaled_total_height_dim=\dimen141
\l__coffin_scaled_width_dim=\dimen142
\l__seq_internal_a_int=\count174
\l__seq_internal_b_int=\count175
)
(/usr/share/texmf-dist/tex/latex/l3kernel/l3pdfmode.def
File: l3pdfmode.def 2019-02-15 v L3 Experimental driver: PDF mode
\l__driver_color_stack_int=\count176
))
(/usr/share/texmf-dist/tex/latex/l3packages/xparse/xparse.sty
Package: xparse 2018-10-17 L3 Experimental document command parser
\l__xparse_current_arg_int=\count177
\g__xparse_grabber_int=\count178
\l__xparse_m_args_int=\count179
\l__xparse_mandatory_args_int=\count180
\l__xparse_v_nesting_int=\count181
)
Package: lipsum 2019/01/02 v2.2 150 paragraphs of Lorem Ipsum dummy text

(/usr/share/texmf-dist/tex/latex/lipsum/lipsum.ltd.tex
File: lipsum.ltd.tex 2019/01/02 v2.2 The Lorem ipsum dummy text
))
(/usr/share/texmf-dist/tex/latex/csquotes/csquotes.sty
Package: csquotes 2018/04/13 v5.2d context-sensitive quotations (JAW)

(/usr/share/texmf-dist/tex/latex/etoolbox/etoolbox.sty
Package: etoolbox 2018/08/19 v2.5f e-TeX tools for LaTeX (JAW)
\etb@tempcnta=\count182
)
\csq@reset=\count183
\csq@gtype=\count184
\csq@glevel=\count185
\csq@qlevel=\count186
\csq@maxlvl=\count187
\csq@tshold=\count188
\csq@ltx@everypar=\toks16

(/usr/share/texmf-dist/tex/latex/csquotes/csquotes.def
File: csquotes.def 2018/04/13 v5.2d csquotes generic definitions (JAW)
)
Package csquotes Info: Trying to load configuration file 'csquotes.cfg'...
Package csquotes Info: ... configuration file loaded successfully.

(/usr/share/texmf-dist/tex/latex/csquotes/csquotes.cfg
File: csquotes.cfg 
))
(/usr/share/texmf-dist/tex/latex/base/fontenc.sty
Package: fontenc 2018/08/11 v2.0j Standard LaTeX package

(/usr/share/texmf-dist/tex/latex/base/t1enc.def
File: t1enc.def 2018/08/11 v2.0j Standard LaTeX file
LaTeX Font Info:    Redeclaring font encoding T1 on input line 48.
))
(/usr/share/texmf-dist/tex/generic/babel/babel.sty
Package: babel 2018/11/13 3.27 The Babel package

(/usr/share/texmf-dist/tex/generic/babel/switch.def
File: switch.def 2018/11/13 3.27 Babel switching mechanism
)
(/usr/share/texmf-dist/tex/generic/babel-german/ngerman.ldf
Language: ngerman 2018/12/08 v2.11 German support for babel (post-1996 orthogra
phy)

(/usr/share/texmf-dist/tex/generic/babel-german/ngermanb.ldf
Language: ngermanb 2018/12/08 v2.11 German support for babel (post-1996 orthogr
aphy)

(/usr/share/texmf-dist/tex/generic/babel/babel.def
File: babel.def 2018/11/13 3.27 Babel common definitions
\babel@savecnt=\count189
\U@D=\dimen143

(/usr/share/texmf-dist/tex/generic/babel/txtbabel.def)
\bbl@dirlevel=\count190
)
Package babel Info: Making " an active character on input line 121.
)))
(/usr/share/texmf-dist/tex/latex/base/inputenc.sty
Package: inputenc 2018/08/11 v1.3c Input encoding file
\inpenc@prehook=\toks17
\inpenc@posthook=\toks18
)
(/usr/share/texmf-dist/tex/latex/eurosym/eurosym.sty
Package: eurosym 1998/08/06 v1.1 European currency symbol ``Euro''
\@eurobox=\box45
)
(/usr/share/texmf-dist/tex/latex/graphics/graphicx.sty
Package: graphicx 2017/06/01 v1.1a Enhanced LaTeX Graphics (DPC,SPQR)

(/usr/share/texmf-dist/tex/latex/graphics/graphics.sty
Package: graphics 2017/06/25 v1.2c Standard LaTeX Graphics (DPC,SPQR)

(/usr/share/texmf-dist/tex/latex/graphics/trig.sty
Package: trig 2016/01/03 v1.10 sin cos tan (DPC)
)
(/usr/share/texmf-dist/tex/latex/graphics-cfg/graphics.cfg
File: graphics.cfg 2016/06/04 v1.11 sample graphics configuration
)
Package graphics Info: Driver file: pdftex.def on input line 99.

(/usr/share/texmf-dist/tex/latex/graphics-def/pdftex.def
File: pdftex.def 2018/01/08 v1.0l Graphics/color driver for pdftex
))
\Gin@req@height=\dimen144
\Gin@req@width=\dimen145
)
(/usr/share/texmf-dist/tex/latex/caption/caption.sty
Package: caption 2018/10/06 v3.3-154 Customizing captions (AR)

(/usr/share/texmf-dist/tex/latex/caption/caption3.sty
Package: caption3 2018/09/12 v1.8c caption3 kernel (AR)
Package caption3 Info: TeX engine: e-TeX on input line 64.
\captionmargin=\dimen146
\captionmargin@=\dimen147
\captionwidth=\dimen148
\caption@tempdima=\dimen149
\caption@indent=\dimen150
\caption@parindent=\dimen151
\caption@hangindent=\dimen152
)
\c@caption@flags=\count191
\c@ContinuedFloat=\count192
)
(/usr/share/texmf-dist/tex/latex/xcolor/xcolor.sty
Package: xcolor 2016/05/11 v2.12 LaTeX color extensions (UK)

(/usr/share/texmf-dist/tex/latex/graphics-cfg/color.cfg
File: color.cfg 2016/01/02 v1.6 sample color configuration
)
Package xcolor Info: Driver file: pdftex.def on input line 225.
Package xcolor Info: Model `cmy' substituted by `cmy0' on input line 1348.
Package xcolor Info: Model `hsb' substituted by `rgb' on input line 1352.
Package xcolor Info: Model `RGB' extended on input line 1364.
Package xcolor Info: Model `HTML' substituted by `rgb' on input line 1366.
Package xcolor Info: Model `Hsb' substituted by `hsb' on input line 1367.
Package xcolor Info: Model `tHsb' substituted by `hsb' on input line 1368.
Package xcolor Info: Model `HSB' substituted by `hsb' on input line 1369.
Package xcolor Info: Model `Gray' substituted by `gray' on input line 1370.
Package xcolor Info: Model `wave' substituted by `hsb' on input line 1371.

(/usr/share/texmf-dist/tex/latex/graphics/dvipsnam.def
File: dvipsnam.def 2016/06/17 v3.0m Driver-dependent file (DPC,SPQR)
))
(/usr/share/texmf-dist/tex/latex/cancel/cancel.sty
Package: cancel 2013/04/12 v2.2 Cancel math terms
)
(/usr/share/texmf-dist/tex/latex/titlesec/titlesec.sty
Package: titlesec 2016/03/21 v2.10.2 Sectioning titles
\ttl@box=\box46
\beforetitleunit=\skip49
\aftertitleunit=\skip50
\ttl@plus=\dimen153
\ttl@minus=\dimen154
\ttl@toksa=\toks19
\titlewidth=\dimen155
\titlewidthlast=\dimen156
\titlewidthfirst=\dimen157
)
(/usr/share/texmf-dist/tex/latex/cite/cite.sty
LaTeX Info: Redefining \cite on input line 302.
LaTeX Info: Redefining \nocite on input line 332.
Package: cite 2015/02/27  v 5.5
)
(/usr/share/texmf-dist/tex/latex/filecontents/filecontents.sty
Package: filecontents 2018/05/30 v1.4 Create an external file from within a LaT
eX document
)
(/usr/share/texmf-dist/tex/latex/tools/tabularx.sty
Package: tabularx 2016/02/03 v2.11b `tabularx' package (DPC)

(/usr/share/texmf-dist/tex/latex/tools/array.sty
Package: array 2018/12/30 v2.4k Tabular extension package (FMi)
\col@sep=\dimen158
\ar@mcellbox=\box47
\extrarowheight=\dimen159
\NC@list=\toks20
\extratabsurround=\skip51
\backup@length=\skip52
\ar@cellbox=\box48
)
\TX@col@width=\dimen160
\TX@old@table=\dimen161
\TX@old@col=\dimen162
\TX@target=\dimen163
\TX@delta=\dimen164
\TX@cols=\count193
\TX@ftn=\toks21
)
(/usr/share/texmf-dist/tex/latex/harvard/harvard.sty
Package: harvard 

(/usr/share/texmf-dist/tex/latex/base/ifthen.sty
Package: ifthen 2014/09/29 v1.1c Standard LaTeX ifthen package (DPC)
))
(/usr/share/texmf-dist/tex/latex/units/units.sty
Package: units 1998/08/04 v0.9b Typesetting units

(/usr/share/texmf-dist/tex/latex/units/nicefrac.sty
Package: nicefrac 1998/08/04 v0.9b Nice fractions
\L@UnitsRaiseDisplaystyle=\skip53
\L@UnitsRaiseTextstyle=\skip54
\L@UnitsRaiseScriptstyle=\skip55
))
(/usr/share/texmf-dist/tex/latex/tools/longtable.sty
Package: longtable 2014/10/28 v4.11 Multi-page Table package (DPC)+ FMi change
\LTleft=\skip56
\LTright=\skip57
\LTpre=\skip58
\LTpost=\skip59
\LTchunksize=\count194
\LTcapwidth=\dimen165
\LT@head=\box49
\LT@firsthead=\box50
\LT@foot=\box51
\LT@lastfoot=\box52
\LT@cols=\count195
\LT@rows=\count196
\c@LT@tables=\count197
\c@LT@chunks=\count198
\LT@p@ftn=\toks22
)
(/usr/share/texmf-dist/tex/latex/multirow/multirow.sty
Package: multirow 2019/01/01 v2.4 Span multiple rows of a table
\multirow@colwidth=\skip60
\multirow@cntb=\count199
\multirow@dima=\skip61
\bigstrutjot=\dimen166
)
(/usr/share/texmf-dist/tex/latex/chngcntr/chngcntr.sty
Package: chngcntr 2018/04/09 v1.1a change counter resetting
Package chngcntr Info: \counterwithout already defined.
(chngcntr)             Quitting chngcntr on input line 21.
)
(/usr/share/texmf-dist/tex/latex/stmaryrd/stmaryrd.sty
Package: stmaryrd 1994/03/03 St Mary's Road symbol package
\symstmry=\mathgroup4
LaTeX Font Info:    Overwriting symbol font `stmry' in version `bold'
(Font)                  U/stmry/m/n --> U/stmry/b/n on input line 89.
)
(/usr/share/texmf-dist/tex/latex/autobreak/autobreak.sty
Package: autobreak 2017/02/23 v0.3 simple line breaking of long formulae
\everybeforeautobreak=\toks23
\everyafterautobreak=\toks24
\@autobreak@alltoks=\toks25
\@autobreak@linetoks=\toks26
\@autobreak@lhswidth=\dimen167
\@autobreak@rhswidth=\dimen168
\@autobreak@maxlhswidth=\dimen169
\@autobreak@realmaxlhswidth=\dimen170
\@autobreak@maxrhswidth=\dimen171
\c@@autobreak@eqnindex=\count266
\c@@autobreak@subeqnindex=\count267

(/usr/share/texmf-dist/tex/latex/amsmath/amsmath.sty
Package: amsmath 2018/12/01 v2.17b AMS math features
\@mathmargin=\skip62

For additional information on amsmath, use the `?' option.
(/usr/share/texmf-dist/tex/latex/amsmath/amstext.sty
Package: amstext 2000/06/29 v2.01 AMS text

(/usr/share/texmf-dist/tex/latex/amsmath/amsgen.sty
File: amsgen.sty 1999/11/30 v2.0 generic functions
\@emptytoks=\toks27
\ex@=\dimen172
))
(/usr/share/texmf-dist/tex/latex/amsmath/amsbsy.sty
Package: amsbsy 1999/11/29 v1.2d Bold Symbols
\pmbraise@=\dimen173
)
(/usr/share/texmf-dist/tex/latex/amsmath/amsopn.sty
Package: amsopn 2016/03/08 v2.02 operator names
)
\inf@bad=\count268
LaTeX Info: Redefining \frac on input line 223.
\uproot@=\count269
\leftroot@=\count270
LaTeX Info: Redefining \overline on input line 385.
\classnum@=\count271
\DOTSCASE@=\count272
LaTeX Info: Redefining \ldots on input line 482.
LaTeX Info: Redefining \dots on input line 485.
LaTeX Info: Redefining \cdots on input line 606.
\Mathstrutbox@=\box53
\strutbox@=\box54
\big@size=\dimen174
LaTeX Font Info:    Redeclaring font encoding OML on input line 729.
LaTeX Font Info:    Redeclaring font encoding OMS on input line 730.
\macc@depth=\count273
\c@MaxMatrixCols=\count274
\dotsspace@=\muskip16
\c@parentequation=\count275
\dspbrk@lvl=\count276
\tag@help=\toks28
\row@=\count277
\column@=\count278
\maxfields@=\count279
\andhelp@=\toks29
\eqnshift@=\dimen175
\alignsep@=\dimen176
\tagshift@=\dimen177
\tagwidth@=\dimen178
\totwidth@=\dimen179
\lineht@=\dimen180
\@envbody=\toks30
\multlinegap=\skip63
\multlinetaggap=\skip64
\mathdisplay@stack=\toks31
LaTeX Info: Redefining \[ on input line 2844.
LaTeX Info: Redefining \] on input line 2845.
)
(/usr/share/texmf-dist/tex/generic/oberdiek/catchfile.sty
Package: catchfile 2016/05/16 v1.7 Catch the contents of a file (HO)

(/usr/share/texmf-dist/tex/generic/oberdiek/infwarerr.sty
Package: infwarerr 2016/05/16 v1.4 Providing info/warning/error messages (HO)
)
(/usr/share/texmf-dist/tex/generic/oberdiek/ltxcmds.sty
Package: ltxcmds 2016/05/16 v1.23 LaTeX kernel commands for general use (HO)
)
(/usr/share/texmf-dist/tex/generic/oberdiek/etexcmds.sty
Package: etexcmds 2016/05/16 v1.6 Avoid name clashes with e-TeX commands (HO)

(/usr/share/texmf-dist/tex/generic/oberdiek/ifluatex.sty
Package: ifluatex 2016/05/16 v1.4 Provides the ifluatex switch (HO)
Package ifluatex Info: LuaTeX not detected.
)
Package etexcmds Info: Could not find \expanded.
(etexcmds)             That can mean that you are not using pdfTeX 1.50 or
(etexcmds)             that some package has redefined \expanded.
(etexcmds)             In the latter case, load this package earlier.
)))
(/usr/share/texmf-dist/tex/latex/booktabs/booktabs.sty
Package: booktabs 2016/04/27 v1.618033 publication quality tables
\heavyrulewidth=\dimen181
\lightrulewidth=\dimen182
\cmidrulewidth=\dimen183
\belowrulesep=\dimen184
\belowbottomsep=\dimen185
\aboverulesep=\dimen186
\abovetopsep=\dimen187
\cmidrulesep=\dimen188
\cmidrulekern=\dimen189
\defaultaddspace=\dimen190
\@cmidla=\count280
\@cmidlb=\count281
\@aboverulesep=\dimen191
\@belowrulesep=\dimen192
\@thisruleclass=\count282
\@lastruleclass=\count283
\@thisrulewidth=\dimen193
)
(/usr/share/texmf-dist/tex/latex/float/float.sty
Package: float 2001/11/08 v1.3d Float enhancements (AL)
\c@float@type=\count284
\float@exts=\toks32
\float@box=\box55
\@float@everytoks=\toks33
\@floatcapt=\box56
)
(/usr/share/texmf-dist/tex/latex/wrapfig/wrapfig.sty
\wrapoverhang=\dimen194
\WF@size=\dimen195
\c@WF@wrappedlines=\count285
\WF@box=\box57
\WF@everypar=\toks34
Package: wrapfig 2003/01/31  v 3.6
)
(/usr/share/texmf-dist/tex/latex/tools/hhline.sty
Package: hhline 2014/10/28 v2.03 Table rule package (DPC)
)
(/usr/share/texmf-dist/tex/latex/tocbibind/tocbibind.sty
Package: tocbibind 2010/10/13 v1.5k extra ToC listings
Package tocbibind Info: The document has chapter divisions on input line 50.


Package tocbibind Note: Using chapter style headings, unless overridden.

) (/usr/share/texmf-dist/tex/latex/siunitx/siunitx.sty
Package: siunitx 2018/05/17 v2.7s A comprehensive (SI) units package

(/usr/share/texmf-dist/tex/latex/l3packages/l3keys2e/l3keys2e.sty
Package: l3keys2e 2018-10-17 LaTeX2e option processing using LaTeX3 keys
)
\l__siunitx_tmp_box=\box58
\l__siunitx_tmp_dim=\dimen196
\l__siunitx_tmp_int=\count286
\l__siunitx_number_mantissa_length_int=\count287
\l__siunitx_number_uncert_length_int=\count288
\l__siunitx_round_int=\count289
\l__siunitx_process_decimal_int=\count290
\l__siunitx_process_uncertainty_int=\count291
\l__siunitx_process_fixed_int=\count292
\l__siunitx_process_integer_min_int=\count293
\l__siunitx_process_precision_int=\count294
\l__siunitx_group_min_int=\count295
\l__siunitx_angle_marker_box=\box59
\l__siunitx_angle_unit_box=\box60
\l__siunitx_angle_marker_dim=\dimen197
\l__siunitx_angle_unit_dim=\dimen198
\l__siunitx_unit_int=\count296
\l__siunitx_unit_denominator_int=\count297
\l__siunitx_unit_numerator_int=\count298
\l__siunitx_unit_prefix_int=\count299
\l__siunitx_unit_prefix_base_int=\count300
\l__siunitx_unit_prefix_gram_int=\count301
\l__siunitx_number_product_int=\count302
\c__siunitx_one_fill_skip=\skip65
\l__siunitx_table_unit_align_skip=\skip66
\l__siunitx_table_exponent_dim=\dimen199
\l__siunitx_table_integer_dim=\dimen256
\l__siunitx_table_mantissa_dim=\dimen257
\l__siunitx_table_marker_dim=\dimen258
\l__siunitx_table_result_dim=\dimen259
\l__siunitx_table_uncert_dim=\dimen260
\l__siunitx_table_fill_pre_dim=\dimen261
\l__siunitx_table_fill_post_dim=\dimen262
\l__siunitx_table_fill_mid_dim=\dimen263
\l__siunitx_table_pre_box=\box61
\l__siunitx_table_post_box=\box62
\l__siunitx_table_mantissa_box=\box63
\l__siunitx_table_result_box=\box64
\l__siunitx_table_number_align_skip=\skip67
\l__siunitx_table_text_align_skip=\skip68

(/usr/share/texmf-dist/tex/latex/translator/translator.sty
Package: translator 2018/01/04 v1.12 Easy translation of strings in LaTeX
))
(/usr/share/texmf-dist/tex/latex/esvect/esvect.sty
Package: esvect 
\symesvector=\mathgroup5
)
(/usr/share/texmf-dist/tex/latex/trfsigns/trfsigns.sty
Package: trfsigns 
)
(/usr/share/texmf-dist/tex/latex/tools/calc.sty
Package: calc 2017/05/25 v4.3 Infix arithmetic (KKT,FJ)
\calc@Acount=\count303
\calc@Bcount=\count304
\calc@Adimen=\dimen264
\calc@Bdimen=\dimen265
\calc@Askip=\skip69
\calc@Bskip=\skip70
LaTeX Info: Redefining \setlength on input line 80.
LaTeX Info: Redefining \addtolength on input line 81.
\calc@Ccount=\count305
\calc@Cskip=\skip71
)
(/usr/share/texmf-dist/tex/latex/amsfonts/amssymb.sty
Package: amssymb 2013/01/14 v3.01 AMS font symbols

(/usr/share/texmf-dist/tex/latex/amsfonts/amsfonts.sty
Package: amsfonts 2013/01/14 v3.01 Basic AMSFonts support
\symAMSa=\mathgroup6
\symAMSb=\mathgroup7
LaTeX Font Info:    Overwriting math alphabet `\mathfrak' in version `bold'
(Font)                  U/euf/m/n --> U/euf/b/n on input line 106.
)
LaTeX Font Info:    Redeclaring math symbol \boxdot on input line 44.
)
(/usr/share/texmf-dist/tex/latex/amscls/amsthm.sty
Package: amsthm 2017/10/31 v2.20.4
\thm@style=\toks35
\thm@bodyfont=\toks36
\thm@headfont=\toks37
\thm@notefont=\toks38
\thm@headpunct=\toks39
\thm@preskip=\skip72
\thm@postskip=\skip73
\thm@headsep=\skip74
\dth@everypar=\toks40
)
(/usr/share/texmf-dist/tex/latex/koma-script/scrpage2.sty
Package: scrpage2 2019/02/01 v3.26b KOMA-Script package (page head and foot)


Package scrpage2 Warning: usage of obsolete package!
(scrpage2)                Package `scrpage2' is obsolete.
(scrpage2)                You should not longer use package `scrpage2'.
(scrpage2)                You should replace usage of package `scrpage2'
(scrpage2)                by `scrlayer-scrpage' on input line 52.

) (/usr/share/texmf-dist/tex/latex/hyperref/hyperref.sty
Package: hyperref 2018/11/30 v6.88e Hypertext links for LaTeX

(/usr/share/texmf-dist/tex/generic/oberdiek/hobsub-hyperref.sty
Package: hobsub-hyperref 2016/05/16 v1.14 Bundle oberdiek, subset hyperref (HO)


(/usr/share/texmf-dist/tex/generic/oberdiek/hobsub-generic.sty
Package: hobsub-generic 2016/05/16 v1.14 Bundle oberdiek, subset generic (HO)
Package: hobsub 2016/05/16 v1.14 Construct package bundles (HO)
Package hobsub Info: Skipping package `infwarerr' (already loaded).
Package hobsub Info: Skipping package `ltxcmds' (already loaded).
Package hobsub Info: Skipping package `ifluatex' (already loaded).
Package hobsub Info: Skipping package `ifvtex' (already loaded).
Package: intcalc 2016/05/16 v1.2 Expandable calculations with integers (HO)
Package hobsub Info: Skipping package `ifpdf' (already loaded).
Package hobsub Info: Skipping package `etexcmds' (already loaded).
Package: kvsetkeys 2016/05/16 v1.17 Key value parser (HO)
Package: kvdefinekeys 2016/05/16 v1.4 Define keys (HO)
Package: pdftexcmds 2018/09/10 v0.29 Utility functions of pdfTeX for LuaTeX (HO
)
Package pdftexcmds Info: LuaTeX not detected.
Package pdftexcmds Info: \pdf@primitive is available.
Package pdftexcmds Info: \pdf@ifprimitive is available.
Package pdftexcmds Info: \pdfdraftmode found.
Package: pdfescape 2016/05/16 v1.14 Implements pdfTeX's escape features (HO)
Package: bigintcalc 2016/05/16 v1.4 Expandable calculations on big integers (HO
)
Package: bitset 2016/05/16 v1.2 Handle bit-vector datatype (HO)
Package: uniquecounter 2016/05/16 v1.3 Provide unlimited unique counter (HO)
)
Package hobsub Info: Skipping package `hobsub' (already loaded).
Package: letltxmacro 2016/05/16 v1.5 Let assignment for LaTeX macros (HO)
Package: hopatch 2016/05/16 v1.3 Wrapper for package hooks (HO)
Package: xcolor-patch 2016/05/16 xcolor patch
Package: atveryend 2016/05/16 v1.9 Hooks at the very end of document (HO)
Package: atbegshi 2016/06/09 v1.18 At begin shipout hook (HO)
Package: refcount 2016/05/16 v3.5 Data extraction from label references (HO)
Package: hycolor 2016/05/16 v1.8 Color options for hyperref/bookmark (HO)
)
(/usr/share/texmf-dist/tex/latex/oberdiek/auxhook.sty
Package: auxhook 2016/05/16 v1.4 Hooks for auxiliary files (HO)
)
(/usr/share/texmf-dist/tex/latex/oberdiek/kvoptions.sty
Package: kvoptions 2016/05/16 v3.12 Key value format for package options (HO)
)
\@linkdim=\dimen266
\Hy@linkcounter=\count306
\Hy@pagecounter=\count307

(/usr/share/texmf-dist/tex/latex/hyperref/pd1enc.def
File: pd1enc.def 2018/11/30 v6.88e Hyperref: PDFDocEncoding definition (HO)
Now handling font encoding PD1 ...
... no UTF-8 mapping file for font encoding PD1
)
\Hy@SavedSpaceFactor=\count308

(/usr/share/texmf-dist/tex/latex/latexconfig/hyperref.cfg
File: hyperref.cfg 2002/06/06 v1.2 hyperref configuration of TeXLive
)
Package hyperref Info: Option `colorlinks' set `true' on input line 4393.
Package hyperref Info: Option `pdfpagelabels' set `true' on input line 4393.
Package hyperref Info: Option `bookmarksopen' set `true' on input line 4393.
Package hyperref Info: Option `bookmarksnumbered' set `true' on input line 4393
.
Package hyperref Info: Option `plainpages' set `false' on input line 4393.
Package hyperref Info: Option `hypertexnames' set `false' on input line 4393.
Package hyperref Info: Hyper figures OFF on input line 4519.
Package hyperref Info: Link nesting OFF on input line 4524.
Package hyperref Info: Hyper index ON on input line 4527.
Package hyperref Info: Plain pages OFF on input line 4534.
Package hyperref Info: Backreferencing OFF on input line 4539.
Package hyperref Info: Implicit mode ON; LaTeX internals redefined.
Package hyperref Info: Bookmarks ON on input line 4772.
\c@Hy@tempcnt=\count309

(/usr/share/texmf-dist/tex/latex/url/url.sty
\Urlmuskip=\muskip17
Package: url 2013/09/16  ver 3.4  Verb mode for urls, etc.
)
LaTeX Info: Redefining \url on input line 5125.
\XeTeXLinkMargin=\dimen267
\Fld@menulength=\count310
\Field@Width=\dimen268
\Fld@charsize=\dimen269
Package hyperref Info: Hyper figures OFF on input line 6380.
Package hyperref Info: Link nesting OFF on input line 6385.
Package hyperref Info: Hyper index ON on input line 6388.
Package hyperref Info: backreferencing OFF on input line 6395.
Package hyperref Info: Link coloring ON on input line 6398.
Package hyperref Info: Link coloring with OCG OFF on input line 6405.
Package hyperref Info: PDF/A mode OFF on input line 6410.
LaTeX Info: Redefining \ref on input line 6450.
LaTeX Info: Redefining \pageref on input line 6454.
\Hy@abspage=\count311
\c@Item=\count312
\c@Hfootnote=\count313
)
Package hyperref Info: Driver (autodetected): hpdftex.

(/usr/share/texmf-dist/tex/latex/hyperref/hpdftex.def
File: hpdftex.def 2018/11/30 v6.88e Hyperref driver for pdfTeX
\Fld@listcount=\count314
\c@bookmark@seq@number=\count315

(/usr/share/texmf-dist/tex/latex/oberdiek/rerunfilecheck.sty
Package: rerunfilecheck 2016/05/16 v1.8 Rerun checks for auxiliary files (HO)
Package uniquecounter Info: New unique counter `rerunfilecheck' on input line 2
82.
)
\Hy@SectionHShift=\skip75
)
(./tex/helpers/helpers.tex) (./tex/helpers/maths.tex
\c@satz=\count316
\c@bem=\count317
\c@bsp=\count318
)
(./tex/helpers/citation.tex) (./tex/helpers/formula_functions.tex

Package array Warning: Column L is already defined on input line 7.

)

Package csquotes Warning: Load 'inputenc' before 'csquotes' on input line 89.

Package csquotes Info: Checking for multilingual support...
Package csquotes Info: ... found 'babel' package.
Package csquotes Info: Adjusting default style.
Package csquotes Info: Redefining alias 'default' -> 'ngerman'.
(./HM12_Kurzzusammenfassung_01.aux

LaTeX Warning: Label `eq:dgl_Ansatz_a' multiply defined.


LaTeX Warning: Label `fig:funkt_e_ln' multiply defined.


LaTeX Warning: Label `fig:folge_epsilon' multiply defined.


LaTeX Warning: Label `fig:funkt_sinh' multiply defined.


LaTeX Warning: Label `fig:reihe_potenzradius_r' multiply defined.


LaTeX Warning: Label `fig:reihe_potenzradius_c' multiply defined.


LaTeX Warning: Label `ax:vektorraumeig_uv' multiply defined.

)
\openout1 = `HM12_Kurzzusammenfassung_01.aux'.

LaTeX Font Info:    Checking defaults for OML/cmm/m/it on input line 89.
LaTeX Font Info:    ... okay on input line 89.
LaTeX Font Info:    Checking defaults for T1/cmr/m/n on input line 89.
LaTeX Font Info:    ... okay on input line 89.
LaTeX Font Info:    Checking defaults for OT1/cmr/m/n on input line 89.
LaTeX Font Info:    ... okay on input line 89.
LaTeX Font Info:    Checking defaults for OMS/cmsy/m/n on input line 89.
LaTeX Font Info:    ... okay on input line 89.
LaTeX Font Info:    Checking defaults for OMX/cmex/m/n on input line 89.
LaTeX Font Info:    ... okay on input line 89.
LaTeX Font Info:    Checking defaults for U/cmr/m/n on input line 89.
LaTeX Font Info:    ... okay on input line 89.
LaTeX Font Info:    Checking defaults for PD1/pdf/m/n on input line 89.
LaTeX Font Info:    ... okay on input line 89.

*geometry* driver: auto-detecting
*geometry* detected driver: pdftex
*geometry* verbose mode - [ preamble ] result:
* driver: pdftex
* paper: a4paper
* layout: <same size as paper>
* layoutoffset:(h,v)=(0.0pt,0.0pt)
* modes: 
* h-part:(L,W,R)=(89.62709pt, 418.25368pt, 89.6271pt)
* v-part:(T,H,B)=(85.35826pt, 674.33032pt, 85.35826pt)
* \paperwidth=597.50787pt
* \paperheight=845.04684pt
* \textwidth=418.25368pt
* \textheight=674.33032pt
* \oddsidemargin=17.3571pt
* \evensidemargin=17.3571pt
* \topmargin=-23.91173pt
* \headheight=12.0pt
* \headsep=25.0pt
* \topskip=12.0pt
* \footskip=30.0pt
* \marginparwidth=35.0pt
* \marginparsep=10.0pt
* \columnsep=10.0pt
* \skip\footins=10.8pt plus 4.0pt minus 2.0pt
* \hoffset=0.0pt
* \voffset=0.0pt
* \mag=1000
* \@twocolumnfalse
* \@twosidefalse
* \@mparswitchfalse
* \@reversemarginfalse
* (1in=72.27pt=25.4mm, 1cm=28.453pt)

(/usr/share/texmf-dist/tex/context/base/mkii/supp-pdf.mkii
[Loading MPS to PDF converter (version 2006.09.02).]
\scratchcounter=\count319
\scratchdimen=\dimen270
\scratchbox=\box65
\nofMPsegments=\count320
\nofMParguments=\count321
\everyMPshowfont=\toks41
\MPscratchCnt=\count322
\MPscratchDim=\dimen271
\MPnumerator=\count323
\makeMPintoPDFobject=\count324
\everyMPtoPDFconversion=\toks42
) (/usr/share/texmf-dist/tex/latex/oberdiek/epstopdf-base.sty
Package: epstopdf-base 2016/05/15 v2.6 Base part for package epstopdf

(/usr/share/texmf-dist/tex/latex/oberdiek/grfext.sty
Package: grfext 2016/05/16 v1.2 Manage graphics extensions (HO)
)
Package epstopdf-base Info: Redefining graphics rule for `.eps' on input line 4
38.
Package grfext Info: Graphics extension search list:
(grfext)             [.pdf,.png,.jpg,.mps,.jpeg,.jbig2,.jb2,.PDF,.PNG,.JPG,.JPE
G,.JBIG2,.JB2,.eps]
(grfext)             \AppendGraphicsExtensions on input line 456.

(/usr/share/texmf-dist/tex/latex/latexconfig/epstopdf-sys.cfg
File: epstopdf-sys.cfg 2010/07/13 v1.3 Configuration of (r)epstopdf for TeX Liv
e
))
Package caption Info: Begin \AtBeginDocument code.
Package caption Info: float package is loaded.
Package caption Info: hyperref package is loaded.
Package caption Info: longtable package is loaded.

(/usr/share/texmf-dist/tex/latex/caption/ltcaption.sty
Package: ltcaption 2018/08/26 v1.4-95 longtable captions (AR)
)
Package caption Info: wrapfig package is loaded.
Package caption Info: End \AtBeginDocument code.
Now handling font encoding TS1 ...
... processing UTF-8 mapping file for font encoding TS1

(/usr/share/texmf-dist/tex/latex/base/ts1enc.dfu
File: ts1enc.dfu 2018/10/05 v1.2f UTF-8 support for inputenc
   defining Unicode char U+00A2 (decimal 162)
   defining Unicode char U+00A3 (decimal 163)
   defining Unicode char U+00A4 (decimal 164)
   defining Unicode char U+00A5 (decimal 165)
   defining Unicode char U+00A6 (decimal 166)
   defining Unicode char U+00A7 (decimal 167)
   defining Unicode char U+00A8 (decimal 168)
   defining Unicode char U+00A9 (decimal 169)
   defining Unicode char U+00AA (decimal 170)
   defining Unicode char U+00AC (decimal 172)
   defining Unicode char U+00AE (decimal 174)
   defining Unicode char U+00AF (decimal 175)
   defining Unicode char U+00B0 (decimal 176)
   defining Unicode char U+00B1 (decimal 177)
   defining Unicode char U+00B2 (decimal 178)
   defining Unicode char U+00B3 (decimal 179)
   defining Unicode char U+00B4 (decimal 180)
   defining Unicode char U+00B5 (decimal 181)
   defining Unicode char U+00B6 (decimal 182)
   defining Unicode char U+00B7 (decimal 183)
   defining Unicode char U+00B9 (decimal 185)
   defining Unicode char U+00BA (decimal 186)
   defining Unicode char U+00BC (decimal 188)
   defining Unicode char U+00BD (decimal 189)
   defining Unicode char U+00BE (decimal 190)
   defining Unicode char U+00D7 (decimal 215)
   defining Unicode char U+00F7 (decimal 247)
   defining Unicode char U+0192 (decimal 402)
   defining Unicode char U+02C7 (decimal 711)
   defining Unicode char U+02D8 (decimal 728)
   defining Unicode char U+02DD (decimal 733)
   defining Unicode char U+0E3F (decimal 3647)
   defining Unicode char U+2016 (decimal 8214)
   defining Unicode char U+2020 (decimal 8224)
   defining Unicode char U+2021 (decimal 8225)
   defining Unicode char U+2022 (decimal 8226)
   defining Unicode char U+2030 (decimal 8240)
   defining Unicode char U+2031 (decimal 8241)
   defining Unicode char U+203B (decimal 8251)
   defining Unicode char U+203D (decimal 8253)
   defining Unicode char U+2044 (decimal 8260)
   defining Unicode char U+204E (decimal 8270)
   defining Unicode char U+2052 (decimal 8274)
   defining Unicode char U+20A1 (decimal 8353)
   defining Unicode char U+20A4 (decimal 8356)
   defining Unicode char U+20A6 (decimal 8358)
   defining Unicode char U+20A9 (decimal 8361)
   defining Unicode char U+20AB (decimal 8363)
   defining Unicode char U+20AC (decimal 8364)
   defining Unicode char U+20B1 (decimal 8369)
   defining Unicode char U+2103 (decimal 8451)
   defining Unicode char U+2116 (decimal 8470)
   defining Unicode char U+2117 (decimal 8471)
   defining Unicode char U+211E (decimal 8478)
   defining Unicode char U+2120 (decimal 8480)
   defining Unicode char U+2122 (decimal 8482)
   defining Unicode char U+2126 (decimal 8486)
   defining Unicode char U+2127 (decimal 8487)
   defining Unicode char U+212E (decimal 8494)
   defining Unicode char U+2190 (decimal 8592)
   defining Unicode char U+2191 (decimal 8593)
   defining Unicode char U+2192 (decimal 8594)
   defining Unicode char U+2193 (decimal 8595)
   defining Unicode char U+2329 (decimal 9001)
   defining Unicode char U+232A (decimal 9002)
   defining Unicode char U+2422 (decimal 9250)
   defining Unicode char U+25E6 (decimal 9702)
   defining Unicode char U+25EF (decimal 9711)
   defining Unicode char U+266A (decimal 9834)
   defining Unicode char U+FEFF (decimal 65279)
)
(/usr/share/texmf-dist/tex/latex/translator/translator-basic-dictionary-English
.dict
Dictionary: translator-basic-dictionary, Language: English 
) (/usr/share/texmf-dist/tex/latex/siunitx/siunitx-abbreviations.cfg
File: siunitx-abbreviations.cfg 2017/11/26 v2.7k siunitx: Abbreviated units
)

Package scrpage2 Warning: seems you are using a constant headheight.
(scrpage2)                If you get overfull \vbox warnings at almost every
(scrpage2)                page, you should increase headheight e.g. writing
(scrpage2)                 \setlength{\headheight}{1.1\baselineskip}
(scrpage2)                into the preamble of your document.
(scrpage2)                A better solution would be to use typearea package.

\AtBeginShipoutBox=\box66
Package hyperref Info: Link coloring ON on input line 89.
(/usr/share/texmf-dist/tex/latex/hyperref/nameref.sty
Package: nameref 2016/05/21 v2.44 Cross-referencing by name of section

(/usr/share/texmf-dist/tex/generic/oberdiek/gettitlestring.sty
Package: gettitlestring 2016/05/16 v1.5 Cleanup title references (HO)
)
\c@section@level=\count325
)
LaTeX Info: Redefining \ref on input line 89.
LaTeX Info: Redefining \pageref on input line 89.
LaTeX Info: Redefining \nameref on input line 89.

(./HM12_Kurzzusammenfassung_01.out) (./HM12_Kurzzusammenfassung_01.out)
\@outlinefile=\write3
\openout3 = `HM12_Kurzzusammenfassung_01.out'.

Package hyperref Info: *** compatibility with harvard ****  on input line 89.
LaTeX Font Info:    Try loading font information for U+stmry on input line 89.

(/usr/share/texmf-dist/tex/latex/stmaryrd/Ustmry.fd)
LaTeX Font Info:    Try loading font information for U+esvect on input line 89.


(/usr/share/texmf-dist/tex/latex/esvect/uesvect.fd
File: uesvect.fd 
)
LaTeX Font Info:    Try loading font information for U+msa on input line 89.

(/usr/share/texmf-dist/tex/latex/amsfonts/umsa.fd
File: umsa.fd 2013/01/14 v3.01 AMS symbols A
)
LaTeX Font Info:    Try loading font information for U+msb on input line 89.

(/usr/share/texmf-dist/tex/latex/amsfonts/umsb.fd
File: umsb.fd 2013/01/14 v3.01 AMS symbols B
) (./tex/begin/front.tex
[1

{/var/lib/texmf/fonts/map/pdftex/updmap/pdftex.map}]) (./tex/begin/quote.tex
Underfull \hbox (badness 10000) in paragraph at lines 5--14

 []


Underfull \hbox (badness 10000) in paragraph at lines 5--14

 []


Underfull \hbox (badness 10000) in paragraph at lines 5--14

 []


Underfull \hbox (badness 10000) in paragraph at lines 5--14

 []


Underfull \hbox (badness 10000) in paragraph at lines 5--14

 []


Underfull \hbox (badness 10000) in paragraph at lines 5--14

 []


Underfull \hbox (badness 10000) in paragraph at lines 5--14

 []


Underfull \hbox (badness 10000) in paragraph at lines 5--14

 []


Underfull \hbox (badness 10000) in paragraph at lines 5--14

 []


Underfull \hbox (badness 10000) in paragraph at lines 5--14

 []


Underfull \hbox (badness 10000) in paragraph at lines 5--14

 []


Underfull \hbox (badness 10000) in paragraph at lines 5--14

 []

) (./tex/begin/begin.tex
Overfull \vbox (2.60004pt too high) has occurred while \output is active []


[1] (./HM12_Kurzzusammenfassung_01.toc
Overfull \vbox (2.60004pt too high) has occurred while \output is active []


[2

]
Overfull \vbox (2.60004pt too high) has occurred while \output is active []


[3]
Overfull \vbox (2.60004pt too high) has occurred while \output is active []


[4]
Overfull \vbox (2.60004pt too high) has occurred while \output is active []


[5]
Overfull \hbox (6.91888pt too wide) in paragraph at lines 196--196
 [][] [][][]\T1/cmr/m/n/12 Matrixdarstellung ei-ner li-nea-ren Ab-bil-dung 
 []


Overfull \vbox (2.60004pt too high) has occurred while \output is active []


[6]
Overfull \hbox (15.78345pt too wide) in paragraph at lines 222--222
 [][] [][][]\T1/cmr/m/n/12 Orthonormalbasis des Ei-gen-rau-mes be-stim-men (Gra
m 
 []


Overfull \vbox (2.60004pt too high) has occurred while \output is active []


[7])
\tf@toc=\write4
\openout4 = `HM12_Kurzzusammenfassung_01.toc'.


Underfull \hbox (badness 1168) in paragraph at lines 9--9
[]|\T1/cmr/m/n/12 Erzeugung 2.7.1.1 - 2.7.1.4; Kor-rek-tur Rie-
 []


Overfull \hbox (1.63208pt too wide) in paragraph at lines 5--30
[] 
 []


Overfull \vbox (2.60004pt too high) has occurred while \output is active []


[8]
Overfull \vbox (2.60004pt too high) has occurred while \output is active []


[9] (./HM12_Kurzzusammenfassung_01.lof
Overfull \vbox (2.60004pt too high) has occurred while \output is active []


[10

])
\tf@lof=\write5
\openout5 = `HM12_Kurzzusammenfassung_01.lof'.

) (./tex/ch1/chapter1.tex
Overfull \vbox (2.60004pt too high) has occurred while \output is active []


[11]
Kapitel 1.
(./tex/ch1/sections/sc1.tex
Overfull \hbox (3.67021pt too wide) in paragraph at lines 11--19
[]
 []


Underfull \hbox (badness 10000) in paragraph at lines 11--19

 []


Overfull \vbox (2.60004pt too high) has occurred while \output is active []


[12

]
Overfull \vbox (2.60004pt too high) has occurred while \output is active []


[13])) (./tex/ch2/chapter2.tex
Overfull \vbox (2.60004pt too high) has occurred while \output is active []


[14]
Kapitel 2.
(./tex/ch2/sections/sc1.tex
LaTeX Font Info:    Try loading font information for OMS+cmr on input line 5.
 (/usr/share/texmf-dist/tex/latex/base/omscmr.fd
File: omscmr.fd 2014/09/29 v2.5h Standard LaTeX font definitions
)
LaTeX Font Info:    Font shape `OMS/cmr/m/n' in size <12> not available
(Font)              Font shape `OMS/cmsy/m/n' tried instead on input line 5.

Overfull \vbox (2.60004pt too high) has occurred while \output is active []


[15

]
Underfull \hbox (badness 10000) in alignment at lines 48--48
[][][] 
 []


Underfull \hbox (badness 10000) in alignment at lines 86--86
[][][] 
 []


Overfull \vbox (2.60004pt too high) has occurred while \output is active []


[16]
Underfull \hbox (badness 10000) in paragraph at lines 88--90

 []


Overfull \vbox (2.60004pt too high) has occurred while \output is active []


[17]
Overfull \vbox (2.60004pt too high) has occurred while \output is active []


[18]
Underfull \hbox (badness 10000) in paragraph at lines 185--188

 []


Overfull \vbox (2.60004pt too high) has occurred while \output is active []


[19]
Overfull \vbox (2.60004pt too high) has occurred while \output is active []


[20]) (./tex/ch2/sections/sc2.tex
Overfull \hbox (6.51974pt too wide) in paragraph at lines 1--1
|[]\T1/cmr/bx/n/17.28 Lineare ska-la-re Dif-fe-ren-ti-al-glei-chun-gen mit kon-

 []


Overfull \vbox (16.99998pt too high) has occurred while \output is active []


[21]
Overfull \vbox (16.99998pt too high) has occurred while \output is active []


[22]
Underfull \hbox (badness 10000) in paragraph at lines 87--88

 []


Overfull \vbox (16.99998pt too high) has occurred while \output is active []


[23]
Overfull \hbox (6.51974pt too wide) in paragraph at lines 123--123
|[]\T1/cmr/bx/n/17.28 Lineare ska-la-re Dif-fe-ren-ti-al-glei-chun-gen mit kon-

 []


Overfull \vbox (16.99998pt too high) has occurred while \output is active []


[24]
Overfull \vbox (16.99998pt too high) has occurred while \output is active []


[25]
Underfull \hbox (badness 10000) in paragraph at lines 209--210

 []


Overfull \vbox (16.99998pt too high) has occurred while \output is active []


[26]) (./tex/ch2/sections/sc3.tex
Overfull \vbox (2.60004pt too high) has occurred while \output is active []


[27]) (./tex/ch2/sections/sc4.tex
Overfull \hbox (25.13916pt too wide) in alignment at lines 7--7
[][][] 
 []


Underfull \hbox (badness 10000) in alignment at lines 9--9
[][][] 
 []


Overfull \vbox (2.60004pt too high) has occurred while \output is active []


[28]

Package hyperref Warning: Token not allowed in a PDF string (PDFDocEncoding):
(hyperref)                removing `math shift' on input line 83.


Package hyperref Warning: Token not allowed in a PDF string (PDFDocEncoding):
(hyperref)                removing `superscript' on input line 83.


Package hyperref Warning: Token not allowed in a PDF string (PDFDocEncoding):
(hyperref)                removing `math shift' on input line 83.

<./img/Geraden.png, id=1727, 862.72313pt x 448.67625pt>
File: ./img/Geraden.png Graphic file (type png)
<use ./img/Geraden.png>
Package pdftex.def Info: ./img/Geraden.png  used on input line 93.
(pdftex.def)             Requested size: 292.77629pt x 152.26036pt.

Overfull \vbox (2.60004pt too high) has occurred while \output is active []


[29]

Package hyperref Warning: Token not allowed in a PDF string (PDFDocEncoding):
(hyperref)                removing `math shift' on input line 123.


Package hyperref Warning: Token not allowed in a PDF string (PDFDocEncoding):
(hyperref)                removing `superscript' on input line 123.


Package hyperref Warning: Token not allowed in a PDF string (PDFDocEncoding):
(hyperref)                removing `math shift' on input line 123.


Package hyperref Warning: Token not allowed in a PDF string (PDFDocEncoding):
(hyperref)                removing `math shift' on input line 124.


Package hyperref Warning: Token not allowed in a PDF string (PDFDocEncoding):
(hyperref)                removing `superscript' on input line 124.


Package hyperref Warning: Token not allowed in a PDF string (PDFDocEncoding):
(hyperref)                removing `math shift' on input line 124.


Overfull \vbox (2.60004pt too high) has occurred while \output is active []


[30 <./img/Geraden.png>]

Package hyperref Warning: Token not allowed in a PDF string (PDFDocEncoding):
(hyperref)                removing `math shift' on input line 129.


Package hyperref Warning: Token not allowed in a PDF string (PDFDocEncoding):
(hyperref)                removing `superscript' on input line 129.


Package hyperref Warning: Token not allowed in a PDF string (PDFDocEncoding):
(hyperref)                removing `math shift' on input line 129.


Package hyperref Warning: Token not allowed in a PDF string (PDFDocEncoding):
(hyperref)                removing `math shift' on input line 142.


Package hyperref Warning: Token not allowed in a PDF string (PDFDocEncoding):
(hyperref)                removing `superscript' on input line 142.


Package hyperref Warning: Token not allowed in a PDF string (PDFDocEncoding):
(hyperref)                removing `math shift' on input line 142.


Package hyperref Warning: Token not allowed in a PDF string (PDFDocEncoding):
(hyperref)                removing `math shift' on input line 147.


Package hyperref Warning: Token not allowed in a PDF string (PDFDocEncoding):
(hyperref)                removing `superscript' on input line 147.


Package hyperref Warning: Token not allowed in a PDF string (PDFDocEncoding):
(hyperref)                removing `math shift' on input line 147.

<./img/Ebene_R3.png, id=1753, 1001.99344pt x 275.52937pt>
File: ./img/Ebene_R3.png Graphic file (type png)
<use ./img/Ebene_R3.png>
Package pdftex.def Info: ./img/Ebene_R3.png  used on input line 161.
(pdftex.def)             Requested size: 292.77629pt x 80.50687pt.

Overfull \vbox (2.60004pt too high) has occurred while \output is active []


[31]
<./img/schnitt_ebene.png, id=1762, 702.37407pt x 653.44125pt>
File: ./img/schnitt_ebene.png Graphic file (type png)
<use ./img/schnitt_ebene.png>
Package pdftex.def Info: ./img/schnitt_ebene.png  used on input line 179.
(pdftex.def)             Requested size: 280.22919pt x 260.7138pt.

Overfull \vbox (2.60004pt too high) has occurred while \output is active []


[32 <./img/Ebene_R3.png> <./img/schnitt_ebene.PNG>]

Package hyperref Warning: Token not allowed in a PDF string (PDFDocEncoding):
(hyperref)                removing `math shift' on input line 186.


Package hyperref Warning: Token not allowed in a PDF string (PDFDocEncoding):
(hyperref)                removing `superscript' on input line 186.


Package hyperref Warning: Token not allowed in a PDF string (PDFDocEncoding):
(hyperref)                removing `math shift' on input line 186.


Package hyperref Warning: Token not allowed in a PDF string (PDFDocEncoding):
(hyperref)                removing `math shift' on input line 201.


Package hyperref Warning: Token not allowed in a PDF string (PDFDocEncoding):
(hyperref)                removing `superscript' on input line 201.


Package hyperref Warning: Token not allowed in a PDF string (PDFDocEncoding):
(hyperref)                removing `math shift' on input line 201.

<./img/Abstand_Geraden.png, id=1769, 995.97093pt x 671.50874pt>
File: ./img/Abstand_Geraden.png Graphic file (type png)
<use ./img/Abstand_Geraden.png>
Package pdftex.def Info: ./img/Abstand_Geraden.png  used on input line 209.
(pdftex.def)             Requested size: 209.12683pt x 141.0005pt.

Overfull \vbox (2.60004pt too high) has occurred while \output is active []


[33 <./img/Abstand_Geraden.PNG>]) (./tex/ch2/sections/sc5.tex
Overfull \hbox (5.28488pt too wide) in paragraph at lines 35--45
[][] 
 []


Overfull \vbox (2.60004pt too high) has occurred while \output is active []


[34]
Overfull \hbox (36.1566pt too wide) detected at line 63
[]
 []


Overfull \vbox (2.60004pt too high) has occurred while \output is active []


[35]
Overfull \vbox (2.60004pt too high) has occurred while \output is active []


[36]) (./tex/ch2/sections/sc6.tex
<./img/mengen_arten.png, id=1798, 773.89125pt x 207.77625pt>
File: ./img/mengen_arten.png Graphic file (type png)
<use ./img/mengen_arten.png>
Package pdftex.def Info: ./img/mengen_arten.png  used on input line 8.
(pdftex.def)             Requested size: 376.42575pt x 101.06302pt.

Overfull \vbox (2.60004pt too high) has occurred while \output is active []


[37 <./img/mengen_arten.PNG>]
Overfull \hbox (21.98634pt too wide) in paragraph at lines 52--52
 []\T1/cmr/m/it/12 Repräsentanten 
 []


Overfull \hbox (21.98634pt too wide) in paragraph at lines 52--52
 []\T1/cmr/m/it/12 Repräsentanten 
 []


Overfull \hbox (0.79846pt too wide) in paragraph at lines 52--52
 []\T1/cmr/m/it/8 Repräsentanten 
 []


Overfull \hbox (21.98634pt too wide) in paragraph at lines 52--52
 []\T1/cmr/m/it/12 Repräsentanten 
 []


Overfull \hbox (21.98634pt too wide) in paragraph at lines 52--52
 []\T1/cmr/m/it/12 Repräsentanten 
 []


Overfull \hbox (0.79846pt too wide) in paragraph at lines 52--52
 []\T1/cmr/m/it/8 Repräsentanten 
 []


Overfull \vbox (2.60004pt too high) has occurred while \output is active []


[38]
Overfull \vbox (2.60004pt too high) has occurred while \output is active []


[39]

Package hyperref Warning: Token not allowed in a PDF string (PDFDocEncoding):
(hyperref)                removing `math shift' on input line 147.


Package hyperref Warning: Token not allowed in a PDF string (PDFDocEncoding):
(hyperref)                removing `\cdot' on input line 147.


Package hyperref Warning: Token not allowed in a PDF string (PDFDocEncoding):
(hyperref)                removing `math shift' on input line 147.

<./img/funktionen_quadratisch.png, id=1835, 356.0803pt x 228.855pt>
File: ./img/funktionen_quadratisch.png Graphic file (type png)
<use ./img/funktionen_quadratisch.png>
Package pdftex.def Info: ./img/funktionen_quadratisch.png  used on input line 1
56.
(pdftex.def)             Requested size: 146.38814pt x 94.08258pt.
<./img/funktionen_kubisch.png, id=1836, 732.48656pt x 470.50781pt>
File: ./img/funktionen_kubisch.png Graphic file (type png)
<use ./img/funktionen_kubisch.png>
Package pdftex.def Info: ./img/funktionen_kubisch.png  used on input line 162.
(pdftex.def)             Requested size: 146.38814pt x 94.02809pt.
<./img/funktionen_linear.png, id=1837, 544.28343pt x 430.60875pt>
File: ./img/funktionen_linear.png Graphic file (type png)
<use ./img/funktionen_linear.png>
Package pdftex.def Info: ./img/funktionen_linear.png  used on input line 170.
(pdftex.def)             Requested size: 125.47737pt x 99.26788pt.

Overfull \vbox (2.60004pt too high) has occurred while \output is active []


[40 <./img/funktionen_quadratisch.PNG> <./img/funktionen_kubisch.PNG> <./img/fu
nktionen_linear.PNG>]

Package hyperref Warning: Token not allowed in a PDF string (PDFDocEncoding):
(hyperref)                removing `math shift' on input line 177.


Package hyperref Warning: Token not allowed in a PDF string (PDFDocEncoding):
(hyperref)                removing `\cdot' on input line 177.


Package hyperref Warning: Token not allowed in a PDF string (PDFDocEncoding):
(hyperref)                removing `math shift' on input line 177.


Package hyperref Warning: Token not allowed in a PDF string (PDFDocEncoding):
(hyperref)                removing `math shift' on input line 177.


Package hyperref Warning: Token not allowed in a PDF string (PDFDocEncoding):
(hyperref)                removing `\delimiter' on input line 177.


Package hyperref Warning: Token not allowed in a PDF string (PDFDocEncoding):
(hyperref)                removing `math shift' on input line 177.

<./img/funktionen_pole_1.png, id=1850, 435.12563pt x 435.87843pt>
File: ./img/funktionen_pole_1.png Graphic file (type png)
<use ./img/funktionen_pole_1.png>
Package pdftex.def Info: ./img/funktionen_pole_1.png  used on input line 185.
(pdftex.def)             Requested size: 125.47737pt x 125.6965pt.
<./img/funktionen_pole_2.png, id=1851, 434.37282pt x 393.72093pt>
File: ./img/funktionen_pole_2.png Graphic file (type png)
<use ./img/funktionen_pole_2.png>
Package pdftex.def Info: ./img/funktionen_pole_2.png  used on input line 191.
(pdftex.def)             Requested size: 135.93115pt x 123.2117pt.
<./img/funktionen_wurzel_2.png, id=1852, 597.73312pt x 599.23875pt>
File: ./img/funktionen_wurzel_2.png Graphic file (type png)
<use ./img/funktionen_wurzel_2.png>
Package pdftex.def Info: ./img/funktionen_wurzel_2.png  used on input line 205.

(pdftex.def)             Requested size: 125.47737pt x 125.78899pt.
<./img/funktionen_wurzel_3.png, id=1853, 599.23875pt x 599.23875pt>
File: ./img/funktionen_wurzel_3.png Graphic file (type png)
<use ./img/funktionen_wurzel_3.png>
Package pdftex.def Info: ./img/funktionen_wurzel_3.png  used on input line 211.

(pdftex.def)             Requested size: 125.47737pt x 125.46896pt.

Overfull \vbox (2.60004pt too high) has occurred while \output is active []


[41 <./img/funktionen_pole_1.PNG> <./img/funktionen_pole_2.PNG> <./img/funktion
en_wurzel_2.PNG> <./img/funktionen_wurzel_3.PNG>]
<./img/funktionen_e_ln.png, id=1866, 654.94687pt x 652.68843pt>
File: ./img/funktionen_e_ln.png Graphic file (type png)
<use ./img/funktionen_e_ln.png>
Package pdftex.def Info: ./img/funktionen_e_ln.png  used on input line 238.
(pdftex.def)             Requested size: 146.39133pt x 145.8825pt.
<./img/funktionen_einheitskreis_sin_cos.png, id=1867, 657.95813pt x 659.46375pt
>
File: ./img/funktionen_einheitskreis_sin_cos.png Graphic file (type png)
<use ./img/funktionen_einheitskreis_sin_cos.png>
Package pdftex.def Info: ./img/funktionen_einheitskreis_sin_cos.png  used on in
put line 251.
(pdftex.def)             Requested size: 146.39133pt x 146.72267pt.
<./img/funktionen_sin.png, id=1868, 782.925pt x 484.05844pt>
File: ./img/funktionen_sin.png Graphic file (type png)
<use ./img/funktionen_sin.png>
Package pdftex.def Info: ./img/funktionen_sin.png  used on input line 264.
(pdftex.def)             Requested size: 188.21286pt x 116.36104pt.
<./img/funktionen_cos.png, id=1869, 775.39688pt x 484.05844pt>
File: ./img/funktionen_cos.png Graphic file (type png)
<use ./img/funktionen_cos.png>
Package pdftex.def Info: ./img/funktionen_cos.png  used on input line 270.
(pdftex.def)             Requested size: 188.21286pt x 117.49112pt.

Overfull \vbox (2.60004pt too high) has occurred while \output is active []


[42 <./img/funktionen_e_ln.PNG> <./img/funktionen_einheitskreis_sin_cos.PNG>]
<./img/ableitungskreis.png, id=1880, 556.32843pt x 350.05782pt>
File: ./img/ableitungskreis.png Graphic file (type png)
<use ./img/ableitungskreis.png>
Package pdftex.def Info: ./img/ableitungskreis.png  used on input line 288.
(pdftex.def)             Requested size: 146.39133pt x 92.11322pt.

Underfull \hbox (badness 10000) in paragraph at lines 275--291

 []


Underfull \hbox (badness 10000) in paragraph at lines 275--291

 []

<./img/funktionen_tan.png, id=1881, 772.38562pt x 485.56406pt>
File: ./img/funktionen_tan.png Graphic file (type png)
<use ./img/funktionen_tan.png>
Package pdftex.def Info: ./img/funktionen_tan.png  used on input line 299.
(pdftex.def)             Requested size: 209.12683pt x 131.46709pt.

Overfull \vbox (2.60004pt too high) has occurred while \output is active []


[43 <./img/funktionen_sin.PNG> <./img/funktionen_cos.PNG> <./img/ableitungskrei
s.png> <./img/funktionen_tan.PNG>]
<./img/funktionen_cosh.png, id=1890, 773.89125pt x 483.30562pt>
File: ./img/funktionen_cosh.png Graphic file (type png)
<use ./img/funktionen_cosh.png>
Package pdftex.def Info: ./img/funktionen_cosh.png  used on input line 315.
(pdftex.def)             Requested size: 167.3021pt x 104.4839pt.
<./img/funktionen_sinh.png, id=1891, 735.49782pt x 460.72125pt>
File: ./img/funktionen_sinh.png Graphic file (type png)
<use ./img/funktionen_sinh.png>
Package pdftex.def Info: ./img/funktionen_sinh.png  used on input line 321.
(pdftex.def)             Requested size: 167.3021pt x 104.79666pt.
<./img/funktionen_tanh.png, id=1892, 746.79pt x 462.22687pt>
File: ./img/funktionen_tanh.png Graphic file (type png)
<use ./img/funktionen_tanh.png>
Package pdftex.def Info: ./img/funktionen_tanh.png  used on input line 329.
(pdftex.def)             Requested size: 167.2989pt x 103.54517pt.

Overfull \vbox (2.60004pt too high) has occurred while \output is active []


[44 <./img/funktionen_cosh.PNG> <./img/funktionen_sinh.PNG> <./img/funktionen_t
anh.PNG>]) (./tex/ch2/sections/sc7.tex

Package hyperref Warning: Token not allowed in a PDF string (PDFDocEncoding):
(hyperref)                removing `math shift' on input line 20.


Package hyperref Warning: Token not allowed in a PDF string (PDFDocEncoding):
(hyperref)                removing `\varepsilon' on input line 20.


Package hyperref Warning: Token not allowed in a PDF string (PDFDocEncoding):
(hyperref)                removing `math shift' on input line 20.

<./img/folge_epsil_krit.png, id=1906, 1413.02907pt x 465.23813pt>
File: ./img/folge_epsil_krit.png Graphic file (type png)
<use ./img/folge_epsil_krit.png>
Package pdftex.def Info: ./img/folge_epsil_krit.png  used on input line 34.
(pdftex.def)             Requested size: 376.42575pt x 123.93352pt.

Overfull \hbox (1.63477pt too wide) detected at line 59
[]
 []


Overfull \vbox (2.60004pt too high) has occurred while \output is active []


[45]
<./img/beschraenkt.jpg, id=1918, 225.84375pt x 225.84375pt>
File: ./img/beschraenkt.jpg Graphic file (type jpg)
<use ./img/beschraenkt.jpg>
Package pdftex.def Info: ./img/beschraenkt.jpg  used on input line 74.
(pdftex.def)             Requested size: 125.47737pt x 125.47916pt.

Underfull \hbox (badness 10000) in paragraph at lines 83--84

 []


Overfull \vbox (2.60004pt too high) has occurred while \output is active []


[46 <./img/folge_epsil_krit.PNG> <./img/beschraenkt.jpg>]
Underfull \hbox (badness 10000) in paragraph at lines 87--88

 []


Underfull \hbox (badness 10000) in paragraph at lines 91--92

 []


Underfull \hbox (badness 10000) in paragraph at lines 100--101

 []


Underfull \hbox (badness 10000) in paragraph at lines 139--140

 []


Overfull \vbox (2.60004pt too high) has occurred while \output is active []


[47]
<./img/folge_monoton_beschraenkt.png, id=1941, 915.42pt x 233.37187pt>
File: ./img/folge_monoton_beschraenkt.png Graphic file (type png)
<use ./img/folge_monoton_beschraenkt.png>
Package pdftex.def Info: ./img/folge_monoton_beschraenkt.png  used on input lin
e 169.
(pdftex.def)             Requested size: 376.42575pt x 95.96439pt.

Overfull \vbox (2.60004pt too high) has occurred while \output is active []


[48 <./img/folge_monoton_beschraenkt.PNG>]) (./tex/ch2/sections/sc8.tex
LaTeX Font Info:    Font shape `OMS/cmr/m/it' in size <12> not available
(Font)              Font shape `OMS/cmsy/m/n' tried instead on input line 49.

Overfull \vbox (2.60004pt too high) has occurred while \output is active []


[49]
Underfull \hbox (badness 10000) in paragraph at lines 80--81

 []


Underfull \hbox (badness 10000) in paragraph at lines 84--85

 []


Overfull \vbox (2.60004pt too high) has occurred while \output is active []


[50]
<./img/mws_def.png, id=1986, 596.2275pt x 391.4625pt>
File: ./img/mws_def.png Graphic file (type png)
<use ./img/mws_def.png>
Package pdftex.def Info: ./img/mws_def.png  used on input line 117.
(pdftex.def)             Requested size: 125.47737pt x 82.38277pt.
<./img/mws_rolle.png, id=1987, 783.67781pt x 242.40562pt>
File: ./img/mws_rolle.png Graphic file (type png)
<use ./img/mws_rolle.png>
Package pdftex.def Info: ./img/mws_rolle.png  used on input line 136.
(pdftex.def)             Requested size: 167.3021pt x 51.7463pt.
<./img/mws_1.png, id=1988, 630.10406pt x 314.67563pt>
File: ./img/mws_1.png Graphic file (type png)
<use ./img/mws_1.png>
Package pdftex.def Info: ./img/mws_1.png  used on input line 142.
(pdftex.def)             Requested size: 167.3021pt x 83.5519pt.

Overfull \vbox (2.60004pt too high) has occurred while \output is active []


[51 <./img/mws_def.PNG> <./img/mws_rolle.PNG> <./img/mws_1.PNG>]
Overfull \vbox (2.60004pt too high) has occurred while \output is active []


[52]
Overfull \vbox (2.60004pt too high) has occurred while \output is active []


[53]) (./tex/ch2/sections/sc9.tex
Overfull \vbox (2.60004pt too high) has occurred while \output is active []


[54]
Overfull \hbox (15.05011pt too wide) in paragraph at lines 61--62
[]\T1/cmr/m/it/12 Um Kon-ver-genz nach-zu-wei-sen reicht der Nach-weis ei-ner C
auchy-Folge (Cauchy-
 []


Overfull \vbox (2.60004pt too high) has occurred while \output is active []


[55]
Underfull \hbox (badness 10000) in paragraph at lines 118--119

 []


Overfull \vbox (2.60004pt too high) has occurred while \output is active []


[56]
Overfull \vbox (2.60004pt too high) has occurred while \output is active []


[57]
Overfull \vbox (2.60004pt too high) has occurred while \output is active []


[58]
Overfull \hbox (12.13469pt too wide) in paragraph at lines 222--223
\T1/cmr/m/it/12 nann-ten Kon-ver-genz-ra-di-us der Po-tenz-rei-he, mit der Ei-g
en-schaft, dass $[] \OML/cmm/m/it/12 a[]\OT1/cmr/m/n/12 (\OML/cmm/m/it/12 z \OM
S/cmsy/m/n/12 ^^@
 []

<./img/reihen_potenzreihen_r.png, id=2086, 648.17157pt x 410.2828pt>
File: ./img/reihen_potenzreihen_r.png Graphic file (type png)
<use ./img/reihen_potenzreihen_r.png>
Package pdftex.def Info: ./img/reihen_potenzreihen_r.png  used on input line 23
4.
(pdftex.def)             Requested size: 167.3021pt x 105.90097pt.

Underfull \hbox (badness 5908) in paragraph at lines 235--235
[]\T1/cmr/m/n/12 Abbildung 2.28: |Po-tenz-ra-di-us in $\U/msb/m/n/12 R$
 []

<./img/reihen_potenzreihen_c.png, id=2087, 599.99156pt x 566.115pt>
File: ./img/reihen_potenzreihen_c.png Graphic file (type png)
<use ./img/reihen_potenzreihen_c.png>
Package pdftex.def Info: ./img/reihen_potenzreihen_c.png  used on input line 24
0.
(pdftex.def)             Requested size: 115.02039pt x 108.5218pt.

Underfull \hbox (badness 5908) in paragraph at lines 241--241
[]\T1/cmr/m/n/12 Abbildung 2.29: |Po-tenz-ra-di-us in $\U/msb/m/n/12 C$
 []


Overfull \vbox (2.60004pt too high) has occurred while \output is active []


[59 <./img/reihen_potenzreihen_r.PNG> <./img/reihen_potenzreihen_c.png>])
(./tex/ch2/sections/sc10.tex
<./img/stetigkeit_sprung.png, id=2102, 477.28313pt x 417.81094pt>
File: ./img/stetigkeit_sprung.png Graphic file (type png)
<use ./img/stetigkeit_sprung.png>
Package pdftex.def Info: ./img/stetigkeit_sprung.png  used on input line 23.
(pdftex.def)             Requested size: 163.11867pt x 142.78699pt.
<./img/stetigkeit_pol.png, id=2103, 477.28313pt x 475.7775pt>
File: ./img/stetigkeit_pol.png Graphic file (type png)
<use ./img/stetigkeit_pol.png>
Package pdftex.def Info: ./img/stetigkeit_pol.png  used on input line 30.
(pdftex.def)             Requested size: 146.38814pt x 145.92139pt.
<./img/stetigkeit_luecke.png, id=2104, 477.28313pt x 472.76625pt>
File: ./img/stetigkeit_luecke.png Graphic file (type png)
<use ./img/stetigkeit_luecke.png>
Package pdftex.def Info: ./img/stetigkeit_luecke.png  used on input line 39.
(pdftex.def)             Requested size: 146.39133pt x 145.00505pt.

Underfull \hbox (badness 10000) in paragraph at lines 44--45

 []


Overfull \vbox (2.60004pt too high) has occurred while \output is active []


[60 <./img/stetigkeit_sprung.PNG> <./img/stetigkeit_pol.PNG> <./img/stetigkeit_
luecke.PNG>]

LaTeX Warning: Command \textsection invalid in math mode on input line 62.

Missing character: There is no  in font cmr12!
<./img/potenzreihen_nullstellensatz.png, id=2118, 474.27188pt x 295.85532pt>
File: ./img/potenzreihen_nullstellensatz.png Graphic file (type png)
<use ./img/potenzreihen_nullstellensatz.png>
Package pdftex.def Info: ./img/potenzreihen_nullstellensatz.png  used on input 
line 72.
(pdftex.def)             Requested size: 156.84512pt x 97.84021pt.
<./img/potenzreihen_zwischenwertsatz.png, id=2119, 497.60907pt x 300.3722pt>
File: ./img/potenzreihen_zwischenwertsatz.png Graphic file (type png)
<use ./img/potenzreihen_zwischenwertsatz.png>
Package pdftex.def Info: ./img/potenzreihen_zwischenwertsatz.png  used on input
 line 79.
(pdftex.def)             Requested size: 167.3021pt x 100.98853pt.
<./img/stetigkeit_eps_del.png, id=2120, 500.62032pt x 565.36218pt>
File: ./img/stetigkeit_eps_del.png Graphic file (type png)
<use ./img/stetigkeit_eps_del.png>
Package pdftex.def Info: ./img/stetigkeit_eps_del.png  used on input line 99.
(pdftex.def)             Requested size: 83.64944pt x 94.46259pt.

Overfull \vbox (2.60004pt too high) has occurred while \output is active []


[61 <./img/potenzreihen_nullstellensatz.PNG> <./img/potenzreihen_zwischenwertsa
tz.PNG>]
<./img/stetigkeit_lipschitz.png, id=2136, 720.44156pt x 484.05844pt>
File: ./img/stetigkeit_lipschitz.png Graphic file (type png)
<use ./img/stetigkeit_lipschitz.png>
Package pdftex.def Info: ./img/stetigkeit_lipschitz.png  used on input line 123
.
(pdftex.def)             Requested size: 188.21286pt x 126.45789pt.
<./img/stetigkeit_hoelder.png, id=2137, 572.1375pt x 540.51938pt>
File: ./img/stetigkeit_hoelder.png Graphic file (type png)
<use ./img/stetigkeit_hoelder.png>
Package pdftex.def Info: ./img/stetigkeit_hoelder.png  used on input line 130.
(pdftex.def)             Requested size: 135.93115pt x 128.41592pt.

Overfull \vbox (2.60004pt too high) has occurred while \output is active []


[62 <./img/stetigkeit_eps_del.PNG> <./img/stetigkeit_lipschitz.PNG> <./img/stet
igkeit_hoelder.PNG>]) (./tex/ch2/sections/sc11.tex
Overfull \vbox (2.60004pt too high) has occurred while \output is active []


[63]) (./tex/ch2/sections/sc12.tex
<./img/funktionenfolgen_konvergenz.png, id=2162, 892.83563pt x 390.70969pt>
File: ./img/funktionenfolgen_konvergenz.png Graphic file (type png)
<use ./img/funktionenfolgen_konvergenz.png>
Package pdftex.def Info: ./img/funktionenfolgen_konvergenz.png  used on input l
ine 18.
(pdftex.def)             Requested size: 209.12683pt x 91.51273pt.

Overfull \vbox (2.60004pt too high) has occurred while \output is active []


[64 <./img/funktionenfolgen_konvergenz.PNG>])) (./tex/ch3/chapter3.tex
Kapitel 3.
(./tex/ch3/sections/sc1.tex
Overfull \vbox (2.60004pt too high) has occurred while \output is active []


[65

]
Overfull \vbox (2.60004pt too high) has occurred while \output is active []


[66]
Overfull \hbox (0.20341pt too wide) in paragraph at lines 129--132
\T1/cmr/m/it/12 men-ge bil-den (z.B. ab-zähl-ba-re Men-gen) sind R-integrierbar
. ^^RSatz: Ei-ne Funk-
 []


Overfull \vbox (2.60004pt too high) has occurred while \output is active []


[67]
Overfull \hbox (2.87955pt too wide) in paragraph at lines 140--141
\T1/cmr/m/n/12 gung die-ser Men-ge in nicht-lee-re paar-wei-se dis-junk-te Teil
mengen.^^P([]Wikimedia-
 []


Overfull \vbox (2.60004pt too high) has occurred while \output is active []


[68]
Overfull \vbox (2.60004pt too high) has occurred while \output is active []


[69]
Underfull \hbox (badness 10000) in alignment at lines 275--275
[][] 
 []


Underfull \hbox (badness 10000) in paragraph at lines 267--276

 []


Overfull \vbox (2.60004pt too high) has occurred while \output is active []


[70]
Underfull \hbox (badness 10000) in alignment at lines 283--283
[][] 
 []


Underfull \hbox (badness 10000) in paragraph at lines 286--289

 []


Overfull \vbox (2.60004pt too high) has occurred while \output is active []


[71]) (./tex/ch3/sections/sc2.tex
Underfull \hbox (badness 10000) in alignment at lines 8--8
[][][] 
 []


Underfull \hbox (badness 10000) in alignment at lines 17--17
[][][] 
 []


Underfull \hbox (badness 10000) in alignment at lines 32--32
[][][] 
 []


Underfull \hbox (badness 10000) in alignment at lines 47--47
[][][] 
 []


Underfull \hbox (badness 10000) in alignment at lines 58--58
[][][] 
 []


Overfull \vbox (2.60004pt too high) has occurred while \output is active []


[72]

Package hyperref Warning: Token not allowed in a PDF string (PDFDocEncoding):
(hyperref)                removing `math shift' on input line 68.


Package hyperref Warning: Token not allowed in a PDF string (PDFDocEncoding):
(hyperref)                removing `superscript' on input line 68.


Package hyperref Warning: Token not allowed in a PDF string (PDFDocEncoding):
(hyperref)                removing `math shift' on input line 68.


Underfull \hbox (badness 10000) in alignment at lines 94--94
[][][] 
 []


Overfull \vbox (2.60004pt too high) has occurred while \output is active []


[73]
Underfull \hbox (badness 10000) in alignment at lines 105--105
[][][] 
 []


Underfull \hbox (badness 10000) in alignment at lines 128--128
[][][] 
 []


Underfull \hbox (badness 10000) in alignment at lines 137--137
[][][] 
 []


Overfull \vbox (2.60004pt too high) has occurred while \output is active []


[74]
Underfull \hbox (badness 10000) in paragraph at lines 189--190

 []


Overfull \vbox (2.60004pt too high) has occurred while \output is active []


[75]
Overfull \vbox (2.60004pt too high) has occurred while \output is active []


[76]
Overfull \hbox (45.78914pt too wide) detected at line 259
[]
 []


Overfull \vbox (2.60004pt too high) has occurred while \output is active []


[77]
Overfull \vbox (2.60004pt too high) has occurred while \output is active []


[78]
Overfull \vbox (2.60004pt too high) has occurred while \output is active []


[79]
Underfull \hbox (badness 10000) in alignment at lines 434--434
[][][] 
 []


Overfull \vbox (2.60004pt too high) has occurred while \output is active []


[80]

Package hyperref Warning: Token not allowed in a PDF string (PDFDocEncoding):
(hyperref)                removing `math shift' on input line 470.


Package hyperref Warning: Token not allowed in a PDF string (PDFDocEncoding):
(hyperref)                removing `math shift' on input line 470.


Package hyperref Warning: Token not allowed in a PDF string (PDFDocEncoding):
(hyperref)                removing `math shift' on input line 472.


Package hyperref Warning: Token not allowed in a PDF string (PDFDocEncoding):
(hyperref)                removing `math shift' on input line 472.


Overfull \vbox (2.60004pt too high) has occurred while \output is active []


[81]
Underfull \hbox (badness 10000) in alignment at lines 508--508
[][][] 
 []


Package hyperref Warning: Token not allowed in a PDF string (PDFDocEncoding):
(hyperref)                removing `math shift' on input line 531.


Package hyperref Warning: Token not allowed in a PDF string (PDFDocEncoding):
(hyperref)                removing `math shift' on input line 531.


Package hyperref Warning: Token not allowed in a PDF string (PDFDocEncoding):
(hyperref)                removing `math shift' on input line 536.


Package hyperref Warning: Token not allowed in a PDF string (PDFDocEncoding):
(hyperref)                removing `math shift' on input line 536.


Overfull \vbox (2.60004pt too high) has occurred while \output is active []


[82]

Package hyperref Warning: Token not allowed in a PDF string (PDFDocEncoding):
(hyperref)                removing `math shift' on input line 567.


Package hyperref Warning: Token not allowed in a PDF string (PDFDocEncoding):
(hyperref)                removing `math shift' on input line 567.


Overfull \hbox (21.87956pt too wide) detected at line 583
[]
 []


Overfull \vbox (2.60004pt too high) has occurred while \output is active []


[83]
Overfull \hbox (83.38582pt too wide) detected at line 614
[]
 []


Overfull \hbox (4.9831pt too wide) in paragraph at lines 635--635
|[]\T1/cmr/bx/n/12 Orthonormalbasis des Ei-gen-rau-mes be-stim-men (Gram Schmid
t)| 
 []


Overfull \vbox (2.60004pt too high) has occurred while \output is active []


[84]
Overfull \vbox (2.60004pt too high) has occurred while \output is active []


[85]
Overfull \vbox (2.60004pt too high) has occurred while \output is active []


[86]

Package hyperref Warning: Token not allowed in a PDF string (PDFDocEncoding):
(hyperref)                removing `math shift' on input line 770.


Package hyperref Warning: Token not allowed in a PDF string (PDFDocEncoding):
(hyperref)                removing `superscript' on input line 770.


Package hyperref Warning: Token not allowed in a PDF string (PDFDocEncoding):
(hyperref)                removing `math shift' on input line 770.


Underfull \hbox (badness 10000) in alignment at lines 771--771
[][][] 
 []


Underfull \hbox (badness 10000) in alignment at lines 772--772
[][][] 
 []


Underfull \hbox (badness 10000) in alignment at lines 773--773
[][][] 
 []


Package hyperref Warning: Token not allowed in a PDF string (PDFDocEncoding):
(hyperref)                removing `math shift' on input line 774.


Package hyperref Warning: Token not allowed in a PDF string (PDFDocEncoding):
(hyperref)                removing `superscript' on input line 774.


Package hyperref Warning: Token not allowed in a PDF string (PDFDocEncoding):
(hyperref)                removing `math shift' on input line 774.


Underfull \hbox (badness 10000) in alignment at lines 775--775
[][][] 
 []


Underfull \hbox (badness 10000) in alignment at lines 776--776
[][][] 
 []


Underfull \hbox (badness 10000) in alignment at lines 777--777
[][][] 
 []


Overfull \vbox (2.60004pt too high) has occurred while \output is active []


[87]
Underfull \hbox (badness 10000) in alignment at lines 778--778
[][][] 
 []


Underfull \hbox (badness 10000) in alignment at lines 779--779
[][][] 
 []


Overfull \vbox (2.60004pt too high) has occurred while \output is active []


[88]) (./tex/ch3/sections/sc3.tex
Overfull \vbox (2.60004pt too high) has occurred while \output is active []


[89]
Overfull \vbox (2.60004pt too high) has occurred while \output is active []


[90]
Overfull \hbox (56.29665pt too wide) detected at line 130
[]
 []


Overfull \hbox (8.20267pt too wide) detected at line 163
[]
 []


Overfull \vbox (2.60004pt too high) has occurred while \output is active []


[91]
Overfull \vbox (2.60004pt too high) has occurred while \output is active []


[92]
Overfull \vbox (2.60004pt too high) has occurred while \output is active []


[93]
Underfull \hbox (badness 10000) in paragraph at lines 295--297

 []


Overfull \vbox (2.60004pt too high) has occurred while \output is active []


[94]
Overfull \vbox (2.60004pt too high) has occurred while \output is active []


[95]
Overfull \vbox (2.60004pt too high) has occurred while \output is active []


[96]
Overfull \vbox (2.60004pt too high) has occurred while \output is active []


[97]
Overfull \hbox (9.14418pt too wide) detected at line 517
[]
 []


Underfull \hbox (badness 10000) in paragraph at lines 521--524

 []


Overfull \vbox (2.60004pt too high) has occurred while \output is active []


[98]
Underfull \hbox (badness 10000) in paragraph at lines 567--569

 []


Overfull \hbox (26.87947pt too wide) detected at line 582
[]
 []


Overfull \vbox (2.60004pt too high) has occurred while \output is active []


[99]
Overfull \hbox (22.74507pt too wide) in paragraph at lines 626--627
\T1/cmr/m/it/12 schränkt, so heiÿt die Kur-ve rek-ti-fi-zier-bar und $\OML/cmm/
m/it/12 L\OT1/cmr/m/n/12 (\OML/cmm/m/it/12 c\OT1/cmr/m/n/12 ) = []\OMS/cmsy/m/n
/12 f\OML/cmm/m/it/12 L\OT1/cmr/m/n/12 (\OML/cmm/m/it/12 Z\OT1/cmr/m/n/12 ) : \
OML/cmm/m/it/12 ZZerlegungvon\OT1/cmr/m/n/12 [\OML/cmm/m/it/12 a; b\OT1/cmr/m/n
/12 ]\OMS/cmsy/m/n/12 g$
 []


Underfull \hbox (badness 10000) in paragraph at lines 641--642

 []


Overfull \vbox (2.60004pt too high) has occurred while \output is active []


[100]
<./img/kurvenlaenge.png, id=2595, 725.71124pt x 643.6547pt>
File: ./img/kurvenlaenge.png Graphic file (type png)
<use ./img/kurvenlaenge.png>
Package pdftex.def Info: ./img/kurvenlaenge.png  used on input line 660.
(pdftex.def)             Requested size: 167.2989pt x 148.38121pt.

Overfull \vbox (2.60004pt too high) has occurred while \output is active []


[101 <./img/kurvenlaenge.PNG>]
<./img/wegintegral_erster_1.png, id=2608, 880.03781pt x 487.06969pt>
File: ./img/wegintegral_erster_1.png Graphic file (type png)
<use ./img/wegintegral_erster_1.png>
Package pdftex.def Info: ./img/wegintegral_erster_1.png  used on input line 698
.
(pdftex.def)             Requested size: 188.21286pt x 104.16795pt.
<./img/wegintegral_erster_2.png, id=2609, 707.64375pt x 441.90094pt>
File: ./img/wegintegral_erster_2.png Graphic file (type png)
<use ./img/wegintegral_erster_2.png>
Package pdftex.def Info: ./img/wegintegral_erster_2.png  used on input line 704
.
(pdftex.def)             Requested size: 167.3021pt x 104.47382pt.

Underfull \hbox (badness 10000) in paragraph at lines 705--705
[]\T1/cmr/m/n/12 Abbildung 3.3: |In-ter-pre-ta-ti-on von
 []


Overfull \vbox (2.60004pt too high) has occurred while \output is active []


[102 <./img/wegintegral_erster_1.PNG> <./img/wegintegral_erster_2.PNG>]
<./img/zusammenhaengend.png, id=2622, 1135.99406pt x 174.6525pt>
File: ./img/zusammenhaengend.png Graphic file (type png)
<use ./img/zusammenhaengend.png>
Package pdftex.def Info: ./img/zusammenhaengend.png  used on input line 755.
(pdftex.def)             Requested size: 334.60422pt x 51.44208pt.

Overfull \vbox (2.60004pt too high) has occurred while \output is active []


[103]
<./img/einfach_zusammenhaengend.png, id=2636, 1099.10625pt x 400.49625pt>
File: ./img/einfach_zusammenhaengend.png Graphic file (type png)
<use ./img/einfach_zusammenhaengend.png>
Package pdftex.def Info: ./img/einfach_zusammenhaengend.png  used on input line
 792.
(pdftex.def)             Requested size: 334.60422pt x 121.92201pt.

Overfull \vbox (2.60004pt too high) has occurred while \output is active []


[104 <./img/zusammenhaengend.PNG>]
Overfull \vbox (2.60004pt too high) has occurred while \output is active []


[105 <./img/einfach_zusammenhaengend.PNG>])) (./tex/che/chapter_end.tex
Kapitel 4.
(./tex/che/nachwort.tex)) (./tex/che/litVerz.tex
(./HM12_Kurzzusammenfassung_01.bbl
Overfull \vbox (2.60004pt too high) has occurred while \output is active []


[106

]
Kapitel 5.
LaTeX Font Info:    Try loading font information for T1+cmtt on input line 37.
(/usr/share/texmf-dist/tex/latex/base/t1cmtt.fd
File: t1cmtt.fd 2014/09/29 v2.5h Standard LaTeX font definitions
)
Underfull \hbox (badness 10000) in paragraph at lines 37--37
[]| | \T1/cmr/m/n/12 Wikimedia-Foundation (2018), `Par-ti-ti-on (men-gen-leh-re
)', [][]$\T1/cmtt/m/n/12 https : / / de .
 []


Underfull \hbox (badness 5847) in paragraph at lines 37--37
\T1/cmtt/m/n/12 wikipedia . org / wiki / Partition _ (Mengenlehre)$[][]\T1/cmr/
m/n/12 .  Ac-ces-sed: 2018-04-
 []

))
Package atveryend Info: Empty hook `BeforeClearDocument' on input line 108.

Overfull \vbox (2.60004pt too high) has occurred while \output is active []


[107

]
Package atveryend Info: Empty hook `AfterLastShipout' on input line 108.
 (./HM12_Kurzzusammenfassung_01.aux)
Package atveryend Info: Executing hook `AtVeryEndDocument' on input line 108.
Package atveryend Info: Executing hook `AtEndAfterFileList' on input line 108.
Package rerunfilecheck Info: File `HM12_Kurzzusammenfassung_01.out' has not cha
nged.
(rerunfilecheck)             Checksum: E6F30A8AE8B401E6D4951B1EE406563F;22187.


LaTeX Warning: There were multiply-defined labels.

 ) 
Here is how much of TeX's memory you used:
 25221 strings out of 492616
 447770 string characters out of 6135177
 619129 words of memory out of 5000000
 27683 multiletter control sequences out of 15000+600000
 563176 words of font info for 115 fonts, out of 8000000 for 9000
 1141 hyphenation exceptions out of 8191
 40i,19n,63p,867b,969s stack positions out of 5000i,500n,10000p,200000b,80000s
pdfTeX warning (dest): name{satz.408} has been referenced but does not exist,
 replaced by a fixed one

{/usr/share/texmf-dist/fonts/enc/dvips/cm-super/cm-super-t1.enc}</usr/share/tex
mf-dist/fonts/type1/public/amsfonts/cm/cmex10.pfb></usr/share/texmf-dist/fonts/
type1/public/amsfonts/cm/cmmi12.pfb></usr/share/texmf-dist/fonts/type1/public/a
msfonts/cm/cmmi6.pfb></usr/share/texmf-dist/fonts/type1/public/amsfonts/cm/cmmi
8.pfb></usr/share/texmf-dist/fonts/type1/public/amsfonts/cm/cmr10.pfb></usr/sha
re/texmf-dist/fonts/type1/public/amsfonts/cm/cmr12.pfb></usr/share/texmf-dist/f
onts/type1/public/amsfonts/cm/cmr6.pfb></usr/share/texmf-dist/fonts/type1/publi
c/amsfonts/cm/cmr8.pfb></usr/share/texmf-dist/fonts/type1/public/amsfonts/cm/cm
sy10.pfb></usr/share/texmf-dist/fonts/type1/public/amsfonts/cm/cmsy6.pfb></usr/
share/texmf-dist/fonts/type1/public/amsfonts/cm/cmsy8.pfb></usr/share/texmf-dis
t/fonts/type1/public/amsfonts/latxfont/lcircle1.pfb></usr/share/texmf-dist/font
s/type1/public/amsfonts/symbols/msam10.pfb></usr/share/texmf-dist/fonts/type1/p
ublic/amsfonts/symbols/msbm10.pfb></usr/share/texmf-dist/fonts/type1/public/cm-
super/sfbi1200.pfb></usr/share/texmf-dist/fonts/type1/public/cm-super/sfbx1200.
pfb></usr/share/texmf-dist/fonts/type1/public/cm-super/sfbx1440.pfb></usr/share
/texmf-dist/fonts/type1/public/cm-super/sfbx1728.pfb></usr/share/texmf-dist/fon
ts/type1/public/cm-super/sfbx2488.pfb></usr/share/texmf-dist/fonts/type1/public
/cm-super/sfrm0800.pfb></usr/share/texmf-dist/fonts/type1/public/cm-super/sfrm1
200.pfb></usr/share/texmf-dist/fonts/type1/public/cm-super/sfrm1440.pfb></usr/s
hare/texmf-dist/fonts/type1/public/cm-super/sfrm2074.pfb></usr/share/texmf-dist
/fonts/type1/public/cm-super/sfsl1200.pfb></usr/share/texmf-dist/fonts/type1/pu
blic/cm-super/sfti0800.pfb></usr/share/texmf-dist/fonts/type1/public/cm-super/s
fti1200.pfb></usr/share/texmf-dist/fonts/type1/public/cm-super/sftt1200.pfb>
Output written on HM12_Kurzzusammenfassung_01.pdf (108 pages, 5480143 bytes).
PDF statistics:
 2968 PDF objects out of 2984 (max. 8388607)
 2656 compressed objects within 27 object streams
 983 named destinations out of 1000 (max. 500000)
 2352 words of extra memory for PDF output out of 10000 (max. 10000000)

