\BOOKMARK [1][]{Doc-Start}{Abbildungsverzeichnis}{}% 1
\BOOKMARK [1][]{section.1}{1 Allgemeines}{}% 2
\BOOKMARK [2][]{subsection.2}{1.1 Trigonometrie}{section.1}% 3
\BOOKMARK [3][]{subsubsection.3}{1.1.1 Winkelfunktionen}{subsection.2}% 4
\BOOKMARK [4][]{paragraph.7}{1.1.1.1 Wichtige Werte}{subsubsection.3}% 5
\BOOKMARK [3][]{subsubsection.8}{1.1.2 Sinussatz}{subsection.2}% 6
\BOOKMARK [3][]{subsubsection.10}{1.1.3 Cosinussatz}{subsection.2}% 7
\BOOKMARK [3][]{subsubsection.14}{1.1.4 Tangenssatz}{subsection.2}% 8
\BOOKMARK [3][]{subsubsection.16}{1.1.5 Umwandlung}{subsection.2}% 9
\BOOKMARK [3][]{subsubsection.21}{1.1.6 Additionstheoreme}{subsection.2}% 10
\BOOKMARK [3][]{subsubsection.30}{1.1.7 Folgerungen aus den Additionstheoremen}{subsection.2}% 11
\BOOKMARK [1][]{section.39}{2 Zahlen}{}% 12
\BOOKMARK [2][]{subsection.40}{2.1 Zahlbereiche}{section.39}% 13
\BOOKMARK [3][]{subsubsection.41}{2.1.1 Nat\374rliche Zahlen}{subsection.40}% 14
\BOOKMARK [3][]{subsubsection.42}{2.1.2 Ganze Zahlen}{subsection.40}% 15
\BOOKMARK [3][]{subsubsection.43}{2.1.3 Rationale Zahlen}{subsection.40}% 16
\BOOKMARK [3][]{subsubsection.44}{2.1.4 Reelle Zahlen}{subsection.40}% 17
\BOOKMARK [3][]{subsubsection.45}{2.1.5 Komplexe Zahlen}{subsection.40}% 18
\BOOKMARK [2][]{subsection.46}{2.2 Algebraische Strukturen}{section.39}% 19
\BOOKMARK [3][]{subsubsection.47}{2.2.1 Gruppe}{subsection.46}% 20
\BOOKMARK [4][]{paragraph.49}{2.2.1.1 Gruppenaxiome}{subsubsection.47}% 21
\BOOKMARK [3][]{subsubsection.54}{2.2.2 Ring}{subsection.46}% 22
\BOOKMARK [3][]{subsubsection.56}{2.2.3 K\366rper}{subsection.46}% 23
\BOOKMARK [4][]{paragraph.58}{2.2.3.1 K\366rperaxiome}{subsubsection.56}% 24
\BOOKMARK [2][]{subsection.61}{2.3 Komplexe Zahlen}{section.39}% 25
\BOOKMARK [3][]{subsubsection.66}{2.3.1 Betrag der komplexen Zahl}{subsection.61}% 26
\BOOKMARK [4][]{paragraph.68}{2.3.1.1 Eigenschaften}{subsubsection.66}% 27
\BOOKMARK [3][]{subsubsection.73}{2.3.2 Komplex konjugierte Zahl}{subsection.61}% 28
\BOOKMARK [4][]{paragraph.75}{2.3.2.1 Eigenschaften}{subsubsection.73}% 29
\BOOKMARK [3][]{subsubsection.80}{2.3.3 Polarkoordinatendarstellung}{subsection.61}% 30
\BOOKMARK [3][]{subsubsection.84}{2.3.4 Multiplikation}{subsection.61}% 31
\BOOKMARK [3][]{subsubsection.88}{2.3.5 Formel von de Moivre}{subsection.61}% 32
\BOOKMARK [2][]{subsection.94}{2.4 Polynome}{section.39}% 33
\BOOKMARK [3][]{subsubsection.97}{2.4.1 Fundamentalsatz der Algebra}{subsection.94}% 34
\BOOKMARK [3][]{subsubsection.99}{2.4.2 Polynomdivision}{subsection.94}% 35
\BOOKMARK [2][]{subsection.103}{2.5 Einheitswurzeln}{section.39}% 36
\BOOKMARK [1][]{section.105}{3 Lineare skalare Differentialgleichungen mit konstanten Koeffizienzen}{}% 37
\BOOKMARK [2][]{subsection.107}{3.1 Ans\344tze}{section.105}% 38
\BOOKMARK [2][]{subsection.115}{3.2 Vorgehensweise}{section.105}% 39
\BOOKMARK [3][]{subsubsection.116}{3.2.1 Anfangswertproblem}{subsection.115}% 40
\BOOKMARK [3][]{subsubsection.117}{3.2.2 Inhomogenit\344t}{subsection.115}% 41
\BOOKMARK [1][]{section.119}{4 Lineare Gleichungssysteme}{}% 42
\BOOKMARK [2][]{subsection.120}{4.1 Gauss Algorithmus}{section.119}% 43
\BOOKMARK [3][]{subsubsection.123}{4.1.1 L\366\337barkeit}{subsection.120}% 44
\BOOKMARK [1][]{section.124}{5 Analytische Geometrie}{}% 45
\BOOKMARK [2][]{subsection.125}{5.1 Dreidimensionaler Raum}{section.124}% 46
\BOOKMARK [3][]{subsubsection.127}{5.1.1 Abstand}{subsection.125}% 47
\BOOKMARK [3][]{subsubsection.129}{5.1.2 Vektoren}{subsection.125}% 48
\BOOKMARK [3][]{subsubsection.135}{5.1.3 Skalarprodukt}{subsection.125}% 49
\BOOKMARK [3][]{subsubsection.140}{5.1.4 Vektor- bzw. Kreuzprodukt}{subsection.125}% 50
\BOOKMARK [3][]{subsubsection.146}{5.1.5 Spatprodukt}{subsection.125}% 51
\BOOKMARK [2][]{subsection.149}{5.2 Geraden im R2}{section.124}% 52
\BOOKMARK [3][]{subsubsection.150}{5.2.1 Parameterdarstellung}{subsection.149}% 53
\BOOKMARK [3][]{subsubsection.153}{5.2.2 Darstellung in Gleichungs- bzw. Normalform}{subsection.149}% 54
\BOOKMARK [3][]{subsubsection.156}{5.2.3 Hessesche Normalform}{subsection.149}% 55
\BOOKMARK [3][]{subsubsection.158}{5.2.4 Minimaler Abstand}{subsection.149}% 56
\BOOKMARK [3][]{subsubsection.160}{5.2.5 Abstand eines Punktes zur Gerade}{subsection.149}% 57
\BOOKMARK [2][]{subsection.162}{5.3 Geraden und Ebenen im R3}{section.124}% 58
\BOOKMARK [3][]{subsubsection.163}{5.3.1 Parameterdarstellung einer Geraden im R3}{subsection.162}% 59
\BOOKMARK [3][]{subsubsection.165}{5.3.2 Koordinatendarstellung einer Geraden im R3}{subsection.162}% 60
\BOOKMARK [3][]{subsubsection.166}{5.3.3 Parameterdarstellung einer Ebene im R3}{subsection.162}% 61
\BOOKMARK [3][]{subsubsection.168}{5.3.4 Gleichungsdarstellung bzw. Hessesche Normalform einer Ebene im R3}{subsection.162}% 62
\BOOKMARK [2][]{subsection.172}{5.4 Schnitte}{section.124}% 63
\BOOKMARK [3][]{subsubsection.173}{5.4.1 Schnitt zweier Ebenen}{subsection.172}% 64
\BOOKMARK [3][]{subsubsection.175}{5.4.2 Schnitt einer Gerade mit einer Ebene}{subsection.172}% 65
\BOOKMARK [3][]{subsubsection.176}{5.4.3 Schnitt zweier Geraden im R3}{subsection.172}% 66
\BOOKMARK [3][]{subsubsection.177}{5.4.4 Abstand zweier Geraden im R3}{subsection.172}% 67
\BOOKMARK [1][]{section.179}{6 Logik und Beweise}{}% 68
\BOOKMARK [2][]{subsection.180}{6.1 Wahrheitswerte}{section.179}% 69
\BOOKMARK [3][]{subsubsection.183}{6.1.1 Tautologien}{subsection.180}% 70
\BOOKMARK [3][]{subsubsection.184}{6.1.2 Umformungen}{subsection.180}% 71
\BOOKMARK [2][]{subsection.186}{6.2 Vollst\344ndige Induktion}{section.179}% 72
\BOOKMARK [3][]{subsubsection.187}{6.2.1 Vorgehen}{subsection.186}% 73
\BOOKMARK [3][]{subsubsection.188}{6.2.2 Beispiel 1}{subsection.186}% 74
\BOOKMARK [2][]{subsection.189}{6.3 Binomialkoeffizienten}{section.179}% 75
\BOOKMARK [1][]{section.196}{7 Mengen, Relationen und Abbildungen}{}% 76
\BOOKMARK [2][]{subsection.198}{7.1 Arten von Mengen}{section.196}% 77
\BOOKMARK [3][]{subsubsection.203}{7.1.1 Abk\374rzungen}{subsection.198}% 78
\BOOKMARK [2][]{subsection.204}{7.2 Relationen}{section.196}% 79
\BOOKMARK [3][]{subsubsection.206}{7.2.1 \304quivalenzrelationen}{subsection.204}% 80
\BOOKMARK [3][]{subsubsection.209}{7.2.2 Ordnungsrelationen}{subsection.204}% 81
\BOOKMARK [2][]{subsection.214}{7.3 Maximum, Minimum, Supremum, Infimum}{section.196}% 82
\BOOKMARK [2][]{subsection.225}{7.4 Abbildungen}{section.196}% 83
\BOOKMARK [2][]{subsection.227}{7.5 Unendlichkeit}{section.196}% 84
\BOOKMARK [2][]{subsection.231}{7.6 Elementare realwertige Funktionen}{section.196}% 85
\BOOKMARK [3][]{subsubsection.232}{7.6.1 Algebraische Funktionen}{subsection.231}% 86
\BOOKMARK [4][]{paragraph.233}{7.6.1.1 Polynome \(+,-,\)}{subsubsection.232}% 87
\BOOKMARK [4][]{paragraph.237}{7.6.1.2 Rationale Funktionen \(+,-,, "026E30F \)}{subsubsection.232}% 88
\BOOKMARK [4][]{paragraph.240}{7.6.1.3 n-te Wurzel}{subsubsection.232}% 89
\BOOKMARK [3][]{subsubsection.243}{7.6.2 Transzendentale Funktionen}{subsection.231}% 90
\BOOKMARK [4][]{paragraph.244}{7.6.2.1 Exponentialfunktionen}{subsubsection.243}% 91
\BOOKMARK [4][]{paragraph.247}{7.6.2.2 Unendliche Summen}{subsubsection.243}% 92
\BOOKMARK [4][]{paragraph.248}{7.6.2.3 \(Nat\374rlicher\) Logarithmus}{subsubsection.243}% 93
\BOOKMARK [4][]{paragraph.252}{7.6.2.4 Trigonometrische Funktionen}{subsubsection.243}% 94
\BOOKMARK [4][]{paragraph.257}{7.6.2.5 Weitere trigonometrische Funktionen}{subsubsection.243}% 95
\BOOKMARK [4][]{paragraph.260}{7.6.2.6 Hyperbolische Funktionen}{subsubsection.243}% 96
\BOOKMARK [1][]{section.269}{8 Konvergente Folgen}{}% 97
\BOOKMARK [2][]{subsection.271}{8.1 Vergleich expliziter und rekursiver Darstellung}{section.269}% 98
\BOOKMARK [2][]{subsection.272}{8.2 Definitionen -N-Kriterium/Konvergenzkriterium}{section.269}% 99
\BOOKMARK [2][]{subsection.280}{8.3 Ausdr\374cke mit Br\374chen}{section.269}% 100
\BOOKMARK [2][]{subsection.281}{8.4 Dreiecksungleichung}{section.269}% 101
\BOOKMARK [2][]{subsection.284}{8.5 Beschr\344nktheit}{section.269}% 102
\BOOKMARK [2][]{subsection.287}{8.6 Grenzwerts\344tze}{section.269}% 103
\BOOKMARK [3][]{subsubsection.297}{8.6.1 Beispiele wichtiger Grenzwerte}{subsection.287}% 104
\BOOKMARK [2][]{subsection.298}{8.7 Konvergenzs\344tze}{section.269}% 105
\BOOKMARK [2][]{subsection.300}{8.8 Monotene Folgen}{section.269}% 106
\BOOKMARK [3][]{subsubsection.305}{8.8.1 Intervallschachtelung}{subsection.300}% 107
\BOOKMARK [1][]{section.307}{9 Ableitung}{}% 108
\BOOKMARK [2][]{subsection.308}{9.1 Differenzenquotient/Differentialquotient}{section.307}% 109
\BOOKMARK [2][]{subsection.317}{9.2 Stetigkeit}{section.307}% 110
\BOOKMARK [2][]{subsection.323}{9.3 Wichtige Ableitungen}{section.307}% 111
\BOOKMARK [2][]{subsection.329}{9.4 Ableitungsregeln}{section.307}% 112
\BOOKMARK [2][]{subsection.337}{9.5 Mittelwerts\344tze}{section.307}% 113
\BOOKMARK [2][]{subsection.343}{9.6 Monotonie}{section.307}% 114
\BOOKMARK [2][]{subsection.345}{9.7 Das Prinzip von l'Hospital}{section.307}% 115
\BOOKMARK [1][]{section.349}{10 Taylorpolynome}{}% 116
\BOOKMARK [1][]{section.355}{11 Reihen}{}% 117
\BOOKMARK [2][]{subsection.356}{11.1 Satz von Bolzano-Weierstra\337 \(Kompaktheitssatz\)}{section.355}% 118
\BOOKMARK [2][]{subsection.363}{11.2 H\344ufungspunkte}{section.355}% 119
\BOOKMARK [2][]{subsection.365}{11.3 Cauchy-Folgen}{section.355}% 120
\BOOKMARK [2][]{subsection.372}{11.4 Reihen reeller Zahlen}{section.355}% 121
\BOOKMARK [3][]{subsubsection.377}{11.4.1 Wichtige Reihen}{subsection.372}% 122
\BOOKMARK [3][]{subsubsection.382}{11.4.2 Konvergenzen und Divergenzen ausgew\344hlter Reihen}{subsection.372}% 123
\BOOKMARK [3][]{subsubsection.384}{11.4.3 Leibnizkriterium f\374r alternierende Reihen}{subsection.372}% 124
\BOOKMARK [2][]{subsection.386}{11.5 Absolut konvergente Reihen}{section.355}% 125
\BOOKMARK [3][]{subsubsection.389}{11.5.1 Konvergenzkriterien}{subsection.386}% 126
\BOOKMARK [2][]{subsection.397}{11.6 Umordnung von Reihen}{section.355}% 127
\BOOKMARK [2][]{subsection.402}{11.7 Potenzreihen}{section.355}% 128
\BOOKMARK [3][]{subsubsection.404}{11.7.1 Taylorreihe}{subsection.402}% 129
\BOOKMARK [3][]{subsubsection.409}{11.7.2 Konvergenz der Potenzreihen}{subsection.402}% 130
\BOOKMARK [1][]{section.419}{12 Stetigkeit}{}% 131
\BOOKMARK [2][]{subsection.425}{12.1 Arten von Unstetigkeiten}{section.419}% 132
\BOOKMARK [2][]{subsection.432}{12.2 Nullstellensatz und Zwischenwertsatz}{section.419}% 133
\BOOKMARK [3][]{subsubsection.435}{12.2.1 S\344tze zu Stetigkeit und Monotonie}{subsection.432}% 134
\BOOKMARK [1][]{section.449}{13 Extremalprobleme}{}% 135
\BOOKMARK [1][]{section.453}{14 Funktionenfolgen}{}% 136
\BOOKMARK [1][]{section.463}{15 Nachwort}{}% 137
\BOOKMARK [1][]{section.464}{16 Literatur}{}% 138
