\BOOKMARK [1][]{Doc-Start}{Abbildungsverzeichnis}{}% 1
\BOOKMARK [1][]{section.1}{1 Allgemeines}{}% 2
\BOOKMARK [2][]{subsection.2}{1.1 Trigonometrie}{section.1}% 3
\BOOKMARK [3][]{subsubsection.3}{1.1.1 Winkelfunktionen}{subsection.2}% 4
\BOOKMARK [4][]{paragraph.7}{1.1.1.1 Wichtige Werte}{subsubsection.3}% 5
\BOOKMARK [3][]{subsubsection.8}{1.1.2 Sinussatz}{subsection.2}% 6
\BOOKMARK [3][]{subsubsection.10}{1.1.3 Cosinussatz}{subsection.2}% 7
\BOOKMARK [3][]{subsubsection.14}{1.1.4 Tangenssatz}{subsection.2}% 8
\BOOKMARK [3][]{subsubsection.16}{1.1.5 Umwandlung}{subsection.2}% 9
\BOOKMARK [3][]{subsubsection.22}{1.1.6 Additionstheoreme}{subsection.2}% 10
\BOOKMARK [3][]{subsubsection.31}{1.1.7 Folgerungen aus den Additionstheoremen}{subsection.2}% 11
\BOOKMARK [1][]{section.40}{2 Integralberechnung}{}% 12
\BOOKMARK [2][]{subsection.41}{2.1 Unbestimmtes Integral}{section.40}% 13
\BOOKMARK [2][]{subsection.43}{2.2 Bestimmtes Integral}{section.40}% 14
\BOOKMARK [2][]{subsection.45}{2.3 Partielle Integration}{section.40}% 15
\BOOKMARK [2][]{subsection.47}{2.4 Integration durch Substitution}{section.40}% 16
\BOOKMARK [3][]{subsubsection.49}{2.4.1 Spezialfall}{subsection.47}% 17
\BOOKMARK [2][]{subsection.51}{2.5 Gerade/Ungerade Funktionen}{section.40}% 18
\BOOKMARK [2][]{subsection.53}{2.6 Allgemeines zur Integration}{section.40}% 19
\BOOKMARK [3][]{subsubsection.54}{2.6.1 Riemann Integrierbarkeit}{subsection.53}% 20
\BOOKMARK [4][]{paragraph.55}{2.6.1.1 Riemannsches Unterintegral}{subsubsection.54}% 21
\BOOKMARK [4][]{paragraph.57}{2.6.1.2 Riemannsches Oberintegral}{subsubsection.54}% 22
\BOOKMARK [4][]{paragraph.60}{2.6.1.3 Riemannsche Untersumme}{subsubsection.54}% 23
\BOOKMARK [4][]{paragraph.62}{2.6.1.4 Riemannsche Obersumme}{subsubsection.54}% 24
\BOOKMARK [4][]{paragraph.64}{2.6.1.5 Eigenschaften}{subsubsection.54}% 25
\BOOKMARK [4][]{paragraph.73}{2.6.1.6 Kriterien zur Riemann-Integrierbarkeit}{subsubsection.54}% 26
\BOOKMARK [3][]{subsubsection.77}{2.6.2 MWS der Integralrechnung}{subsection.53}% 27
\BOOKMARK [3][]{subsubsection.78}{2.6.3 Hauptsatz der Differential- und Integralrechnung}{subsection.53}% 28
\BOOKMARK [4][]{paragraph.79}{2.6.3.1 Folgerungen}{subsubsection.78}% 29
\BOOKMARK [2][]{subsection.82}{2.7 Partialbruchzerlegung}{section.40}% 30
\BOOKMARK [2][]{subsection.86}{2.8 Uneigentliche Integrale}{section.40}% 31
\BOOKMARK [3][]{subsubsection.91}{2.8.1 Typen uneigentlicher Integrale}{subsection.86}% 32
\BOOKMARK [2][]{subsection.95}{2.9 Wichtige Integrale}{section.40}% 33
\BOOKMARK [2][]{subsection.108}{2.10 Separierbare DGL}{section.40}% 34
\BOOKMARK [3][]{subsubsection.109}{2.10.1 Wiederholung klassische DGL}{subsection.108}% 35
\BOOKMARK [3][]{subsubsection.110}{2.10.2 L\366sen von DGL mit Koeffizienten die von t abh\344ngig sind}{subsection.108}% 36
\BOOKMARK [1][]{section.113}{3 Lineare Algebra}{}% 37
\BOOKMARK [2][]{subsection.114}{3.1 Definitionen}{section.113}% 38
\BOOKMARK [3][]{subsubsection.115}{3.1.1 Linearkombinationen}{subsection.114}% 39
\BOOKMARK [3][]{subsubsection.117}{3.1.2 Spann und Erzeugendensystem}{subsection.114}% 40
\BOOKMARK [3][]{subsubsection.121}{3.1.3 Lineare Unabh\344ngigkeit}{subsection.114}% 41
\BOOKMARK [3][]{subsubsection.125}{3.1.4 Basis}{subsection.114}% 42
\BOOKMARK [3][]{subsubsection.128}{3.1.5 Kanonische Basis}{subsection.114}% 43
\BOOKMARK [2][]{subsection.130}{3.2 Vektorr\344ume}{section.113}% 44
\BOOKMARK [3][]{subsubsection.131}{3.2.1 Definitionen}{subsection.130}% 45
\BOOKMARK [4][]{paragraph.132}{3.2.1.1 Rd}{subsubsection.131}% 46
\BOOKMARK [4][]{paragraph.134}{3.2.1.2 Vektoraddition}{subsubsection.131}% 47
\BOOKMARK [4][]{paragraph.136}{3.2.1.3 Skalare Multiplikation}{subsubsection.131}% 48
\BOOKMARK [4][]{paragraph.138}{3.2.1.4 Nullvektor}{subsubsection.131}% 49
\BOOKMARK [3][]{subsubsection.140}{3.2.2 Struktur}{subsection.130}% 50
\BOOKMARK [3][]{subsubsection.144}{3.2.3 Untervektorraum}{subsection.130}% 51
\BOOKMARK [4][]{paragraph.146}{3.2.3.1 Untervektorraumkriterien}{subsubsection.144}% 52
\BOOKMARK [4][]{paragraph.149}{3.2.3.2 Triviale UVR von V}{subsubsection.144}% 53
\BOOKMARK [4][]{paragraph.150}{3.2.3.3 Interessante Untervektorr\344ume}{subsubsection.144}% 54
\BOOKMARK [2][]{subsection.151}{3.3 Erzeugendensystem, Basis, Dimension, Kern lineare Unabh\344ngigkeit}{section.113}% 55
\BOOKMARK [3][]{subsubsection.152}{3.3.1 Linearkombination, Spann}{subsection.151}% 56
\BOOKMARK [3][]{subsubsection.156}{3.3.2 Lineare Unabh\344ngigkeit}{subsection.151}% 57
\BOOKMARK [3][]{subsubsection.160}{3.3.3 Dimension}{subsection.151}% 58
\BOOKMARK [3][]{subsubsection.163}{3.3.4 Kern}{subsection.151}% 59
\BOOKMARK [3][]{subsubsection.166}{3.3.5 Rang}{subsection.151}% 60
\BOOKMARK [3][]{subsubsection.168}{3.3.6 Basis}{subsection.151}% 61
\BOOKMARK [4][]{paragraph.171}{3.3.6.1 Folgerungen}{subsubsection.168}% 62
\BOOKMARK [4][]{paragraph.177}{3.3.6.2 Matrixdarstellung einer linearen Abbildung bez\374glich zweier Basen}{subsubsection.168}% 63
\BOOKMARK [2][]{subsection.179}{3.4 L\366sungsmengen linearer Gleichungssysteme}{section.113}% 64
\BOOKMARK [3][]{subsubsection.181}{3.4.1 Zeilenvektoren}{subsection.179}% 65
\BOOKMARK [3][]{subsubsection.183}{3.4.2 Gauss Algorithmus}{subsection.179}% 66
\BOOKMARK [3][]{subsubsection.186}{3.4.3 Gauss-Algorithmus: Spann}{subsection.179}% 67
\BOOKMARK [3][]{subsubsection.188}{3.4.4 Gauss-Algorithmus: Dimension, Rang}{subsection.179}% 68
\BOOKMARK [3][]{subsubsection.190}{3.4.5 Folgerungen}{subsection.179}% 69
\BOOKMARK [2][]{subsection.196}{3.5 Lineare Abbildungen und Matrizen}{section.113}% 70
\BOOKMARK [3][]{subsubsection.203}{3.5.1 Das Matrizenkalk\374l}{subsection.196}% 71
\BOOKMARK [3][]{subsubsection.207}{3.5.2 Rechenregeln}{subsection.196}% 72
\BOOKMARK [3][]{subsubsection.213}{3.5.3 Einheitsmatrix}{subsection.196}% 73
\BOOKMARK [3][]{subsubsection.216}{3.5.4 Inverse Matrix}{subsection.196}% 74
\BOOKMARK [4][]{paragraph.218}{3.5.4.1 Bestimmung der Inversen bei nxn Matrizen}{subsubsection.216}% 75
\BOOKMARK [4][]{paragraph.219}{3.5.4.2 Inverse bei 2x2 Matrizen}{subsubsection.216}% 76
\BOOKMARK [3][]{subsubsection.221}{3.5.5 Symmetrische Matrizen}{subsection.196}% 77
\BOOKMARK [3][]{subsubsection.223}{3.5.6 Schiefsymmetrische Matrizen}{subsection.196}% 78
\BOOKMARK [3][]{subsubsection.227}{3.5.7 Hermitesche Matrizen}{subsection.196}% 79
\BOOKMARK [3][]{subsubsection.229}{3.5.8 Transposition}{subsection.196}% 80
\BOOKMARK [2][]{subsection.231}{3.6 Determinanten}{section.113}% 81
\BOOKMARK [3][]{subsubsection.234}{3.6.1 Bestimmung der Determinanten}{subsection.231}% 82
\BOOKMARK [4][]{paragraph.235}{3.6.1.1 Determinante einer 2x2 Matrix}{subsubsection.234}% 83
\BOOKMARK [4][]{paragraph.237}{3.6.1.2 Determinante einer 3x3 Matrix}{subsubsection.234}% 84
\BOOKMARK [4][]{paragraph.239}{3.6.1.3 Determinante einer Matrix > 3x3}{subsubsection.234}% 85
\BOOKMARK [2][]{subsection.241}{3.7 Eigenwerttheorie}{section.113}% 86
\BOOKMARK [3][]{subsubsection.246}{3.7.1 Bestimmung der Eigenwerte und Eigenvektoren}{subsection.241}% 87
\BOOKMARK [3][]{subsubsection.252}{3.7.2 Basis des Eigenraumes bestimmen}{subsection.241}% 88
\BOOKMARK [3][]{subsubsection.255}{3.7.3 Orthonormalbasis des Eigenraumes bestimmen \(Gram Schmidt\)}{subsection.241}% 89
\BOOKMARK [3][]{subsubsection.261}{3.7.4 Projektion}{subsection.241}% 90
\BOOKMARK [2][]{subsection.264}{3.8 Differentialgleichungssysteme}{section.113}% 91
\BOOKMARK [2][]{subsection.265}{3.9 Quadriken bestimmen}{section.113}% 92
\BOOKMARK [3][]{subsubsection.266}{3.9.1 Methode}{subsection.265}% 93
\BOOKMARK [3][]{subsubsection.267}{3.9.2 Normalformen von Quadriken im R2}{subsection.265}% 94
\BOOKMARK [3][]{subsubsection.271}{3.9.3 Normalformen von Quadriken im R3}{subsection.265}% 95
\BOOKMARK [2][]{subsection.277}{3.10 \304quivalenzaussagen}{section.113}% 96
\BOOKMARK [1][]{section.279}{4 Mehrdimensionale Analysis}{}% 97
\BOOKMARK [2][]{subsection.280}{4.1 Partielle Ableitung}{section.279}% 98
\BOOKMARK [3][]{subsubsection.287}{4.1.1 Gradient und Nabla Operator}{subsection.280}% 99
\BOOKMARK [3][]{subsubsection.295}{4.1.2 Jacobi Matrix}{subsection.280}% 100
\BOOKMARK [2][]{subsection.298}{4.2 Richtungsableitung}{section.279}% 101
\BOOKMARK [2][]{subsection.307}{4.3 Mehrdimensionale Kettenregel}{section.279}% 102
\BOOKMARK [2][]{subsection.311}{4.4 Wichtige Operatoren}{section.279}% 103
\BOOKMARK [3][]{subsubsection.312}{4.4.1 Divergenz}{subsection.311}% 104
\BOOKMARK [3][]{subsubsection.315}{4.4.2 Laplace-Operator}{subsection.311}% 105
\BOOKMARK [3][]{subsubsection.318}{4.4.3 Rotation}{subsection.311}% 106
\BOOKMARK [2][]{subsection.321}{4.5 Lemma von Schwarz}{section.279}% 107
\BOOKMARK [2][]{subsection.325}{4.6 Taylorscher Satz}{section.279}% 108
\BOOKMARK [3][]{subsubsection.326}{4.6.1 Wiederholung eindimensionaler Taylorscher Satz}{subsection.325}% 109
\BOOKMARK [3][]{subsubsection.328}{4.6.2 Mehrdimensionaler Mittelwertsatz}{subsection.325}% 110
\BOOKMARK [3][]{subsubsection.332}{4.6.3 Mehrdimensionaler Taylorscher Satz}{subsection.325}% 111
\BOOKMARK [3][]{subsubsection.343}{4.6.4 Wichtige 1-dim Reihen}{subsection.325}% 112
\BOOKMARK [2][]{subsection.348}{4.7 Mehrdimensionale Extremwertaufgaben}{section.279}% 113
\BOOKMARK [3][]{subsubsection.353}{4.7.1 Hesse Matrix}{subsection.348}% 114
\BOOKMARK [3][]{subsubsection.363}{4.7.2 Untersuchung nach Extremwerten}{subsection.348}% 115
\BOOKMARK [2][]{subsection.364}{4.8 Satz \374ber implizite Funktionen}{section.279}% 116
\BOOKMARK [3][]{subsubsection.366}{4.8.1 Satz \374ber implizite Funktionen f\374r Gleichungssysteme}{subsection.364}% 117
\BOOKMARK [4][]{paragraph.369}{4.8.1.1 Vorgehen f\374r die Konstruktion einer Tangente}{subsubsection.366}% 118
\BOOKMARK [4][]{paragraph.370}{4.8.1.2 Anwenden des Satzes}{subsubsection.366}% 119
\BOOKMARK [4][]{paragraph.371}{4.8.1.3 Vorgehen f\374r Systeme}{subsubsection.366}% 120
\BOOKMARK [2][]{subsection.372}{4.9 Fixpunktsatz}{section.279}% 121
\BOOKMARK [2][]{subsection.375}{4.10 Extremwertaufgaben mit Nebenbedingungen}{section.279}% 122
\BOOKMARK [3][]{subsubsection.376}{4.10.1 Lagrangemultiplikatoren}{subsection.375}% 123
\BOOKMARK [2][]{subsection.380}{4.11 Kurven und Bogenl\344ngen}{section.279}% 124
\BOOKMARK [3][]{subsubsection.381}{4.11.1 Kurve}{subsection.380}% 125
\BOOKMARK [3][]{subsubsection.384}{4.11.2 L\344nge von Kurven}{subsection.380}% 126
\BOOKMARK [3][]{subsubsection.394}{4.11.3 Fl\344chen geschlossener ebener Kurven}{subsection.380}% 127
\BOOKMARK [2][]{subsection.396}{4.12 Wegintegrale}{section.279}% 128
\BOOKMARK [3][]{subsubsection.397}{4.12.1 Wegintegral erster Art}{subsection.396}% 129
\BOOKMARK [3][]{subsubsection.404}{4.12.2 Wegintegrale zweiter Art}{subsection.396}% 130
\BOOKMARK [3][]{subsubsection.415}{4.12.3 Potential}{subsection.396}% 131
\BOOKMARK [4][]{paragraph.421}{4.12.3.1 Berechnung von Potentialen}{subsubsection.415}% 132
\BOOKMARK [1][]{section.425}{5 Literatur}{}% 133
